DEBUG: [SSL] Init: Seeding RNG OK
DEBUG: [SSL] Init: Certificate Parse OK
DEBUG: [SSL] Init: Certificate Parse OK
DEBUG: [SSL] Init: Private Key Parse OK
DEBUG: [SSL] Init: Config defaults OK
DEBUG: [SSL] Init: SSL Setup OK
INFO: [NWK] Create WiFi TX socket
INFO: [NWK] connect WiFi TX socket
INFO: [NWK] connect WiFi TX socket: OK
DEBUG: [SSl] Setting SSL Transport layer to WiFi
ssl_tls.c:8081: => handshake
ssl_cli.c:3500: client state: 0
ssl_tls.c:2754: => flush output
ssl_tls.c:2766: <= flush output
ssl_cli.c:3500: client state: 1
ssl_tls.c:2754: => flush output
ssl_tls.c:2766: <= flush output
ssl_cli.c:0774: => write client hello
ssl_cli.c:0811: client hello, max version: [3:3]
ssl_cli.c:0821: dumping 'client hello, random bytes' (32 bytes)
ssl_cli.c:0821: 0000:  85 06 5f a7 37 78 08 d9 4b e0 91 a8 e5 b4 57 24  .._.7x..K.....W$
ssl_cli.c:0821: 0010:  a1 77 23 40 1c 34 45 53 4e 9e 53 80 31 f2 28 ff  .w#@.4ESN.S.1.(.
ssl_cli.c:0874: client hello, session id len.: 0
ssl_cli.c:0875: dumping 'client hello, session id' (0 bytes)
ssl_cli.c:0921: client hello, add ciphersuite: c0ad
ssl_cli.c:0921: client hello, add ciphersuite: c09f
ssl_cli.c:0921: client hello, add ciphersuite: c024
ssl_cli.c:0921: client hello, add ciphersuite: c028
ssl_cli.c:0921: client hello, add ciphersuite: 006b
ssl_cli.c:0921: client hello, add ciphersuite: c00a
ssl_cli.c:0921: client hello, add ciphersuite: c014
ssl_cli.c:0921: client hello, add ciphersuite: 0039
ssl_cli.c:0921: client hello, add ciphersuite: c0af
ssl_cli.c:0921: client hello, add ciphersuite: c0a3
ssl_cli.c:0921: client hello, add ciphersuite: c073
ssl_cli.c:0921: client hello, add ciphersuite: c077
ssl_cli.c:0921: client hello, add ciphersuite: 00c4
ssl_cli.c:0921: client hello, add ciphersuite: 0088
ssl_cli.c:0921: client hello, add ciphersuite: c0ac
ssl_cli.c:0921: client hello, add ciphersuite: c09e
ssl_cli.c:0921: client hello, add ciphersuite: c023
ssl_cli.c:0921: client hello, add ciphersuite: c027
ssl_cli.c:0921: client hello, add ciphersuite: 0067
ssl_cli.c:0921: client hello, add ciphersuite: c009
ssl_cli.c:0921: client hello, add ciphersuite: c013
ssl_cli.c:0921: client hello, add ciphersuite: 0033
ssl_cli.c:0921: client hello, add ciphersuite: c0ae
ssl_cli.c:0921: client hello, add ciphersuite: c0a2
ssl_cli.c:0921: client hello, add ciphersuite: c072
ssl_cli.c:0921: client hello, add ciphersuite: c076
ssl_cli.c:0921: client hello, add ciphersuite: 00be
ssl_cli.c:0921: client hello, add ciphersuite: 0045
ssl_cli.c:0921: client hello, add ciphersuite: c008
ssl_cli.c:0921: client hello, add ciphersuite: c012
ssl_cli.c:0921: client hello, add ciphersuite: 0016
ssl_cli.c:0921: client hello, add ciphersuite: c0a7
ssl_cli.c:0921: client hello, add ciphersuite: c038
ssl_cli.c:0921: client hello, add ciphersuite: 00b3
ssl_cli.c:0921: client hello, add ciphersuite: c036
ssl_cli.c:0921: client hello, add ciphersuite: 0091
ssl_cli.c:0921: client hello, add ciphersuite: c09b
ssl_cli.c:0921: client hello, add ciphersuite: c097
ssl_cli.c:0921: client hello, add ciphersuite: c0ab
ssl_cli.c:0921: client hello, add ciphersuite: c0a6
ssl_cli.c:0921: client hello, add ciphersuite: c037
ssl_cli.c:0921: client hello, add ciphersuite: 00b2
ssl_cli.c:0921: client hello, add ciphersuite: c035
ssl_cli.c:0921: client hello, add ciphersuite: 0090
ssl_cli.c:0921: client hello, add ciphersuite: c096
ssl_cli.c:0921: client hello, add ciphersuite: c09a
ssl_cli.c:0921: client hello, add ciphersuite: c0aa
ssl_cli.c:0921: client hello, add ciphersuite: c034
ssl_cli.c:0921: client hello, add ciphersuite: 008f
ssl_cli.c:0921: client hello, add ciphersuite: c09d
ssl_cli.c:0921: client hello, add ciphersuite: 003d
ssl_cli.c:0921: client hello, add ciphersuite: 0035
ssl_cli.c:0921: client hello, add ciphersuite: c02a
ssl_cli.c:0921: client hello, add ciphersuite: c00f
ssl_cli.c:0921: client hello, add ciphersuite: c026
ssl_cli.c:0921: client hello, add ciphersuite: c005
ssl_cli.c:0921: client hello, add ciphersuite: c0a1
ssl_cli.c:0921: client hello, add ciphersuite: 00c0
ssl_cli.c:0921: client hello, add ciphersuite: 0084
ssl_cli.c:0921: client hello, add ciphersuite: c079
ssl_cli.c:0921: client hello, add ciphersuite: c075
ssl_cli.c:0921: client hello, add ciphersuite: c09c
ssl_cli.c:0921: client hello, add ciphersuite: 003c
ssl_cli.c:0921: client hello, add ciphersuite: 002f
ssl_cli.c:0921: client hello, add ciphersuite: c029
ssl_cli.c:0921: client hello, add ciphersuite: c00e
ssl_cli.c:0921: client hello, add ciphersuite: c025
ssl_cli.c:0921: client hello, add ciphersuite: c004
ssl_cli.c:0921: client hello, add ciphersuite: c0a0
ssl_cli.c:0921: client hello, add ciphersuite: 00ba
ssl_cli.c:0921: client hello, add ciphersuite: 0041
ssl_cli.c:0921: client hello, add ciphersuite: c078
ssl_cli.c:0921: client hello, add ciphersuite: c074
ssl_cli.c:0921: client hello, add ciphersuite: 000a
ssl_cli.c:0921: client hello, add ciphersuite: c00d
ssl_cli.c:0921: client hello, add ciphersuite: c003
ssl_cli.c:0921: client hello, add ciphersuite: 00b7
ssl_cli.c:0921: client hello, add ciphersuite: 0095
ssl_cli.c:0921: client hello, add ciphersuite: c099
ssl_cli.c:0921: client hello, add ciphersuite: 00b6
ssl_cli.c:0921: client hello, add ciphersuite: 0094
ssl_cli.c:0921: client hello, add ciphersuite: c098
ssl_cli.c:0921: client hello, add ciphersuite: 0093
ssl_cli.c:0921: client hello, add ciphersuite: c0a5
ssl_cli.c:0921: client hello, add ciphersuite: 00af
ssl_cli.c:0921: client hello, add ciphersuite: 008d
ssl_cli.c:0921: client hello, add ciphersuite: c095
ssl_cli.c:0921: client hello, add ciphersuite: c0a9
ssl_cli.c:0921: client hello, add ciphersuite: c0a4
ssl_cli.c:0921: client hello, add ciphersuite: 00ae
ssl_cli.c:0921: client hello, add ciphersuite: 008c
ssl_cli.c:0921: client hello, add ciphersuite: c094
ssl_cli.c:0921: client hello, add ciphersuite: c0a8
ssl_cli.c:0921: client hello, add ciphersuite: 008b
ssl_cli.c:0934: client hello, got 94 ciphersuites (excluding SCSVs)
ssl_cli.c:0943: adding EMPTY_RENEGOTIATION_INFO_SCSV
ssl_cli.c:0992: client hello, compress len.: 1
ssl_cli.c:0993: client hello, compress alg.: 0
ssl_cli.c:0068: client hello, adding server name extension: localhost
ssl_cli.c:0186: client hello, adding signature_algorithms extension
ssl_cli.c:0271: client hello, adding supported_elliptic_curves extension
ssl_cli.c:0336: client hello, adding supported_point_formats extension
ssl_cli.c:0517: client hello, adding encrypt_then_mac extension
ssl_cli.c:0551: client hello, adding extended_master_secret extension
ssl_cli.c:0585: client hello, adding session ticket extension
ssl_cli.c:1070: client hello, total extension length: 86
ssl_tls.c:3183: => write handshake message
ssl_tls.c:3340: => write record
ssl_tls.c:3417: output record: msgtype = 22, version = [3:3], msglen = 321
ssl_tls.c:3422: dumping 'output record sent to network' (326 bytes)
ssl_tls.c:3422: 0000:  16 03 03 01 41 01 00 01 3d 03 03 85 06 5f a7 37  ....A...=...._.7
ssl_tls.c:3422: 0010:  78 08 d9 4b e0 91 a8 e5 b4 57 24 a1 77 23 40 1c  x..K.....W$.w#@.
ssl_tls.c:3422: 0020:  34 45 53 4e 9e 53 80 31 f2 28 ff 00 00 be c0 ad  4ESN.S.1.(......
ssl_tls.c:3422: 0030:  c0 9f c0 24 c0 28 00 6b c0 0a c0 14 00 39 c0 af  ...$.(.k.....9..
ssl_tls.c:3422: 0040:  c0 a3 c0 73 c0 77 00 c4 00 88 c0 ac c0 9e c0 23  ...s.w.........#
ssl_tls.c:3422: 0050:  c0 27 00 67 c0 09 c0 13 00 33 c0 ae c0 a2 c0 72  .'.g.....3.....r
ssl_tls.c:3422: 0060:  c0 76 00 be 00 45 c0 08 c0 12 00 16 c0 a7 c0 38  .v...E.........8
ssl_tls.c:3422: 0070:  00 b3 c0 36 00 91 c0 9b c0 97 c0 ab c0 a6 c0 37  ...6...........7
ssl_tls.c:3422: 0080:  00 b2 c0 35 00 90 c0 96 c0 9a c0 aa c0 34 00 8f  ...5.........4..
ssl_tls.c:3422: 0090:  c0 9d 00 3d 00 35 c0 2a c0 0f c0 26 c0 05 c0 a1  ...=.5.*...&....
ssl_tls.c:3422: 00a0:  00 c0 00 84 c0 79 c0 75 c0 9c 00 3c 00 2f c0 29  .....y.u...<./.)
ssl_tls.c:3422: 00b0:  c0 0e c0 25 c0 04 c0 a0 00 ba 00 41 c0 78 c0 74  ...%.......A.x.t
ssl_tls.c:3422: 00c0:  00 0a c0 0d c0 03 00 b7 00 95 c0 99 00 b6 00 94  ................
ssl_tls.c:3422: 00d0:  c0 98 00 93 c0 a5 00 af 00 8d c0 95 c0 a9 c0 a4  ................
ssl_tls.c:3422: 00e0:  00 ae 00 8c c0 94 c0 a8 00 8b 00 ff 01 00 00 56  ...............V
ssl_tls.c:3422: 00f0:  00 00 00 0e 00 0c 00 00 09 6c 6f 63 61 6c 68 6f  .........localho
ssl_tls.c:3422: 0100:  73 74 00 0d 00 12 00 10 06 03 06 01 05 03 05 01  st..............
ssl_tls.c:3422: 0110:  04 03 04 01 03 03 03 01 00 0a 00 18 00 16 00 19  ................
ssl_tls.c:3422: 0120:  00 1c 00 18 00 1b 00 17 00 16 00 1a 00 15 00 14  ................
ssl_tls.c:3422: 0130:  00 13 00 12 00 0b 00 02 01 00 00 16 00 00 00 17  ................
ssl_tls.c:3422: 0140:  00 00 00 23 00 00                                ...#..
ssl_tls.c:2754: => flush output
ssl_tls.c:2772: message length: 326, out_left: 326
ssl_tls.c:2778: ssl->f_send() returned 326 (-0xfffffeba)
ssl_tls.c:2806: <= flush output
ssl_tls.c:3473: <= write record
ssl_tls.c:3317: <= write handshake message
ssl_cli.c:1106: <= write client hello
ssl_cli.c:3500: client state: 2
ssl_tls.c:2754: => flush output
ssl_tls.c:2766: <= flush output
ssl_cli.c:1499: => parse server hello
ssl_tls.c:4308: => read record
ssl_tls.c:2535: => fetch input
ssl_tls.c:2695: in_left: 0, nb_want: 5
ssl_tls.c:2719: in_left: 0, nb_want: 5
ssl_tls.c:2721: ssl->f_recv(_timeout)() returned 5 (-0xfffffffb)
ssl_tls.c:2741: <= fetch input
ssl_tls.c:4044: dumping 'input record header' (5 bytes)
ssl_tls.c:4044: 0000:  16 03 03 00 55                                   ....U
ssl_tls.c:4050: input record: msgtype = 22, version = [3:3], msglen = 85
ssl_tls.c:2535: => fetch input
ssl_tls.c:2695: in_left: 5, nb_want: 90
ssl_tls.c:2719: in_left: 5, nb_want: 90
ssl_tls.c:2721: ssl->f_recv(_timeout)() returned 85 (-0xffffffab)
ssl_tls.c:2741: <= fetch input
ssl_tls.c:4229: dumping 'input record from network' (90 bytes)
ssl_tls.c:4229: 0000:  16 03 03 00 55 02 00 00 51 03 03 60 de f5 b2 2c  ....U...Q..`...,
ssl_tls.c:4229: 0010:  91 40 a2 c5 71 14 60 3d 24 f1 fe 31 40 f3 ff b6  .@..q.`=$..1@...
ssl_tls.c:4229: 0020:  c3 f6 99 d4 f0 59 4e fa b5 66 24 20 29 04 95 0e  .....YN..f$ )...
ssl_tls.c:4229: 0030:  d6 f6 6c 69 21 2a 68 41 91 dd 3b 3d 93 ea 46 15  ..li!*hA..;=..F.
ssl_tls.c:4229: 0040:  d8 79 65 d5 4c 98 f4 35 10 fe 37 04 c0 9f 00 00  .ye.L..5..7.....
ssl_tls.c:4229: 0050:  09 ff 01 00 01 00 00 17 00 00                    ..........
ssl_tls.c:3621: handshake message: msglen = 85, type = 2, hslen = 85
ssl_tls.c:4382: <= read record
ssl_cli.c:1579: dumping 'server hello, version' (2 bytes)
ssl_cli.c:1579: 0000:  03 03                                            ..
ssl_cli.c:1600: server hello, current time: 1625224626
ssl_cli.c:1610: dumping 'server hello, random bytes' (32 bytes)
ssl_cli.c:1610: 0000:  60 de f5 b2 2c 91 40 a2 c5 71 14 60 3d 24 f1 fe  `...,.@..q.`=$..
ssl_cli.c:1610: 0010:  31 40 f3 ff b6 c3 f6 99 d4 f0 59 4e fa b5 66 24  1@........YN..f$
ssl_cli.c:1690: server hello, session id len.: 32
ssl_cli.c:1691: dumping 'server hello, session id' (32 bytes)
ssl_cli.c:1691: 0000:  29 04 95 0e d6 f6 6c 69 21 2a 68 41 91 dd 3b 3d  ).....li!*hA..;=
ssl_cli.c:1691: 0010:  93 ea 46 15 d8 79 65 d5 4c 98 f4 35 10 fe 37 04  ..F..ye.L..5..7.
ssl_cli.c:1728: no session has been resumed
ssl_cli.c:1731: server hello, chosen ciphersuite: c09f
ssl_cli.c:1732: server hello, compress alg.: 0
ssl_cli.c:1764: server hello, chosen ciphersuite: TLS-DHE-RSA-WITH-AES-256-CCM
ssl_cli.c:1789: server hello, total extension length: 9
ssl_cli.c:1809: found renegotiation extension
ssl_cli.c:1861: found extended_master_secret extension
ssl_cli.c:1978: <= parse server hello
ssl_cli.c:3500: client state: 3
ssl_tls.c:2754: => flush output
ssl_tls.c:2766: <= flush output
ssl_tls.c:5652: => parse certificate
ssl_tls.c:4308: => read record
ssl_tls.c:2535: => fetch input
ssl_tls.c:2695: in_left: 0, nb_want: 5
ssl_tls.c:2719: in_left: 0, nb_want: 5
ssl_tls.c:2721: ssl->f_recv(_timeout)() returned 5 (-0xfffffffb)
ssl_tls.c:2741: <= fetch input
ssl_tls.c:4044: dumping 'input record header' (5 bytes)
ssl_tls.c:4044: 0000:  16 03 03 06 8d                                   .....
ssl_tls.c:4050: input record: msgtype = 22, version = [3:3], msglen = 1677
ssl_tls.c:2535: => fetch input
ssl_tls.c:2695: in_left: 5, nb_want: 1682
ssl_tls.c:2719: in_left: 5, nb_want: 1682
ssl_tls.c:2721: ssl->f_recv(_timeout)() returned 1455 (-0xfffffa51)
ssl_tls.c:2719: in_left: 1460, nb_want: 1682
ssl_tls.c:2721: ssl->f_recv(_timeout)() returned 222 (-0xffffff22)
ssl_tls.c:2741: <= fetch input
ssl_tls.c:4229: dumping 'input record from network' (1682 bytes)
ssl_tls.c:4229: 0000:  16 03 03 06 8d 0b 00 06 89 00 06 86 00 03 3b 30  ..............;0
ssl_tls.c:4229: 0010:  82 03 37 30 82 02 1f a0 03 02 01 02 02 01 02 30  ..70...........0
ssl_tls.c:4229: 0020:  0d 06 09 2a 86 48 86 f7 0d 01 01 0b 05 00 30 3b  ...*.H........0;
ssl_tls.c:4229: 0030:  31 0b 30 09 06 03 55 04 06 13 02 4e 4c 31 11 30  1.0...U....NL1.0
ssl_tls.c:4229: 0040:  0f 06 03 55 04 0a 0c 08 50 6f 6c 61 72 53 53 4c  ...U....PolarSSL
ssl_tls.c:4229: 0050:  31 19 30 17 06 03 55 04 03 0c 10 50 6f 6c 61 72  1.0...U....Polar
ssl_tls.c:4229: 0060:  53 53 4c 20 54 65 73 74 20 43 41 30 1e 17 0d 31  SSL Test CA0...1
ssl_tls.c:4229: 0070:  39 30 32 31 30 31 34 34 34 30 36 5a 17 0d 32 39  90210144406Z..29
ssl_tls.c:4229: 0080:  30 32 31 30 31 34 34 34 30 36 5a 30 34 31 0b 30  0210144406Z041.0
ssl_tls.c:4229: 0090:  09 06 03 55 04 06 13 02 4e 4c 31 11 30 0f 06 03  ...U....NL1.0...
ssl_tls.c:4229: 00a0:  55 04 0a 0c 08 50 6f 6c 61 72 53 53 4c 31 12 30  U....PolarSSL1.0
ssl_tls.c:4229: 00b0:  10 06 03 55 04 03 0c 09 6c 6f 63 61 6c 68 6f 73  ...U....localhos
ssl_tls.c:4229: 00c0:  74 30 82 01 22 30 0d 06 09 2a 86 48 86 f7 0d 01  t0.."0...*.H....
ssl_tls.c:4229: 00d0:  01 01 05 00 03 82 01 0f 00 30 82 01 0a 02 82 01  .........0......
ssl_tls.c:4229: 00e0:  01 00 c1 4d a3 dd e7 cd 1d d1 04 d7 49 72 b8 99  ...M........Ir..
ssl_tls.c:4229: 00f0:  ac 0e 78 e4 3a 3c 4a cf 3a 13 16 d0 5a e4 cd a3  ..x.:<J.:...Z...
ssl_tls.c:4229: 0100:  00 88 a7 ee 1e 6b 96 a7 52 b4 90 ef 2d 72 7a 3e  .....k..R...-rz>
ssl_tls.c:4229: 0110:  24 9a fc b6 34 ac 24 f5 77 e0 26 64 8c 9c b0 28  $...4.$.w.&d...(
ssl_tls.c:4229: 0120:  7d a1 da ea 8c e6 c9 1c 96 bc fe c1 04 52 b3 36  }............R.6
ssl_tls.c:4229: 0130:  d4 a3 fa e1 b1 76 d8 90 c1 61 b4 66 52 36 a2 26  .....v...a.fR6.&
ssl_tls.c:4229: 0140:  53 aa ab 74 5e 07 7d 19 82 db 2a d8 1f a0 d9 0d  S..t^.}...*.....
ssl_tls.c:4229: 0150:  1c 2d 49 66 f7 5b 25 73 46 e8 0b 8a 4f 69 0c b5  .-If.[%sF...Oi..
ssl_tls.c:4229: 0160:  00 90 e1 da 82 10 66 7d ae 54 2b 8b 65 79 91 a1  ......f}.T+.ey..
ssl_tls.c:4229: 0170:  e2 61 c3 cd 40 49 08 ee 68 0c f1 8b 86 d2 46 bf  .a..@I..h.....F.
ssl_tls.c:4229: 0180:  d0 b8 aa 11 03 1e 7f 56 a8 1a 1e 44 18 0f 0f 85  .......V...D....
ssl_tls.c:4229: 0190:  8b da 8b 44 5e e2 18 c6 62 2f c7 66 8d fa 5d d8  ...D^...b/.f..].
ssl_tls.c:4229: 01a0:  7d f3 27 89 29 01 c5 90 0e 3f 27 f1 30 c8 4a 0e  }.'.)....?'.0.J.
ssl_tls.c:4229: 01b0:  ef d6 de c7 c7 27 6b c7 05 3d 7a c4 02 3c 9a 1d  .....'k..=z..<..
ssl_tls.c:4229: 01c0:  3e 0f e8 34 98 5b cb 73 4b 52 96 d8 11 a2 2c 80  >..4.[.sKR....,.
ssl_tls.c:4229: 01d0:  88 69 39 5a d3 0f b0 de 59 2f 11 c7 f7 ea 12 01  .i9Z....Y/......
ssl_tls.c:4229: 01e0:  30 97 02 03 01 00 01 a3 4d 30 4b 30 09 06 03 55  0.......M0K0...U
ssl_tls.c:4229: 01f0:  1d 13 04 02 30 00 30 1d 06 03 55 1d 0e 04 16 04  ....0.0...U.....
ssl_tls.c:4229: 0200:  14 a5 05 e8 64 b8 dc df 60 0f 50 12 4d 60 a8 64  ....d...`.P.M`.d
ssl_tls.c:4229: 0210:  af 4d 8b 43 93 30 1f 06 03 55 1d 23 04 18 30 16  .M.C.0...U.#..0.
ssl_tls.c:4229: 0220:  80 14 b4 5a e4 a5 b3 de d2 52 f6 b9 d5 a6 95 0f  ...Z.....R......
ssl_tls.c:4229: 0230:  eb 3e bc c7 fd ff 30 0d 06 09 2a 86 48 86 f7 0d  .>....0...*.H...
ssl_tls.c:4229: 0240:  01 01 0b 05 00 03 82 01 01 00 2e 3a e4 52 61 3e  ...........:.Ra>
ssl_tls.c:4229: 0250:  a7 a5 ef 32 67 80 72 07 26 ba a3 ff 05 40 c4 60  ...2g.r.&....@.`
ssl_tls.c:4229: 0260:  05 39 31 77 f7 a5 ca 01 31 80 a7 e1 d1 0a a2 7c  .91w....1......|
ssl_tls.c:4229: 0270:  d5 1c ba d0 23 4a d6 30 f3 93 c7 6f e8 ce 94 1e  ....#J.0...o....
ssl_tls.c:4229: 0280:  84 bb 44 81 62 33 ff 6b 5d 00 9b 25 f8 8f 0f 9c  ..D.b3.k]..%....
ssl_tls.c:4229: 0290:  4c 4d e8 d9 a7 99 f9 51 81 c0 9b 1b 31 0d a6 b3  LM.....Q....1...
ssl_tls.c:4229: 02a0:  7c 0e 45 b8 18 64 7e 89 0a 2b a8 c3 e0 4a bd d4  |.E..d~..+...J..
ssl_tls.c:4229: 02b0:  2f 78 c4 62 9b e9 7e 3f 56 46 8f 17 b7 2a a0 10  /x.b..~?VF...*..
ssl_tls.c:4229: 02c0:  70 fd b1 f1 6b 05 dc d1 41 0f 8e a6 b2 88 1a 42  p...k...A......B
ssl_tls.c:4229: 02d0:  61 4f eb 26 85 59 80 ba 85 54 fe cf c7 7b 2f 6b  aO.&.Y...T...{/k
ssl_tls.c:4229: 02e0:  59 ce ac dc 7c ac f3 c8 d6 12 7e 64 e8 3c 99 a8  Y...|.....~d.<..
ssl_tls.c:4229: 02f0:  8f 4f 11 d9 9c 15 4b 6a 44 92 2d 0c bf b1 67 96  .O....KjD.-...g.
ssl_tls.c:4229: 0300:  c9 ac ce d5 19 eb 6f 18 eb 6e 04 2d 60 ac f4 7b  ......o..n.-`..{
ssl_tls.c:4229: 0310:  79 f0 1a 9b b5 c3 5d ef 7d c9 05 99 44 81 84 75  y.....].}...D..u
ssl_tls.c:4229: 0320:  c7 ec 00 12 fc 7a 4a 0b 82 07 ec 6d 86 02 4d fe  .....zJ....m..M.
ssl_tls.c:4229: 0330:  9f c8 92 48 de f5 b1 9c e9 c6 89 d0 c1 56 e8 a4  ...H.........V..
ssl_tls.c:4229: 0340:  c6 6a 2e 66 c1 9b fe d6 3c b7 00 03 45 30 82 03  .j.f....<...E0..
ssl_tls.c:4229: 0350:  41 30 82 02 29 a0 03 02 01 02 02 01 03 30 0d 06  A0..)........0..
ssl_tls.c:4229: 0360:  09 2a 86 48 86 f7 0d 01 01 0b 05 00 30 3b 31 0b  .*.H........0;1.
ssl_tls.c:4229: 0370:  30 09 06 03 55 04 06 13 02 4e 4c 31 11 30 0f 06  0...U....NL1.0..
ssl_tls.c:4229: 0380:  03 55 04 0a 0c 08 50 6f 6c 61 72 53 53 4c 31 19  .U....PolarSSL1.
ssl_tls.c:4229: 0390:  30 17 06 03 55 04 03 0c 10 50 6f 6c 61 72 53 53  0...U....PolarSS
ssl_tls.c:4229: 03a0:  4c 20 54 65 73 74 20 43 41 30 1e 17 0d 31 39 30  L Test CA0...190
ssl_tls.c:4229: 03b0:  32 31 30 31 34 34 34 30 30 5a 17 0d 32 39 30 32  210144400Z..2902
ssl_tls.c:4229: 03c0:  31 30 31 34 34 34 30 30 5a 30 3b 31 0b 30 09 06  10144400Z0;1.0..
ssl_tls.c:4229: 03d0:  03 55 04 06 13 02 4e 4c 31 11 30 0f 06 03 55 04  .U....NL1.0...U.
ssl_tls.c:4229: 03e0:  0a 0c 08 50 6f 6c 61 72 53 53 4c 31 19 30 17 06  ...PolarSSL1.0..
ssl_tls.c:4229: 03f0:  03 55 04 03 0c 10 50 6f 6c 61 72 53 53 4c 20 54  .U....PolarSSL T
ssl_tls.c:4229: 0400:  65 73 74 20 43 41 30 82 01 22 30 0d 06 09 2a 86  est CA0.."0...*.
ssl_tls.c:4229: 0410:  48 86 f7 0d 01 01 01 05 00 03 82 01 0f 00 30 82  H.............0.
ssl_tls.c:4229: 0420:  01 0a 02 82 01 01 00 c0 df 37 fc 17 bb e0 96 9d  .........7......
ssl_tls.c:4229: 0430:  3f 86 de 96 32 7d 44 a5 16 a0 cd 21 f1 99 d4 ec  ?...2}D....!....
ssl_tls.c:4229: 0440:  ea cb 7c 18 58 08 94 a5 ec 9b c5 8b df 1a 1e 99  ..|.X...........
ssl_tls.c:4229: 0450:  38 99 87 1e 7b c0 8d 39 df 38 5d 70 78 07 d3 9e  8...{..9.8]px...
ssl_tls.c:4229: 0460:  d9 93 e8 b9 72 51 c5 ce a3 30 52 a9 f2 e7 40 70  ....rQ...0R...@p
ssl_tls.c:4229: 0470:  14 cb 44 a2 72 0b c2 e5 40 f9 3e e5 a6 0e b3 f9  ..D.r...@.>.....
ssl_tls.c:4229: 0480:  ec 4a 63 c0 b8 29 00 74 9c 57 3b a8 a5 04 90 71  .Jc..).t.W;....q
ssl_tls.c:4229: 0490:  f1 bd 83 d9 3f d6 a5 e2 3c 2a 8f ef 27 60 c3 c6  ....?...<*..'`..
ssl_tls.c:4229: 04a0:  9f cb ba ec 60 7d b7 e6 84 32 be 4f fb 58 26 22  ....`}...2.O.X&"
ssl_tls.c:4229: 04b0:  03 5b d4 b4 d5 fb f5 e3 96 2e 70 c0 e4 2e bd fc  .[........p.....
ssl_tls.c:4229: 04c0:  2e ee e2 41 55 c0 34 2e 7d 24 72 69 cb 47 b1 14  ...AU.4.}$ri.G..
ssl_tls.c:4229: 04d0:  40 83 7d 67 f4 86 f6 31 ab f1 79 a4 b2 b5 2e 12  @.}g...1..y.....
ssl_tls.c:4229: 04e0:  f9 84 17 f0 62 6f 27 3e 13 58 b1 54 0d 21 9a 73  ....bo'>.X.T.!.s
ssl_tls.c:4229: 04f0:  37 a1 30 cf 6f 92 dc f6 e9 fc ac db 2e 28 d1 7e  7.0.o........(.~
ssl_tls.c:4229: 0500:  02 4b 23 a0 15 f2 38 65 64 09 ea 0c 6e 8e 1b 17  .K#...8ed...n...
ssl_tls.c:4229: 0510:  a0 71 c8 b3 9b c9 ab e9 c3 f2 cf 87 96 8f 80 02  .q..............
ssl_tls.c:4229: 0520:  32 9e 99 58 6f a2 d5 02 03 01 00 01 a3 50 30 4e  2..Xo........P0N
ssl_tls.c:4229: 0530:  30 0c 06 03 55 1d 13 04 05 30 03 01 01 ff 30 1d  0...U....0....0.
ssl_tls.c:4229: 0540:  06 03 55 1d 0e 04 16 04 14 b4 5a e4 a5 b3 de d2  ..U.......Z.....
ssl_tls.c:4229: 0550:  52 f6 b9 d5 a6 95 0f eb 3e bc c7 fd ff 30 1f 06  R.......>....0..
ssl_tls.c:4229: 0560:  03 55 1d 23 04 18 30 16 80 14 b4 5a e4 a5 b3 de  .U.#..0....Z....
ssl_tls.c:4229: 0570:  d2 52 f6 b9 d5 a6 95 0f eb 3e bc c7 fd ff 30 0d  .R.......>....0.
ssl_tls.c:4229: 0580:  06 09 2a 86 48 86 f7 0d 01 01 0b 05 00 03 82 01  ..*.H...........
ssl_tls.c:4229: 0590:  01 00 38 a8 54 82 b6 1d aa db 6b 89 21 d1 38 28  ..8.T.....k.!.8(
ssl_tls.c:4229: 05a0:  61 c9 b0 98 d5 11 fc 36 ff 19 fe 32 44 ef 08 c7  a......6...2D...
ssl_tls.c:4229: 05b0:  f1 56 bb e6 46 fa 82 b6 31 38 b4 a0 e5 a0 ae 0c  .V..F...18......
ssl_tls.c:4229: 05c0:  c4 53 9e 93 4e e8 0d 9c 2f b4 04 fd 8a 39 f5 84  .S..N.../....9..
ssl_tls.c:4229: 05d0:  77 ed 4c d4 bb 44 7f 73 77 f7 f1 36 97 dc 1e 73  w.L..D.sw..6...s
ssl_tls.c:4229: 05e0:  19 5d 50 b8 c3 80 cd 03 57 d2 00 db 56 e6 c6 35  .]P.....W...V..5
ssl_tls.c:4229: 05f0:  24 1e 49 7b d8 d2 72 bb 0b 49 2f a6 02 3c af d0  $.I{..r..I/..<..
ssl_tls.c:4229: 0600:  ec 37 1d bd 81 8b 1f 30 bb bc 4d 36 b5 79 7c 87  .7.....0..M6.y|.
ssl_tls.c:4229: 0610:  fb 51 b9 be c2 de 92 a8 40 71 bb 72 9b f8 47 ce  .Q......@q.r..G.
ssl_tls.c:4229: 0620:  6c 04 f8 86 e7 f7 73 3c e7 84 7d c2 d7 b7 9d e8  l.....s<..}.....
ssl_tls.c:4229: 0630:  d4 9b 5f 0a 17 7d bc bb b2 d5 94 0d e4 49 bf 4f  .._..}.......I.O
ssl_tls.c:4229: 0640:  11 68 53 b2 91 ff c0 69 ee db 63 93 cb c9 35 6b  .hS....i..c...5k
ssl_tls.c:4229: 0650:  90 09 e2 90 c9 ed 27 d6 08 fa 13 4d 62 dd e2 9e  ......'....Mb...
ssl_tls.c:4229: 0660:  aa b5 d4 0e 5c 37 4f ab 55 3b 2d f1 42 82 c7 34  ....\7O.U;-.B..4
ssl_tls.c:4229: 0670:  38 1a 9b eb a1 2c 0f 29 31 64 6c cc 38 fd a9 d3  8....,.)1dl.8...
ssl_tls.c:4229: 0680:  d5 d5 71 af f0 6d c0 97 e2 11 2a 0a df fe 02 79  ..q..m....*....y
ssl_tls.c:4229: 0690:  74 75                                            tu
ssl_tls.c:3621: handshake message: msglen = 1677, type = 11, hslen = 1677
ssl_tls.c:4382: <= read record
ssl_tls.c:5603: peer certificate #1:
ssl_tls.c:5603: cert. version     : 3
ssl_tls.c:5603: serial number     : 02
ssl_tls.c:5603: issuer name       : C=NL, O=PolarSSL, CN=PolarSSL Test CA
ssl_tls.c:5603: subject name      : C=NL, O=PolarSSL, CN=localhost
ssl_tls.c:5603: issued  on        : 2019-02-10 14:44:06
ssl_tls.c:5603: expires on        : 2029-02-10 14:44:06
ssl_tls.c:5603: signed using      : RSA with SHA-256
ssl_tls.c:5603: RSA key size      : 2048 bits
ssl_tls.c:5603: basic constraints : CA=false
ssl_tls.c:5603: value of 'crt->rsa.N' (2048 bits) is:
ssl_tls.c:5603:  c1 4d a3 dd e7 cd 1d d1 04 d7 49 72 b8 99 ac 0e
ssl_tls.c:5603:  78 e4 3a 3c 4a cf 3a 13 16 d0 5a e4 cd a3 00 88
ssl_tls.c:5603:  a7 ee 1e 6b 96 a7 52 b4 90 ef 2d 72 7a 3e 24 9a
ssl_tls.c:5603:  fc b6 34 ac 24 f5 77 e0 26 64 8c 9c b0 28 7d a1
ssl_tls.c:5603:  da ea 8c e6 c9 1c 96 bc fe c1 04 52 b3 36 d4 a3
ssl_tls.c:5603:  fa e1 b1 76 d8 90 c1 61 b4 66 52 36 a2 26 53 aa
ssl_tls.c:5603:  ab 74 5e 07 7d 19 82 db 2a d8 1f a0 d9 0d 1c 2d
ssl_tls.c:5603:  49 66 f7 5b 25 73 46 e8 0b 8a 4f 69 0c b5 00 90
ssl_tls.c:5603:  e1 da 82 10 66 7d ae 54 2b 8b 65 79 91 a1 e2 61
ssl_tls.c:5603:  c3 cd 40 49 08 ee 68 0c f1 8b 86 d2 46 bf d0 b8
ssl_tls.c:5603:  aa 11 03 1e 7f 56 a8 1a 1e 44 18 0f 0f 85 8b da
ssl_tls.c:5603:  8b 44 5e e2 18 c6 62 2f c7 66 8d fa 5d d8 7d f3
ssl_tls.c:5603:  27 89 29 01 c5 90 0e 3f 27 f1 30 c8 4a 0e ef d6
ssl_tls.c:5603:  de c7 c7 27 6b c7 05 3d 7a c4 02 3c 9a 1d 3e 0f
ssl_tls.c:5603:  e8 34 98 5b cb 73 4b 52 96 d8 11 a2 2c 80 88 69
ssl_tls.c:5603:  39 5a d3 0f b0 de 59 2f 11 c7 f7 ea 12 01 30 97
ssl_tls.c:5603: value of 'crt->rsa.E' (17 bits) is:
ssl_tls.c:5603:  01 00 01
ssl_tls.c:5603: peer certificate #2:
ssl_tls.c:5603: cert. version     : 3
ssl_tls.c:5603: serial number     : 03
ssl_tls.c:5603: issuer name       : C=NL, O=PolarSSL, CN=PolarSSL Test CA
ssl_tls.c:5603: subject name      : C=NL, O=PolarSSL, CN=PolarSSL Test CA
ssl_tls.c:5603: issued  on        : 2019-02-10 14:44:00
ssl_tls.c:5603: expires on        : 2029-02-10 14:44:00
ssl_tls.c:5603: signed using      : RSA with SHA-256
ssl_tls.c:5603: RSA key size      : 2048 bits
ssl_tls.c:5603: basic constraints : CA=true
ssl_tls.c:5603: value of 'crt->rsa.N' (2048 bits) is:
ssl_tls.c:5603:  c0 df 37 fc 17 bb e0 96 9d 3f 86 de 96 32 7d 44
ssl_tls.c:5603:  a5 16 a0 cd 21 f1 99 d4 ec ea cb 7c 18 58 08 94
ssl_tls.c:5603:  a5 ec 9b c5 8b df 1a 1e 99 38 99 87 1e 7b c0 8d
ssl_tls.c:5603:  39 df 38 5d 70 78 07 d3 9e d9 93 e8 b9 72 51 c5
ssl_tls.c:5603:  ce a3 30 52 a9 f2 e7 40 70 14 cb 44 a2 72 0b c2
ssl_tls.c:5603:  e5 40 f9 3e e5 a6 0e b3 f9 ec 4a 63 c0 b8 29 00
ssl_tls.c:5603:  74 9c 57 3b a8 a5 04 90 71 f1 bd 83 d9 3f d6 a5
ssl_tls.c:5603:  e2 3c 2a 8f ef 27 60 c3 c6 9f cb ba ec 60 7d b7
ssl_tls.c:5603:  e6 84 32 be 4f fb 58 26 22 03 5b d4 b4 d5 fb f5
ssl_tls.c:5603:  e3 96 2e 70 c0 e4 2e bd fc 2e ee e2 41 55 c0 34
ssl_tls.c:5603:  2e 7d 24 72 69 cb 47 b1 14 40 83 7d 67 f4 86 f6
ssl_tls.c:5603:  31 ab f1 79 a4 b2 b5 2e 12 f9 84 17 f0 62 6f 27
ssl_tls.c:5603:  3e 13 58 b1 54 0d 21 9a 73 37 a1 30 cf 6f 92 dc
ssl_tls.c:5603:  f6 e9 fc ac db 2e 28 d1 7e 02 4b 23 a0 15 f2 38
ssl_tls.c:5603:  65 64 09 ea 0c 6e 8e 1b 17 a0 71 c8 b3 9b c9 ab
ssl_tls.c:5603:  e9 c3 f2 cf 87 96 8f 80 02 32 9e 99 58 6f a2 d5
ssl_tls.c:5603: value of 'crt->rsa.E' (17 bits) is:
ssl_tls.c:5603:  01 00 01
ssl_tls.c:5853: Certificate verification flags clear
ssl_tls.c:5860: <= parse certificate
ssl_cli.c:3500: client state: 4
ssl_tls.c:2754: => flush output
ssl_tls.c:2766: <= flush output
ssl_cli.c:2329: => parse server key exchange
ssl_tls.c:4308: => read record
ssl_tls.c:2535: => fetch input
ssl_tls.c:2695: in_left: 0, nb_want: 5
ssl_tls.c:2719: in_left: 0, nb_want: 5
ssl_tls.c:2721: ssl->f_recv(_timeout)() returned 5 (-0xfffffffb)
ssl_tls.c:2741: <= fetch input
ssl_tls.c:4044: dumping 'input record header' (5 bytes)
ssl_tls.c:4044: 0000:  16 03 03 03 0f                                   .....
ssl_tls.c:4050: input record: msgtype = 22, version = [3:3], msglen = 783
ssl_tls.c:2535: => fetch input
ssl_tls.c:2695: in_left: 5, nb_want: 788
ssl_tls.c:2719: in_left: 5, nb_want: 788
ssl_tls.c:2721: ssl->f_recv(_timeout)() returned 783 (-0xfffffcf1)
ssl_tls.c:2741: <= fetch input
ssl_tls.c:4229: dumping 'input record from network' (788 bytes)
ssl_tls.c:4229: 0000:  16 03 03 03 0f 0c 00 03 0b 01 00 ff ff ff ff ff  ................
ssl_tls.c:4229: 0010:  ff ff ff c9 0f da a2 21 68 c2 34 c4 c6 62 8b 80  .......!h.4..b..
ssl_tls.c:4229: 0020:  dc 1c d1 29 02 4e 08 8a 67 cc 74 02 0b be a6 3b  ...).N..g.t....;
ssl_tls.c:4229: 0030:  13 9b 22 51 4a 08 79 8e 34 04 dd ef 95 19 b3 cd  .."QJ.y.4.......
ssl_tls.c:4229: 0040:  3a 43 1b 30 2b 0a 6d f2 5f 14 37 4f e1 35 6d 6d  :C.0+.m._.7O.5mm
ssl_tls.c:4229: 0050:  51 c2 45 e4 85 b5 76 62 5e 7e c6 f4 4c 42 e9 a6  Q.E...vb^~..LB..
ssl_tls.c:4229: 0060:  37 ed 6b 0b ff 5c b6 f4 06 b7 ed ee 38 6b fb 5a  7.k..\......8k.Z
ssl_tls.c:4229: 0070:  89 9f a5 ae 9f 24 11 7c 4b 1f e6 49 28 66 51 ec  .....$.|K..I(fQ.
ssl_tls.c:4229: 0080:  e4 5b 3d c2 00 7c b8 a1 63 bf 05 98 da 48 36 1c  .[=..|..c....H6.
ssl_tls.c:4229: 0090:  55 d3 9a 69 16 3f a8 fd 24 cf 5f 83 65 5d 23 dc  U..i.?..$._.e]#.
ssl_tls.c:4229: 00a0:  a3 ad 96 1c 62 f3 56 20 85 52 bb 9e d5 29 07 70  ....b.V .R...).p
ssl_tls.c:4229: 00b0:  96 96 6d 67 0c 35 4e 4a bc 98 04 f1 74 6c 08 ca  ..mg.5NJ....tl..
ssl_tls.c:4229: 00c0:  18 21 7c 32 90 5e 46 2e 36 ce 3b e3 9e 77 2c 18  .!|2.^F.6.;..w,.
ssl_tls.c:4229: 00d0:  0e 86 03 9b 27 83 a2 ec 07 a2 8f b5 c5 5d f0 6f  ....'........].o
ssl_tls.c:4229: 00e0:  4c 52 c9 de 2b cb f6 95 58 17 18 39 95 49 7c ea  LR..+...X..9.I|.
ssl_tls.c:4229: 00f0:  95 6a e5 15 d2 26 18 98 fa 05 10 15 72 8e 5a 8a  .j...&......r.Z.
ssl_tls.c:4229: 0100:  ac aa 68 ff ff ff ff ff ff ff ff 00 01 02 01 00  ..h.............
ssl_tls.c:4229: 0110:  27 75 b6 1a f4 d1 22 d5 d2 01 90 ba 18 f2 e9 66  'u...."........f
ssl_tls.c:4229: 0120:  71 08 06 56 97 74 8e 0e db 63 1c 51 59 8d 12 f4  q..V.t...c.QY...
ssl_tls.c:4229: 0130:  a7 29 42 f2 d9 48 a9 64 93 b1 2d 03 9d 18 03 2d  .)B..H.d..-....-
ssl_tls.c:4229: 0140:  a8 05 24 ef bf db 82 84 c0 86 50 34 ef 7c bc 45  ..$.......P4.|.E
ssl_tls.c:4229: 0150:  ad ac dd 5e ce 88 e6 1f cb 68 9e 6c f0 40 66 7f  ...^.....h.l.@f.
ssl_tls.c:4229: 0160:  6b 9e f8 ef ab 46 74 67 b9 51 30 eb 56 9c 2e 7c  k....Ftg.Q0.V..|
ssl_tls.c:4229: 0170:  39 3a 95 fa 4e 96 e9 80 07 e1 cf 5f f0 4e 06 ba  9:..N......_.N..
ssl_tls.c:4229: 0180:  78 06 61 78 8a 48 9d c5 a9 d8 6b 9e a9 ba 89 1d  x.ax.H....k.....
ssl_tls.c:4229: 0190:  5b 8e 13 48 5a fb 11 0a f9 d4 4d 47 f8 99 46 05  [..HZ.....MG..F.
ssl_tls.c:4229: 01a0:  35 77 ac c5 57 08 31 21 20 33 c0 38 eb c6 0b d5  5w..W.1! 3.8....
ssl_tls.c:4229: 01b0:  b7 d1 bb 72 b3 e8 4d 15 f1 17 c3 85 bb ff fb 72  ...r..M........r
ssl_tls.c:4229: 01c0:  71 95 7c b8 8b 21 c0 e2 30 c8 98 da 98 00 b6 ff  q.|..!..0.......
ssl_tls.c:4229: 01d0:  b6 1d c1 1f 9e 33 b8 bf c3 ae dc 1e cf 95 47 ca  .....3........G.
ssl_tls.c:4229: 01e0:  ab c6 48 b5 0f 07 44 7a 25 ac b3 09 79 ec d5 3d  ..H...Dz%...y..=
ssl_tls.c:4229: 01f0:  bc ba e2 38 5e 14 5c 0d d1 06 3d ca ab 6a 4c 6a  ...8^.\...=..jLj
ssl_tls.c:4229: 0200:  15 c9 f8 91 58 8f f5 42 96 fe 66 16 6d 41 af ff  ....X..B..f.mA..
ssl_tls.c:4229: 0210:  06 01 01 00 17 c6 6e ed 91 4f 3a 93 09 6b f9 1a  ......n..O:..k..
ssl_tls.c:4229: 0220:  ea 32 1e ed 4c 2a 74 12 ce 47 81 67 b8 f9 d7 5a  .2..L*t..G.g...Z
ssl_tls.c:4229: 0230:  d4 29 df 25 c2 5d f7 fa ff 00 f1 88 b0 27 c1 93  .).%.].......'..
ssl_tls.c:4229: 0240:  09 4f 13 b7 4d 8b 29 63 b9 5e 2e 09 55 65 d9 84  .O..M.)c.^..Ue..
ssl_tls.c:4229: 0250:  0a 15 75 69 1f 91 66 04 ab 73 ec 86 2f ad 09 13  ..ui..f..s../...
ssl_tls.c:4229: 0260:  cf 9c 9b 51 85 c5 f9 d5 4a 76 60 97 fc 59 53 51  ...Q....Jv`..YSQ
ssl_tls.c:4229: 0270:  7b 36 86 ef 12 e9 9d 37 5b 33 5e d2 3a 5e 9a 89  {6.....7[3^.:^..
ssl_tls.c:4229: 0280:  dd 35 02 a7 2c 9c 9c fb bd 0c 9a ac 2c c9 32 59  .5..,.......,.2Y
ssl_tls.c:4229: 0290:  fc f3 13 06 1d d7 5d f0 97 7e f7 25 dd 2f 6b af  ......]..~.%./k.
ssl_tls.c:4229: 02a0:  2c 54 69 4e c7 f6 aa 11 41 f9 fd 9a 37 11 f5 1c  ,TiN....A...7...
ssl_tls.c:4229: 02b0:  28 b3 ad 94 43 38 d0 e0 eb fe 8b 0f 6e bc 32 19  (...C8......n.2.
ssl_tls.c:4229: 02c0:  3c 2b 1c 61 b3 30 dd be 4d 82 c3 03 33 43 f5 18  <+.a.0..M...3C..
ssl_tls.c:4229: 02d0:  9c bf 80 83 48 92 0f 63 9d ad 96 c0 30 7c 9e f6  ....H..c....0|..
ssl_tls.c:4229: 02e0:  98 1f 41 9d 69 2c 54 32 c1 c8 91 2c 21 a2 b4 e9  ..A.i,T2...,!...
ssl_tls.c:4229: 02f0:  e3 d0 d8 35 9e a3 9e 4b 41 89 b9 fa 2e 55 e9 0b  ...5...KA....U..
ssl_tls.c:4229: 0300:  3f 37 77 c3 f2 a5 02 4d a8 c3 7e 31 58 c2 46 b7  ?7w....M..~1X.F.
ssl_tls.c:4229: 0310:  88 5c a8 af                                      .\..
ssl_tls.c:3621: handshake message: msglen = 783, type = 12, hslen = 783
ssl_tls.c:4382: <= read record
ssl_cli.c:2417: dumping 'server key exchange' (779 bytes)
ssl_cli.c:2417: 0000:  01 00 ff ff ff ff ff ff ff ff c9 0f da a2 21 68  ..............!h
ssl_cli.c:2417: 0010:  c2 34 c4 c6 62 8b 80 dc 1c d1 29 02 4e 08 8a 67  .4..b.....).N..g
ssl_cli.c:2417: 0020:  cc 74 02 0b be a6 3b 13 9b 22 51 4a 08 79 8e 34  .t....;.."QJ.y.4
ssl_cli.c:2417: 0030:  04 dd ef 95 19 b3 cd 3a 43 1b 30 2b 0a 6d f2 5f  .......:C.0+.m._
ssl_cli.c:2417: 0040:  14 37 4f e1 35 6d 6d 51 c2 45 e4 85 b5 76 62 5e  .7O.5mmQ.E...vb^
ssl_cli.c:2417: 0050:  7e c6 f4 4c 42 e9 a6 37 ed 6b 0b ff 5c b6 f4 06  ~..LB..7.k..\...
ssl_cli.c:2417: 0060:  b7 ed ee 38 6b fb 5a 89 9f a5 ae 9f 24 11 7c 4b  ...8k.Z.....$.|K
ssl_cli.c:2417: 0070:  1f e6 49 28 66 51 ec e4 5b 3d c2 00 7c b8 a1 63  ..I(fQ..[=..|..c
ssl_cli.c:2417: 0080:  bf 05 98 da 48 36 1c 55 d3 9a 69 16 3f a8 fd 24  ....H6.U..i.?..$
ssl_cli.c:2417: 0090:  cf 5f 83 65 5d 23 dc a3 ad 96 1c 62 f3 56 20 85  ._.e]#.....b.V .
ssl_cli.c:2417: 00a0:  52 bb 9e d5 29 07 70 96 96 6d 67 0c 35 4e 4a bc  R...).p..mg.5NJ.
ssl_cli.c:2417: 00b0:  98 04 f1 74 6c 08 ca 18 21 7c 32 90 5e 46 2e 36  ...tl...!|2.^F.6
ssl_cli.c:2417: 00c0:  ce 3b e3 9e 77 2c 18 0e 86 03 9b 27 83 a2 ec 07  .;..w,.....'....
ssl_cli.c:2417: 00d0:  a2 8f b5 c5 5d f0 6f 4c 52 c9 de 2b cb f6 95 58  ....].oLR..+...X
ssl_cli.c:2417: 00e0:  17 18 39 95 49 7c ea 95 6a e5 15 d2 26 18 98 fa  ..9.I|..j...&...
ssl_cli.c:2417: 00f0:  05 10 15 72 8e 5a 8a ac aa 68 ff ff ff ff ff ff  ...r.Z...h......
ssl_cli.c:2417: 0100:  ff ff 00 01 02 01 00 27 75 b6 1a f4 d1 22 d5 d2  .......'u...."..
ssl_cli.c:2417: 0110:  01 90 ba 18 f2 e9 66 71 08 06 56 97 74 8e 0e db  ......fq..V.t...
ssl_cli.c:2417: 0120:  63 1c 51 59 8d 12 f4 a7 29 42 f2 d9 48 a9 64 93  c.QY....)B..H.d.
ssl_cli.c:2417: 0130:  b1 2d 03 9d 18 03 2d a8 05 24 ef bf db 82 84 c0  .-....-..$......
ssl_cli.c:2417: 0140:  86 50 34 ef 7c bc 45 ad ac dd 5e ce 88 e6 1f cb  .P4.|.E...^.....
ssl_cli.c:2417: 0150:  68 9e 6c f0 40 66 7f 6b 9e f8 ef ab 46 74 67 b9  h.l.@f.k....Ftg.
ssl_cli.c:2417: 0160:  51 30 eb 56 9c 2e 7c 39 3a 95 fa 4e 96 e9 80 07  Q0.V..|9:..N....
ssl_cli.c:2417: 0170:  e1 cf 5f f0 4e 06 ba 78 06 61 78 8a 48 9d c5 a9  .._.N..x.ax.H...
ssl_cli.c:2417: 0180:  d8 6b 9e a9 ba 89 1d 5b 8e 13 48 5a fb 11 0a f9  .k.....[..HZ....
ssl_cli.c:2417: 0190:  d4 4d 47 f8 99 46 05 35 77 ac c5 57 08 31 21 20  .MG..F.5w..W.1! 
ssl_cli.c:2417: 01a0:  33 c0 38 eb c6 0b d5 b7 d1 bb 72 b3 e8 4d 15 f1  3.8.......r..M..
ssl_cli.c:2417: 01b0:  17 c3 85 bb ff fb 72 71 95 7c b8 8b 21 c0 e2 30  ......rq.|..!..0
ssl_cli.c:2417: 01c0:  c8 98 da 98 00 b6 ff b6 1d c1 1f 9e 33 b8 bf c3  ............3...
ssl_cli.c:2417: 01d0:  ae dc 1e cf 95 47 ca ab c6 48 b5 0f 07 44 7a 25  .....G...H...Dz%
ssl_cli.c:2417: 01e0:  ac b3 09 79 ec d5 3d bc ba e2 38 5e 14 5c 0d d1  ...y..=...8^.\..
ssl_cli.c:2417: 01f0:  06 3d ca ab 6a 4c 6a 15 c9 f8 91 58 8f f5 42 96  .=..jLj....X..B.
ssl_cli.c:2417: 0200:  fe 66 16 6d 41 af ff 06 01 01 00 17 c6 6e ed 91  .f.mA........n..
ssl_cli.c:2417: 0210:  4f 3a 93 09 6b f9 1a ea 32 1e ed 4c 2a 74 12 ce  O:..k...2..L*t..
ssl_cli.c:2417: 0220:  47 81 67 b8 f9 d7 5a d4 29 df 25 c2 5d f7 fa ff  G.g...Z.).%.]...
ssl_cli.c:2417: 0230:  00 f1 88 b0 27 c1 93 09 4f 13 b7 4d 8b 29 63 b9  ....'...O..M.)c.
ssl_cli.c:2417: 0240:  5e 2e 09 55 65 d9 84 0a 15 75 69 1f 91 66 04 ab  ^..Ue....ui..f..
ssl_cli.c:2417: 0250:  73 ec 86 2f ad 09 13 cf 9c 9b 51 85 c5 f9 d5 4a  s../......Q....J
ssl_cli.c:2417: 0260:  76 60 97 fc 59 53 51 7b 36 86 ef 12 e9 9d 37 5b  v`..YSQ{6.....7[
ssl_cli.c:2417: 0270:  33 5e d2 3a 5e 9a 89 dd 35 02 a7 2c 9c 9c fb bd  3^.:^...5..,....
ssl_cli.c:2417: 0280:  0c 9a ac 2c c9 32 59 fc f3 13 06 1d d7 5d f0 97  ...,.2Y......]..
ssl_cli.c:2417: 0290:  7e f7 25 dd 2f 6b af 2c 54 69 4e c7 f6 aa 11 41  ~.%./k.,TiN....A
ssl_cli.c:2417: 02a0:  f9 fd 9a 37 11 f5 1c 28 b3 ad 94 43 38 d0 e0 eb  ...7...(...C8...
ssl_cli.c:2417: 02b0:  fe 8b 0f 6e bc 32 19 3c 2b 1c 61 b3 30 dd be 4d  ...n.2.<+.a.0..M
ssl_cli.c:2417: 02c0:  82 c3 03 33 43 f5 18 9c bf 80 83 48 92 0f 63 9d  ...3C......H..c.
ssl_cli.c:2417: 02d0:  ad 96 c0 30 7c 9e f6 98 1f 41 9d 69 2c 54 32 c1  ...0|....A.i,T2.
ssl_cli.c:2417: 02e0:  c8 91 2c 21 a2 b4 e9 e3 d0 d8 35 9e a3 9e 4b 41  ..,!......5...KA
ssl_cli.c:2417: 02f0:  89 b9 fa 2e 55 e9 0b 3f 37 77 c3 f2 a5 02 4d a8  ....U..?7w....M.
ssl_cli.c:2417: 0300:  c3 7e 31 58 c2 46 b7 88 5c a8 af                 .~1X.F..\..
ssl_cli.c:2013: value of 'DHM: P ' (2048 bits) is:
ssl_cli.c:2013:  ff ff ff ff ff ff ff ff c9 0f da a2 21 68 c2 34
ssl_cli.c:2013:  c4 c6 62 8b 80 dc 1c d1 29 02 4e 08 8a 67 cc 74
ssl_cli.c:2013:  02 0b be a6 3b 13 9b 22 51 4a 08 79 8e 34 04 dd
ssl_cli.c:2013:  ef 95 19 b3 cd 3a 43 1b 30 2b 0a 6d f2 5f 14 37
ssl_cli.c:2013:  4f e1 35 6d 6d 51 c2 45 e4 85 b5 76 62 5e 7e c6
ssl_cli.c:2013:  f4 4c 42 e9 a6 37 ed 6b 0b ff 5c b6 f4 06 b7 ed
ssl_cli.c:2013:  ee 38 6b fb 5a 89 9f a5 ae 9f 24 11 7c 4b 1f e6
ssl_cli.c:2013:  49 28 66 51 ec e4 5b 3d c2 00 7c b8 a1 63 bf 05
ssl_cli.c:2013:  98 da 48 36 1c 55 d3 9a 69 16 3f a8 fd 24 cf 5f
ssl_cli.c:2013:  83 65 5d 23 dc a3 ad 96 1c 62 f3 56 20 85 52 bb
ssl_cli.c:2013:  9e d5 29 07 70 96 96 6d 67 0c 35 4e 4a bc 98 04
ssl_cli.c:2013:  f1 74 6c 08 ca 18 21 7c 32 90 5e 46 2e 36 ce 3b
ssl_cli.c:2013:  e3 9e 77 2c 18 0e 86 03 9b 27 83 a2 ec 07 a2 8f
ssl_cli.c:2013:  b5 c5 5d f0 6f 4c 52 c9 de 2b cb f6 95 58 17 18
ssl_cli.c:2013:  39 95 49 7c ea 95 6a e5 15 d2 26 18 98 fa 05 10
ssl_cli.c:2013:  15 72 8e 5a 8a ac aa 68 ff ff ff ff ff ff ff ff
ssl_cli.c:2014: value of 'DHM: G ' (2 bits) is:
ssl_cli.c:2014:  02
ssl_cli.c:2015: value of 'DHM: GY' (2046 bits) is:
ssl_cli.c:2015:  27 75 b6 1a f4 d1 22 d5 d2 01 90 ba 18 f2 e9 66
ssl_cli.c:2015:  71 08 06 56 97 74 8e 0e db 63 1c 51 59 8d 12 f4
ssl_cli.c:2015:  a7 29 42 f2 d9 48 a9 64 93 b1 2d 03 9d 18 03 2d
ssl_cli.c:2015:  a8 05 24 ef bf db 82 84 c0 86 50 34 ef 7c bc 45
ssl_cli.c:2015:  ad ac dd 5e ce 88 e6 1f cb 68 9e 6c f0 40 66 7f
ssl_cli.c:2015:  6b 9e f8 ef ab 46 74 67 b9 51 30 eb 56 9c 2e 7c
ssl_cli.c:2015:  39 3a 95 fa 4e 96 e9 80 07 e1 cf 5f f0 4e 06 ba
ssl_cli.c:2015:  78 06 61 78 8a 48 9d c5 a9 d8 6b 9e a9 ba 89 1d
ssl_cli.c:2015:  5b 8e 13 48 5a fb 11 0a f9 d4 4d 47 f8 99 46 05
ssl_cli.c:2015:  35 77 ac c5 57 08 31 21 20 33 c0 38 eb c6 0b d5
ssl_cli.c:2015:  b7 d1 bb 72 b3 e8 4d 15 f1 17 c3 85 bb ff fb 72
ssl_cli.c:2015:  71 95 7c b8 8b 21 c0 e2 30 c8 98 da 98 00 b6 ff
ssl_cli.c:2015:  b6 1d c1 1f 9e 33 b8 bf c3 ae dc 1e cf 95 47 ca
ssl_cli.c:2015:  ab c6 48 b5 0f 07 44 7a 25 ac b3 09 79 ec d5 3d
ssl_cli.c:2015:  bc ba e2 38 5e 14 5c 0d d1 06 3d ca ab 6a 4c 6a
ssl_cli.c:2015:  15 c9 f8 91 58 8f f5 42 96 fe 66 16 6d 41 af ff
ssl_cli.c:2271: Server used SignatureAlgorithm 1
ssl_cli.c:2272: Server used HashAlgorithm 6
ssl_cli.c:2573: dumping 'signature' (256 bytes)
ssl_cli.c:2573: 0000:  17 c6 6e ed 91 4f 3a 93 09 6b f9 1a ea 32 1e ed  ..n..O:..k...2..
ssl_cli.c:2573: 0010:  4c 2a 74 12 ce 47 81 67 b8 f9 d7 5a d4 29 df 25  L*t..G.g...Z.).%
ssl_cli.c:2573: 0020:  c2 5d f7 fa ff 00 f1 88 b0 27 c1 93 09 4f 13 b7  .].......'...O..
ssl_cli.c:2573: 0030:  4d 8b 29 63 b9 5e 2e 09 55 65 d9 84 0a 15 75 69  M.)c.^..Ue....ui
ssl_cli.c:2573: 0040:  1f 91 66 04 ab 73 ec 86 2f ad 09 13 cf 9c 9b 51  ..f..s../......Q
ssl_cli.c:2573: 0050:  85 c5 f9 d5 4a 76 60 97 fc 59 53 51 7b 36 86 ef  ....Jv`..YSQ{6..
ssl_cli.c:2573: 0060:  12 e9 9d 37 5b 33 5e d2 3a 5e 9a 89 dd 35 02 a7  ...7[3^.:^...5..
ssl_cli.c:2573: 0070:  2c 9c 9c fb bd 0c 9a ac 2c c9 32 59 fc f3 13 06  ,.......,.2Y....
ssl_cli.c:2573: 0080:  1d d7 5d f0 97 7e f7 25 dd 2f 6b af 2c 54 69 4e  ..]..~.%./k.,TiN
ssl_cli.c:2573: 0090:  c7 f6 aa 11 41 f9 fd 9a 37 11 f5 1c 28 b3 ad 94  ....A...7...(...
ssl_cli.c:2573: 00a0:  43 38 d0 e0 eb fe 8b 0f 6e bc 32 19 3c 2b 1c 61  C8......n.2.<+.a
ssl_cli.c:2573: 00b0:  b3 30 dd be 4d 82 c3 03 33 43 f5 18 9c bf 80 83  .0..M...3C......
ssl_cli.c:2573: 00c0:  48 92 0f 63 9d ad 96 c0 30 7c 9e f6 98 1f 41 9d  H..c....0|....A.
ssl_cli.c:2573: 00d0:  69 2c 54 32 c1 c8 91 2c 21 a2 b4 e9 e3 d0 d8 35  i,T2...,!......5
ssl_cli.c:2573: 00e0:  9e a3 9e 4b 41 89 b9 fa 2e 55 e9 0b 3f 37 77 c3  ...KA....U..?7w.
ssl_cli.c:2573: 00f0:  f2 a5 02 4d a8 c3 7e 31 58 c2 46 b7 88 5c a8 af  ...M..~1X.F..\..
ssl_cli.c:2609: dumping 'parameters hash' (64 bytes)
ssl_cli.c:2609: 0000:  0c 02 9c 30 9b 35 1b 26 ba 64 36 b8 60 c8 9f 7d  ...0.5.&.d6.`..}
ssl_cli.c:2609: 0010:  1e e6 d8 a6 5f e5 77 16 1a 8e bc 5d 0e 2c 6d db  ...._.w....].,m.
ssl_cli.c:2609: 0020:  5d e7 9c 68 02 50 6c e2 f1 d0 81 15 f8 24 bc a8  ]..h.Pl......$..
ssl_cli.c:2609: 0030:  50 d8 db f5 5b 7e 68 bb ac 37 0c 24 59 b7 2c d1  P...[~h..7.$Y.,.
ssl_cli.c:2657: <= parse server key exchange
ssl_cli.c:3500: client state: 5
ssl_tls.c:2754: => flush output
ssl_tls.c:2766: <= flush output
ssl_cli.c:2690: => parse certificate request
ssl_tls.c:4308: => read record
ssl_tls.c:2535: => fetch input
ssl_tls.c:2695: in_left: 0, nb_want: 5
ssl_tls.c:2719: in_left: 0, nb_want: 5
ssl_tls.c:2721: ssl->f_recv(_timeout)() returned 5 (-0xfffffffb)
ssl_tls.c:2741: <= fetch input
ssl_tls.c:4044: dumping 'input record header' (5 bytes)
ssl_tls.c:4044: 0000:  16 03 03 00 04                                   .....
ssl_tls.c:4050: input record: msgtype = 22, version = [3:3], msglen = 4
ssl_tls.c:2535: => fetch input
ssl_tls.c:2695: in_left: 5, nb_want: 9
ssl_tls.c:2719: in_left: 5, nb_want: 9
ssl_tls.c:2721: ssl->f_recv(_timeout)() returned 4 (-0xfffffffc)
ssl_tls.c:2741: <= fetch input
ssl_tls.c:4229: dumping 'input record from network' (9 bytes)
ssl_tls.c:4229: 0000:  16 03 03 00 04 0e 00 00 00                       .........
ssl_tls.c:3621: handshake message: msglen = 4, type = 14, hslen = 4
ssl_tls.c:4382: <= read record
ssl_cli.c:2716: got no certificate request
ssl_cli.c:2839: <= parse certificate request
ssl_cli.c:3500: client state: 6
ssl_tls.c:2754: => flush output
ssl_tls.c:2766: <= flush output
ssl_cli.c:2849: => parse server hello done
ssl_tls.c:4308: => read record
ssl_tls.c:4378: reuse previously read message
ssl_tls.c:4382: <= read record
ssl_cli.c:2879: <= parse server hello done
ssl_cli.c:3500: client state: 7
ssl_tls.c:2754: => flush output
ssl_tls.c:2766: <= flush output
ssl_tls.c:5326: => write certificate
ssl_tls.c:5343: <= skip write certificate
ssl_cli.c:3500: client state: 8
ssl_tls.c:2754: => flush output
ssl_tls.c:2766: <= flush output
ssl_cli.c:2891: => write client key exchange
ssl_cli.c:2915: value of 'DHM: X ' (2047 bits) is:
ssl_cli.c:2915:  47 25 3b 2f 92 99 41 1f 6e 98 c0 fa 6b 09 f2 f6
ssl_cli.c:2915:  12 2f f0 10 94 b4 af e6 97 d3 df 16 8b 10 91 02
ssl_cli.c:2915:  f5 d6 93 34 be 6b 92 bd d9 ca 7a a7 4d 56 b3 15
ssl_cli.c:2915:  d7 5e b4 a0 84 32 ac a0 cb 46 7d 40 dd 0c 6a 7c
ssl_cli.c:2915:  c5 8f f5 e1 dc 2c 24 19 91 6d b4 29 50 d9 5c 02
ssl_cli.c:2915:  43 78 d5 03 df b1 3a c2 2f e9 7e ea 92 f8 07 07
ssl_cli.c:2915:  47 8c 27 1f 80 20 20 85 1a 4a 46 08 bc 26 ff 43
ssl_cli.c:2915:  e6 d3 5a 4c e6 e8 78 27 72 2c 6b f3 54 ca df 29
ssl_cli.c:2915:  2e 9e 41 8e e8 c1 43 66 d7 bf 1f 6d 94 45 af 54
ssl_cli.c:2915:  69 8c 9b da af c5 39 9a bc 67 99 7e 78 12 24 88
ssl_cli.c:2915:  f6 40 20 f8 48 27 36 1c 64 b4 26 e1 ba 05 c0 5b
ssl_cli.c:2915:  1c 37 be a7 e1 1f bf fd 73 78 a2 3a 59 f5 a5 1c
ssl_cli.c:2915:  67 cf 32 c2 52 74 3c 60 a0 4f bb 7e 7f f5 92 2b
ssl_cli.c:2915:  04 c6 ba e5 b9 35 8b d5 b5 d2 57 88 e7 80 dc 15
ssl_cli.c:2915:  32 a7 78 3d 09 d0 f7 30 f3 70 c0 84 90 01 7c b2
ssl_cli.c:2915:  80 70 c8 bc c5 b5 6c a0 30 ec fd 92 41 18 56 4f
ssl_cli.c:2916: value of 'DHM: GX' (2048 bits) is:
ssl_cli.c:2916:  c8 30 3d a3 10 fb f8 27 4d 96 14 45 74 f4 74 90
ssl_cli.c:2916:  16 0f 15 30 ab 35 59 1d de 99 06 ca 4f e4 4e 33
ssl_cli.c:2916:  79 7f 14 cd b0 2b 60 4d c3 ed 0f 59 c7 47 e0 98
ssl_cli.c:2916:  52 a7 6e 87 e7 f6 52 0f d6 fe 3d 94 52 02 98 4d
ssl_cli.c:2916:  4f 8a 99 e6 9c 6f f5 fd f5 49 0c 1b 66 79 c6 23
ssl_cli.c:2916:  76 83 2f 4f 29 39 96 75 6a a9 30 c5 bb 95 3c 5b
ssl_cli.c:2916:  0c f9 83 d0 16 a3 a2 88 28 6d f9 fb c1 07 fa 8d
ssl_cli.c:2916:  25 00 f2 8d f8 1f 1d b2 6c d9 e1 f9 f1 c5 ea 5c
ssl_cli.c:2916:  64 3c 34 86 c8 2d 36 5c b3 c7 05 c8 5b c6 ef d0
ssl_cli.c:2916:  e0 d0 63 d7 65 c5 6b e4 51 43 8c 52 48 98 72 fa
ssl_cli.c:2916:  9a b2 11 01 52 02 30 1e 95 53 9f af b5 ab 71 16
ssl_cli.c:2916:  f8 46 9f a7 3f 7f ad 8b 78 2a a6 99 6b 48 73 ee
ssl_cli.c:2916:  00 91 09 69 02 97 9e 10 af a4 94 93 b0 10 13 de
ssl_cli.c:2916:  f0 90 63 7f da 67 18 a7 f5 74 0a 25 c2 c0 b0 b1
ssl_cli.c:2916:  36 ab 59 ad 4e 7b 22 57 bc d8 42 88 57 2e f2 ce
ssl_cli.c:2916:  e0 a1 c9 78 1b e3 ec c2 3d aa 2b 90 68 b2 96 f7
ssl_cli.c:2928: value of 'DHM: K ' (2047 bits) is:
ssl_cli.c:2928:  4e a3 78 73 8b 33 95 d1 62 15 83 5e fc 24 e4 e4
ssl_cli.c:2928:  bd f5 d2 ad 83 78 87 71 88 9b 23 e4 01 af c9 6c
ssl_cli.c:2928:  1a 47 77 71 a9 0f e5 4d d3 5e d5 e7 de 7f 7b 5a
ssl_cli.c:2928:  54 7d ac 6f c5 d0 95 58 24 72 4b 91 da 11 d6 33
ssl_cli.c:2928:  c8 84 fa 16 1c f9 31 28 9a 05 af 48 b4 69 8b b3
ssl_cli.c:2928:  c7 1a 9f 79 e2 66 c3 8d e4 30 94 53 a1 f8 37 4e
ssl_cli.c:2928:  21 de cc a3 ab b1 28 f3 ba 29 3d 18 3c 99 b1 d9
ssl_cli.c:2928:  6b ba dd 12 fc 5b 66 0e 73 8f 8d 31 0f fb 7c d6
ssl_cli.c:2928:  04 22 e4 81 65 71 ca 31 99 db 30 0d 7e 6f 7c 62
ssl_cli.c:2928:  fe 76 c1 64 0a b2 5c 7e c2 e6 49 18 02 50 d5 52
ssl_cli.c:2928:  43 d6 93 b8 fc 16 8f 19 c1 93 d5 10 cf f9 23 a5
ssl_cli.c:2928:  a7 4a c5 23 0d 49 f7 14 37 4a 4d c7 53 4e 65 3b
ssl_cli.c:2928:  71 36 a7 90 d9 c6 70 49 26 20 f1 1f a5 a3 36 af
ssl_cli.c:2928:  4c 73 cd db 29 2f 27 d5 f1 3e a4 1f 9d 96 51 ad
ssl_cli.c:2928:  30 45 d9 86 1e 3d c5 c8 19 f5 22 3c be 7c 14 5c
ssl_cli.c:2928:  6a 7b 8a f7 d2 72 bf c6 b7 ee 77 3e c5 6f d5 71
ssl_tls.c:3183: => write handshake message
ssl_tls.c:3340: => write record
ssl_tls.c:3417: output record: msgtype = 22, version = [3:3], msglen = 262
ssl_tls.c:3422: dumping 'output record sent to network' (267 bytes)
ssl_tls.c:3422: 0000:  16 03 03 01 06 10 00 01 02 01 00 c8 30 3d a3 10  ............0=..
ssl_tls.c:3422: 0010:  fb f8 27 4d 96 14 45 74 f4 74 90 16 0f 15 30 ab  ..'M..Et.t....0.
ssl_tls.c:3422: 0020:  35 59 1d de 99 06 ca 4f e4 4e 33 79 7f 14 cd b0  5Y.....O.N3y....
ssl_tls.c:3422: 0030:  2b 60 4d c3 ed 0f 59 c7 47 e0 98 52 a7 6e 87 e7  +`M...Y.G..R.n..
ssl_tls.c:3422: 0040:  f6 52 0f d6 fe 3d 94 52 02 98 4d 4f 8a 99 e6 9c  .R...=.R..MO....
ssl_tls.c:3422: 0050:  6f f5 fd f5 49 0c 1b 66 79 c6 23 76 83 2f 4f 29  o...I..fy.#v./O)
ssl_tls.c:3422: 0060:  39 96 75 6a a9 30 c5 bb 95 3c 5b 0c f9 83 d0 16  9.uj.0...<[.....
ssl_tls.c:3422: 0070:  a3 a2 88 28 6d f9 fb c1 07 fa 8d 25 00 f2 8d f8  ...(m......%....
ssl_tls.c:3422: 0080:  1f 1d b2 6c d9 e1 f9 f1 c5 ea 5c 64 3c 34 86 c8  ...l......\d<4..
ssl_tls.c:3422: 0090:  2d 36 5c b3 c7 05 c8 5b c6 ef d0 e0 d0 63 d7 65  -6\....[.....c.e
ssl_tls.c:3422: 00a0:  c5 6b e4 51 43 8c 52 48 98 72 fa 9a b2 11 01 52  .k.QC.RH.r.....R
ssl_tls.c:3422: 00b0:  02 30 1e 95 53 9f af b5 ab 71 16 f8 46 9f a7 3f  .0..S....q..F..?
ssl_tls.c:3422: 00c0:  7f ad 8b 78 2a a6 99 6b 48 73 ee 00 91 09 69 02  ...x*..kHs....i.
ssl_tls.c:3422: 00d0:  97 9e 10 af a4 94 93 b0 10 13 de f0 90 63 7f da  .............c..
ssl_tls.c:3422: 00e0:  67 18 a7 f5 74 0a 25 c2 c0 b0 b1 36 ab 59 ad 4e  g...t.%....6.Y.N
ssl_tls.c:3422: 00f0:  7b 22 57 bc d8 42 88 57 2e f2 ce e0 a1 c9 78 1b  {"W..B.W......x.
ssl_tls.c:3422: 0100:  e3 ec c2 3d aa 2b 90 68 b2 96 f7                 ...=.+.h...
ssl_tls.c:2754: => flush output
ssl_tls.c:2772: message length: 267, out_left: 267
ssl_tls.c:2778: ssl->f_send() returned 267 (-0xfffffef5)
ssl_tls.c:2806: <= flush output
ssl_tls.c:3473: <= write record
ssl_tls.c:3317: <= write handshake message
ssl_cli.c:3162: <= write client key exchange
ssl_cli.c:3500: client state: 9
ssl_tls.c:2754: => flush output
ssl_tls.c:2766: <= flush output
ssl_cli.c:3214: => write certificate verify
ssl_tls.c:0628: => derive keys
ssl_tls.c:0705: dumping 'premaster secret' (256 bytes)
ssl_tls.c:0705: 0000:  4e a3 78 73 8b 33 95 d1 62 15 83 5e fc 24 e4 e4  N.xs.3..b..^.$..
ssl_tls.c:0705: 0010:  bd f5 d2 ad 83 78 87 71 88 9b 23 e4 01 af c9 6c  .....x.q..#....l
ssl_tls.c:0705: 0020:  1a 47 77 71 a9 0f e5 4d d3 5e d5 e7 de 7f 7b 5a  .Gwq...M.^....{Z
ssl_tls.c:0705: 0030:  54 7d ac 6f c5 d0 95 58 24 72 4b 91 da 11 d6 33  T}.o...X$rK....3
ssl_tls.c:0705: 0040:  c8 84 fa 16 1c f9 31 28 9a 05 af 48 b4 69 8b b3  ......1(...H.i..
ssl_tls.c:0705: 0050:  c7 1a 9f 79 e2 66 c3 8d e4 30 94 53 a1 f8 37 4e  ...y.f...0.S..7N
ssl_tls.c:0705: 0060:  21 de cc a3 ab b1 28 f3 ba 29 3d 18 3c 99 b1 d9  !.....(..)=.<...
ssl_tls.c:0705: 0070:  6b ba dd 12 fc 5b 66 0e 73 8f 8d 31 0f fb 7c d6  k....[f.s..1..|.
ssl_tls.c:0705: 0080:  04 22 e4 81 65 71 ca 31 99 db 30 0d 7e 6f 7c 62  ."..eq.1..0.~o|b
ssl_tls.c:0705: 0090:  fe 76 c1 64 0a b2 5c 7e c2 e6 49 18 02 50 d5 52  .v.d..\~..I..P.R
ssl_tls.c:0705: 00a0:  43 d6 93 b8 fc 16 8f 19 c1 93 d5 10 cf f9 23 a5  C.............#.
ssl_tls.c:0705: 00b0:  a7 4a c5 23 0d 49 f7 14 37 4a 4d c7 53 4e 65 3b  .J.#.I..7JM.SNe;
ssl_tls.c:0705: 00c0:  71 36 a7 90 d9 c6 70 49 26 20 f1 1f a5 a3 36 af  q6....pI& ....6.
ssl_tls.c:0705: 00d0:  4c 73 cd db 29 2f 27 d5 f1 3e a4 1f 9d 96 51 ad  Ls..)/'..>....Q.
ssl_tls.c:0705: 00e0:  30 45 d9 86 1e 3d c5 c8 19 f5 22 3c be 7c 14 5c  0E...=...."<.|.\
ssl_tls.c:0705: 00f0:  6a 7b 8a f7 d2 72 bf c6 b7 ee 77 3e c5 6f d5 71  j{...r....w>.o.q
ssl_tls.c:0714: using extended master secret
ssl_tls.c:1205: => calc verify sha256
ssl_tls.c:1210: dumping 'calculated verify result' (32 bytes)
ssl_tls.c:1210: 0000:  94 77 84 4f a9 01 12 21 1e d4 2c 47 66 be da b0  .w.O...!..,Gf...
ssl_tls.c:1210: 0010:  54 28 b4 a9 2c 41 00 a7 65 ac 0b 30 ef ca 5f 2a  T(..,A..e..0.._*
ssl_tls.c:1211: <= calc verify
ssl_tls.c:0735: dumping 'session hash' (32 bytes)
ssl_tls.c:0735: 0000:  94 77 84 4f a9 01 12 21 1e d4 2c 47 66 be da b0  .w.O...!..,Gf...
ssl_tls.c:0735: 0010:  54 28 b4 a9 2c 41 00 a7 65 ac 0b 30 ef ca 5f 2a  T(..,A..e..0.._*
ssl_tls.c:0794: ciphersuite = TLS-DHE-RSA-WITH-AES-256-CCM
ssl_tls.c:0796: dumping 'master secret' (48 bytes)
ssl_tls.c:0796: 0000:  c7 51 5e 73 51 f5 af fc bc 75 bb 6b d5 2d 23 d7  .Q^sQ....u.k.-#.
ssl_tls.c:0796: 0010:  84 b9 a1 40 f5 d9 67 c6 7c 14 42 ee c7 80 7c 77  ...@..g.|.B...|w
ssl_tls.c:0796: 0020:  05 2c 91 e7 99 43 78 88 bf b1 aa 0a 4b 48 75 9e  .,...Cx.....KHu.
ssl_tls.c:0797: dumping 'random bytes' (64 bytes)
ssl_tls.c:0797: 0000:  60 de f5 b2 2c 91 40 a2 c5 71 14 60 3d 24 f1 fe  `...,.@..q.`=$..
ssl_tls.c:0797: 0010:  31 40 f3 ff b6 c3 f6 99 d4 f0 59 4e fa b5 66 24  1@........YN..f$
ssl_tls.c:0797: 0020:  85 06 5f a7 37 78 08 d9 4b e0 91 a8 e5 b4 57 24  .._.7x..K.....W$
ssl_tls.c:0797: 0030:  a1 77 23 40 1c 34 45 53 4e 9e 53 80 31 f2 28 ff  .w#@.4ESN.S.1.(.
ssl_tls.c:0798: dumping 'key block' (256 bytes)
ssl_tls.c:0798: 0000:  73 e0 d4 21 69 2d 9c c2 e8 00 27 27 3d 06 da 02  s..!i-....''=...
ssl_tls.c:0798: 0010:  ee e2 40 df 26 a6 d5 62 9a 00 b1 08 e1 7c b7 a8  ..@.&..b.....|..
ssl_tls.c:0798: 0020:  b4 34 1e 89 87 a3 9c 7e 53 9a cb c1 b7 71 5c 7a  .4.....~S....q\z
ssl_tls.c:0798: 0030:  9b 4f 96 53 05 5c 74 8a 15 b9 d6 87 7a 31 3e c9  .O.S.\t.....z1>.
ssl_tls.c:0798: 0040:  fb ca 97 15 29 84 b0 a4 a7 9b 34 4e 66 c9 fa 52  ....).....4Nf..R
ssl_tls.c:0798: 0050:  19 c0 fa d0 99 b6 1e 79 22 5a 48 ba 69 d2 9e 7c  .......y"ZH.i..|
ssl_tls.c:0798: 0060:  b9 04 83 93 1b a8 22 16 57 3a be cc 6c 51 72 15  ......".W:..lQr.
ssl_tls.c:0798: 0070:  65 07 b6 fb 33 83 94 dc c7 c0 41 cb 8e ba 26 22  e...3.....A...&"
ssl_tls.c:0798: 0080:  1d 57 db 37 66 2f 26 f6 b2 e7 08 f6 de 30 d2 e4  .W.7f/&......0..
ssl_tls.c:0798: 0090:  75 ce ad 46 68 26 2a ea 68 41 a4 e5 50 b5 b4 1a  u..Fh&*.hA..P...
ssl_tls.c:0798: 00a0:  8c a2 ee ed 75 97 ef 18 88 6a 63 ba c2 ef 9f 1b  ....u....jc.....
ssl_tls.c:0798: 00b0:  ed ae eb a4 80 fc 48 63 af 5e 52 f9 ad 6f 99 3f  ......Hc.^R..o.?
ssl_tls.c:0798: 00c0:  a5 21 ab 3e 39 6e 40 47 2b c0 ba 2a ba 09 38 c7  .!.>9n@G+..*..8.
ssl_tls.c:0798: 00d0:  b9 1e 92 53 5f 89 b8 c0 d7 f6 a2 5c 7f aa af df  ...S_......\....
ssl_tls.c:0798: 00e0:  b1 e0 cd 51 c5 d3 7a ee 7f 45 d6 7c 13 d0 46 76  ...Q..z..E.|..Fv
ssl_tls.c:0798: 00f0:  4f 17 6c 6f 43 bd 75 b9 c2 be 7c eb 8c ee 44 41  O.loC.u...|...DA
ssl_tls.c:0919: keylen: 32, minlen: 24, ivlen: 12, maclen: 0
ssl_tls.c:1116: <= derive keys
ssl_cli.c:3243: <= skip write certificate verify
ssl_cli.c:3500: client state: 10
ssl_tls.c:2754: => flush output
ssl_tls.c:2766: <= flush output
ssl_tls.c:5876: => write change cipher spec
ssl_tls.c:3183: => write handshake message
ssl_tls.c:3340: => write record
ssl_tls.c:3417: output record: msgtype = 20, version = [3:3], msglen = 1
ssl_tls.c:3422: dumping 'output record sent to network' (6 bytes)
ssl_tls.c:3422: 0000:  14 03 03 00 01 01                                ......
ssl_tls.c:2754: => flush output
ssl_tls.c:2772: message length: 6, out_left: 6
ssl_tls.c:2778: ssl->f_send() returned 6 (-0xfffffffa)
ssl_tls.c:2806: <= flush output
ssl_tls.c:3473: <= write record
ssl_tls.c:3317: <= write handshake message
ssl_tls.c:5890: <= write change cipher spec
ssl_cli.c:3500: client state: 11
ssl_tls.c:2754: => flush output
ssl_tls.c:2766: <= flush output
ssl_tls.c:6395: => write finished
ssl_tls.c:6220: => calc  finished tls sha256
ssl_tls.c:6244: dumping 'calc finished result' (12 bytes)
ssl_tls.c:6244: 0000:  d7 aa 9e bc 7b f6 22 4c 6d 67 d5 cb              ....{."Lmg..
ssl_tls.c:6250: <= calc  finished
ssl_tls.c:6440: switching to new transform spec for outbound data
ssl_tls.c:3183: => write handshake message
ssl_tls.c:3340: => write record
ssl_tls.c:1444: => encrypt buf
ssl_tls.c:1454: dumping 'before encrypt: output payload' (16 bytes)
ssl_tls.c:1454: 0000:  14 00 00 0c d7 aa 9e bc 7b f6 22 4c 6d 67 d5 cb  ........{."Lmg..
ssl_tls.c:1573: dumping 'additional data for AEAD' (13 bytes)
ssl_tls.c:1573: 0000:  00 00 00 00 00 00 00 00 16 03 03 00 10           .............
ssl_tls.c:1603: dumping 'IV used (internal)' (12 bytes)
ssl_tls.c:1603: 0000:  fb ca 97 15 00 00 00 00 00 00 00 00              ............
ssl_tls.c:1605: dumping 'IV used (transmitted)' (8 bytes)
ssl_tls.c:1605: 0000:  00 00 00 00 00 00 00 00                          ........
ssl_tls.c:1615: before encrypt: msglen = 24, including 0 bytes of padding
ssl_tls.c:1642: dumping 'after encrypt: tag' (16 bytes)
ssl_tls.c:1642: 0000:  ad 55 19 d8 c0 6d ff e7 5c 32 c7 9d fe ee 9e 52  .U...m..\2.....R
ssl_tls.c:1780: <= encrypt buf
ssl_tls.c:3417: output record: msgtype = 22, version = [3:3], msglen = 40
ssl_tls.c:3422: dumping 'output record sent to network' (45 bytes)
ssl_tls.c:3422: 0000:  16 03 03 00 28 00 00 00 00 00 00 00 00 c5 0b f1  ....(...........
ssl_tls.c:3422: 0010:  cd 29 93 bc 5b 74 e4 7e 46 cc c5 b0 0b ad 55 19  .)..[t.~F.....U.
ssl_tls.c:3422: 0020:  d8 c0 6d ff e7 5c 32 c7 9d fe ee 9e 52           ..m..\2.....R
ssl_tls.c:2754: => flush output
ssl_tls.c:2772: message length: 45, out_left: 45
ssl_tls.c:2778: ssl->f_send() returned 45 (-0xffffffd3)
ssl_tls.c:2806: <= flush output
ssl_tls.c:3473: <= write record
ssl_tls.c:3317: <= write handshake message
ssl_tls.c:6504: <= write finished
ssl_cli.c:3500: client state: 12
ssl_tls.c:2754: => flush output
ssl_tls.c:2766: <= flush output
ssl_tls.c:5899: => parse change cipher spec
ssl_tls.c:4308: => read record
ssl_tls.c:2535: => fetch input
ssl_tls.c:2695: in_left: 0, nb_want: 5
ssl_tls.c:2719: in_left: 0, nb_want: 5
ssl_tls.c:2721: ssl->f_recv(_timeout)() returned 5 (-0xfffffffb)
ssl_tls.c:2741: <= fetch input
ssl_tls.c:4044: dumping 'input record header' (5 bytes)
ssl_tls.c:4044: 0000:  14 03 03 00 01                                   .....
ssl_tls.c:4050: input record: msgtype = 20, version = [3:3], msglen = 1
ssl_tls.c:2535: => fetch input
ssl_tls.c:2695: in_left: 5, nb_want: 6
ssl_tls.c:2719: in_left: 5, nb_want: 6
ssl_tls.c:2721: ssl->f_recv(_timeout)() returned 1 (-0xffffffff)
ssl_tls.c:2741: <= fetch input
ssl_tls.c:4229: dumping 'input record from network' (6 bytes)
ssl_tls.c:4229: 0000:  14 03 03 00 01 01                                ......
ssl_tls.c:4382: <= read record
ssl_tls.c:5922: switching to new transform spec for inbound data
ssl_tls.c:5963: <= parse change cipher spec
ssl_cli.c:3500: client state: 13
ssl_tls.c:2754: => flush output
ssl_tls.c:2766: <= flush output
ssl_tls.c:6521: => parse finished
ssl_tls.c:6220: => calc  finished tls sha256
ssl_tls.c:6244: dumping 'calc finished result' (12 bytes)
ssl_tls.c:6244: 0000:  0f b7 ba 42 8e b4 99 be 2d 9d 7c ea              ...B....-.|.
ssl_tls.c:6250: <= calc  finished
ssl_tls.c:4308: => read record
ssl_tls.c:2535: => fetch input
ssl_tls.c:2695: in_left: 0, nb_want: 5
ssl_tls.c:2719: in_left: 0, nb_want: 5
ssl_tls.c:2721: ssl->f_recv(_timeout)() returned 5 (-0xfffffffb)
ssl_tls.c:2741: <= fetch input
ssl_tls.c:4044: dumping 'input record header' (5 bytes)
ssl_tls.c:4044: 0000:  16 03 03 00 28                                   ....(
ssl_tls.c:4050: input record: msgtype = 22, version = [3:3], msglen = 40
ssl_tls.c:2535: => fetch input
ssl_tls.c:2695: in_left: 5, nb_want: 45
ssl_tls.c:2719: in_left: 5, nb_want: 45
ssl_tls.c:2721: ssl->f_recv(_timeout)() returned 40 (-0xffffffd8)
ssl_tls.c:2741: <= fetch input
ssl_tls.c:4229: dumping 'input record from network' (45 bytes)
ssl_tls.c:4229: 0000:  16 03 03 00 28 00 00 00 00 00 00 00 00 3e fd 31  ....(........>.1
ssl_tls.c:4229: 0010:  3f 0f 2a 44 c1 c1 54 cd 86 ff 22 23 cf 8c cc bd  ?.*D..T..."#....
ssl_tls.c:4229: 0020:  9c 30 13 33 d4 d6 ab 0d c3 83 35 bc 09           .0.3......5..
ssl_tls.c:1793: => decrypt buf
ssl_tls.c:1880: dumping 'additional data for AEAD' (13 bytes)
ssl_tls.c:1880: 0000:  00 00 00 00 00 00 00 00 16 03 03 00 10           .............
ssl_tls.c:1909: dumping 'IV used' (12 bytes)
ssl_tls.c:1909: 0000:  29 84 b0 a4 00 00 00 00 00 00 00 00              )...........
ssl_tls.c:1910: dumping 'TAG used' (16 bytes)
ssl_tls.c:1910: 0000:  8c cc bd 9c 30 13 33 d4 d6 ab 0d c3 83 35 bc 09  ....0.3......5..
ssl_tls.c:2375: <= decrypt buf
ssl_tls.c:4256: dumping 'input payload after decrypt' (16 bytes)
ssl_tls.c:4256: 0000:  14 00 00 0c 0f b7 ba 42 8e b4 99 be 2d 9d 7c ea  .......B....-.|.
ssl_tls.c:3621: handshake message: msglen = 16, type = 20, hslen = 16
ssl_tls.c:4382: <= read record
ssl_tls.c:6589: <= parse finished
ssl_cli.c:3500: client state: 14
ssl_tls.c:2754: => flush output
ssl_tls.c:2766: <= flush output
ssl_cli.c:3611: handshake: done
ssl_cli.c:3500: client state: 15
ssl_tls.c:2754: => flush output
ssl_tls.c:2766: <= flush output
ssl_tls.c:6333: => handshake wrapup
ssl_tls.c:6306: => handshake wrapup: final free
ssl_tls.c:6326: <= handshake wrapup: final free
ssl_tls.c:6388: <= handshake wrapup
ssl_tls.c:8091: <= handshake
DEBUG: [SSl] Handhake Successful WiFi
ssl_tls.c:8679: => write
ssl_tls.c:3340: => write record
ssl_tls.c:1444: => encrypt buf
ssl_tls.c:1454: dumping 'before encrypt: output payload' (1324 bytes)
ssl_tls.c:1454: 0000:  44 44 3f 00 32 00 0a 51 30 32 30 37 36 35 38 00  DD?.2..Q0207658.
ssl_tls.c:1454: 0010:  3e 00 01 50 56 34 4b 30 39 20 4a 20 00 00 03 a6  >..PV4K09 J ....
ssl_tls.c:1454: 0020:  02 00 04 b4 02 00 f5 d5 00 00 00 00 00 00 00 00  ................
ssl_tls.c:1454: 0030:  00 00 00 00 00 00 00 00 00 00 00 00 00 00 00 00  ................
ssl_tls.c:1454: 0040:  00 00 08 00 13 00 39 00 25 00 fe ff f4 ff ec ff  ......9.%.......
ssl_tls.c:1454: 0050:  eb ff ee ff fb ff ed ff d8 ff e6 ff e8 ff e1 ff  ................
ssl_tls.c:1454: 0060:  e1 ff ee ff 00 00 16 00 1e 00 1b 00 1b 00 1e 00  ................
ssl_tls.c:1454: 0070:  11 00 03 00 2a 00 31 00 24 00 09 00 de ff c7 ff  ....*.1.$.......
ssl_tls.c:1454: 0080:  dd ff de ff db ff dc ff f5 ff f6 ff d3 ff d6 ff  ................
ssl_tls.c:1454: 0090:  f1 ff 12 00 23 00 1d 00 29 00 2a 00 14 00 05 00  ....#...).*.....
ssl_tls.c:1454: 00a0:  2d 00 57 00 34 00 0e 00 fe ff 01 00 15 00 24 00  -.W.4.........$.
ssl_tls.c:1454: 00b0:  2c 00 2c 00 33 00 33 00 2a 00 29 00 2d 00 21 00  ,.,.3.3.*.).-.!.
ssl_tls.c:1454: 00c0:  0e 00 1c 00 39 00 2c 00 21 00 15 00 00 00 06 00  ....9.,.!.......
ssl_tls.c:1454: 00d0:  24 00 21 00 0a 00 07 00 1f 00 37 00 29 00 1d 00  $.!.......7.)...
ssl_tls.c:1454: 00e0:  32 00 27 00 1b 00 22 00 14 00 24 00 22 00 0a 00  2.'..."...$."...
ssl_tls.c:1454: 00f0:  0c 00 f5 ff d3 ff c3 ff d5 ff d5 ff db ff e2 ff  ................
ssl_tls.c:1454: 0100:  e7 ff e3 ff e9 ff f8 ff f6 ff f9 ff e7 ff d5 ff  ................
ssl_tls.c:1454: 0110:  d7 ff e7 ff ef ff ea ff f4 ff f3 ff f6 ff 06 00  ................
ssl_tls.c:1454: 0120:  ff ff 03 00 f2 ff ef ff f4 ff eb ff d7 ff d2 ff  ................
ssl_tls.c:1454: 0130:  d7 ff ea ff fd ff e9 ff e6 ff f9 ff e5 ff e6 ff  ................
ssl_tls.c:1454: 0140:  ee ff f6 ff 08 00 00 00 ef ff e7 ff e1 ff 02 00  ................
ssl_tls.c:1454: 0150:  1d 00 20 00 20 00 0d 00 f8 ff ef ff dd ff ec ff  .. . ...........
ssl_tls.c:1454: 0160:  f8 ff 0f 00 1f 00 e9 ff ca ff f1 ff 0e 00 1c 00  ................
ssl_tls.c:1454: 0170:  11 00 fa ff e9 ff ce ff ca ff e8 ff 04 00 03 00  ................
ssl_tls.c:1454: 0180:  f0 ff d0 ff d1 ff cd ff be ff b7 ff cd ff e8 ff  ................
ssl_tls.c:1454: 0190:  c5 ff bf ff ce ff dd ff f8 ff 07 00 fc ff aa ff  ................
ssl_tls.c:1454: 01a0:  8b ff ac ff e0 ff 0a 00 04 00 fd ff f1 ff da ff  ................
ssl_tls.c:1454: 01b0:  ca ff cf ff df ff 06 00 1a 00 f5 ff f5 ff fb ff  ................
ssl_tls.c:1454: 01c0:  f1 ff f3 ff f3 ff de ff d5 ff e4 ff ea ff e3 ff  ................
ssl_tls.c:1454: 01d0:  00 00 26 00 1c 00 00 00 ee ff e6 ff f7 ff 0d 00  ..&.............
ssl_tls.c:1454: 01e0:  0a 00 1b 00 15 00 0a 00 f3 ff d3 ff d3 ff df ff  ................
ssl_tls.c:1454: 01f0:  f3 ff e7 ff f1 ff 08 00 29 00 27 00 19 00 1c 00  ........).'.....
ssl_tls.c:1454: 0200:  20 00 22 00 08 00 01 00 14 00 2d 00 28 00 0e 00   .".......-.(...
ssl_tls.c:1454: 0210:  0c 00 17 00 2d 00 29 00 ff ff fa ff fb ff ff ff  ....-.).........
ssl_tls.c:1454: 0220:  11 00 28 00 40 00 3d 00 1e 00 f3 ff e0 ff e7 ff  ..(.@.=.........
ssl_tls.c:1454: 0230:  fd ff 04 00 c5 ff b7 ff da ff ee ff f1 ff f9 ff  ................
ssl_tls.c:1454: 0240:  04 00 0a 00 e9 ff d4 ff d6 ff ec ff 15 00 27 00  ..............'.
ssl_tls.c:1454: 0250:  f1 ff ce ff df ff fa ff 10 00 1e 00 11 00 19 00  ................
ssl_tls.c:1454: 0260:  2f 00 0f 00 04 00 09 00 1f 00 33 00 1e 00 13 00  /.........3.....
ssl_tls.c:1454: 0270:  19 00 1d 00 16 00 16 00 20 00 04 00 0b 00 11 00  ........ .......
ssl_tls.c:1454: 0280:  0a 00 06 00 08 00 23 00 2e 00 15 00 30 00 3f 00  ......#.....0.?.
ssl_tls.c:1454: 0290:  43 00 35 00 15 00 15 00 10 00 11 00 31 00 38 00  C.5.........1.8.
ssl_tls.c:1454: 02a0:  21 00 37 00 52 00 4a 00 2e 00 15 00 06 00 fc ff  !.7.R.J.........
ssl_tls.c:1454: 02b0:  f5 ff 02 00 12 00 18 00 28 00 2b 00 03 00 f8 ff  ........(.+.....
ssl_tls.c:1454: 02c0:  0b 00 19 00 1a 00 1b 00 0a 00 05 00 01 00 07 00  ................
ssl_tls.c:1454: 02d0:  08 00 ef ff eb ff eb ff e0 ff d3 ff e1 ff e6 ff  ................
ssl_tls.c:1454: 02e0:  ec ff f9 ff e4 ff d0 ff ed ff 0b 00 03 00 01 00  ................
ssl_tls.c:1454: 02f0:  fc ff ed ff f4 ff d7 ff c1 ff d5 ff de ff e0 ff  ................
ssl_tls.c:1454: 0300:  ee ff fd ff e6 ff cb ff c6 ff c8 ff d9 ff f9 ff  ................
ssl_tls.c:1454: 0310:  0a 00 ec ff d2 ff e0 ff dd ff d4 ff d4 ff e2 ff  ................
ssl_tls.c:1454: 0320:  de ff cf ff c7 ff e7 ff 08 00 15 00 3c 00 3f 00  ............<.?.
ssl_tls.c:1454: 0330:  20 00 2b 00 45 00 3a 00 32 00 2b 00 25 00 18 00   .+.E.:.2.+.%...
ssl_tls.c:1454: 0340:  19 00 13 00 0c 00 13 00 1d 00 06 00 ec ff f3 ff  ................
ssl_tls.c:1454: 0350:  17 00 28 00 28 00 17 00 03 00 14 00 19 00 1a 00  ..(.(...........
ssl_tls.c:1454: 0360:  31 00 3e 00 39 00 25 00 31 00 30 00 33 00 3b 00  1.>.9.%.1.0.3.;.
ssl_tls.c:1454: 0370:  4e 00 41 00 22 00 0f 00 06 00 0f 00 0b 00 0e 00  N.A."...........
ssl_tls.c:1454: 0380:  33 00 32 00 14 00 02 00 ef ff f1 ff f5 ff 0c 00  3.2.............
ssl_tls.c:1454: 0390:  04 00 de ff c6 ff c5 ff ca ff d9 ff f0 ff fd ff  ................
ssl_tls.c:1454: 03a0:  ff ff 03 00 fb ff f2 ff ef ff ec ff e4 ff d8 ff  ................
ssl_tls.c:1454: 03b0:  bc ff a0 ff ae ff bf ff bf ff cd ff e2 ff f1 ff  ................
ssl_tls.c:1454: 03c0:  ec ff f4 ff e6 ff c9 ff c0 ff b1 ff 98 ff 90 ff  ................
ssl_tls.c:1454: 03d0:  98 ff 9d ff a0 ff a5 ff b9 ff d6 ff db ff e3 ff  ................
ssl_tls.c:1454: 03e0:  e6 ff de ff f4 ff 0d 00 16 00 19 00 32 00 3f 00  ............2.?.
ssl_tls.c:1454: 03f0:  32 00 21 00 17 00 21 00 2f 00 44 00 3b 00 21 00  2.!...!./.D.;.!.
ssl_tls.c:1454: 0400:  2e 00 32 00 23 00 23 00 11 00 f9 ff fb ff f9 ff  ..2.#.#.........
ssl_tls.c:1454: 0410:  e8 ff ef ff 21 00 36 00 33 00 11 00 f8 ff 03 00  ....!.6.3.......
ssl_tls.c:1454: 0420:  16 00 1f 00 21 00 22 00 0e 00 0b 00 09 00 11 00  ....!.".........
ssl_tls.c:1454: 0430:  12 00 18 00 1e 00 dc ff 94 ff ac ff df ff e1 ff  ................
ssl_tls.c:1454: 0440:  f0 ff 03 00 04 00 e8 ff eb ff e6 ff f0 ff 01 00  ................
ssl_tls.c:1454: 0450:  08 00 f7 ff fe ff 11 00 11 00 29 00 4c 00 45 00  ..........).L.E.
ssl_tls.c:1454: 0460:  48 00 51 00 50 00 30 00 19 00 0e 00 14 00 0d 00  H.Q.P.0.........
ssl_tls.c:1454: 0470:  09 00 03 00 16 00 27 00 2f 00 34 00 39 00 2b 00  ......'./.4.9.+.
ssl_tls.c:1454: 0480:  26 00 1c 00 18 00 0e 00 fe ff ef ff f4 ff f2 ff  &...............
ssl_tls.c:1454: 0490:  e6 ff f0 ff f2 ff f7 ff f3 ff 18 00 2f 00 20 00  ............/. .
ssl_tls.c:1454: 04a0:  18 00 11 00 23 00 20 00 20 00 25 00 1b 00 07 00  ....#. . .%.....
ssl_tls.c:1454: 04b0:  f8 ff 04 00 12 00 0e 00 10 00 08 00 f7 ff fa ff  ................
ssl_tls.c:1454: 04c0:  dd ff d8 ff ed ff ff ff f2 ff f1 ff ed ff e2 ff  ................
ssl_tls.c:1454: 04d0:  e0 ff de ff d9 ff e2 ff e0 ff d3 ff cb ff e8 ff  ................
ssl_tls.c:1454: 04e0:  f3 ff fa ff 07 00 01 00 f2 ff d9 ff df ff f5 ff  ................
ssl_tls.c:1454: 04f0:  06 00 fd ff dc ff cc ff ca ff ce ff e1 ff c7 ff  ................
ssl_tls.c:1454: 0500:  c0 ff d4 ff e7 ff f1 ff f0 ff eb ff e3 ff ef ff  ................
ssl_tls.c:1454: 0510:  ed ff f1 ff 01 00 ed ff e9 ff fa ff db ff e1 ff  ................
ssl_tls.c:1454: 0520:  04 00 16 00 26 00 44 00 21 69 3b 3b              ....&.D.!i;;
ssl_tls.c:1573: dumping 'additional data for AEAD' (13 bytes)
ssl_tls.c:1573: 0000:  00 00 00 00 00 00 00 01 17 03 03 05 2c           ............,
ssl_tls.c:1603: dumping 'IV used (internal)' (12 bytes)
ssl_tls.c:1603: 0000:  fb ca 97 15 00 00 00 00 00 00 00 01              ............
ssl_tls.c:1605: dumping 'IV used (transmitted)' (8 bytes)
ssl_tls.c:1605: 0000:  00 00 00 00 00 00 00 01                          ........
ssl_tls.c:1615: before encrypt: msglen = 1332, including 0 bytes of padding
ssl_tls.c:1642: dumping 'after encrypt: tag' (16 bytes)
ssl_tls.c:1642: 0000:  6c 15 7a f6 de 76 4b 7e 0b bc 56 dd 2b 34 fe 13  l.z..vK~..V.+4..
ssl_tls.c:1780: <= encrypt buf
ssl_tls.c:3417: output record: msgtype = 23, version = [3:3], msglen = 1348
ssl_tls.c:3422: dumping 'output record sent to network' (1353 bytes)
ssl_tls.c:3422: 0000:  17 03 03 05 44 00 00 00 00 00 00 00 01 cc 83 1c  ....D...........
ssl_tls.c:3422: 0010:  95 99 16 95 46 3e ec 4a a9 de b1 d3 4c 5f 7c 6d  ....F>.J....L_|m
ssl_tls.c:3422: 0020:  55 bd 86 27 6f f4 4f 45 00 93 14 8f 63 ae e4 7f  U..'o.OE....c...
ssl_tls.c:3422: 0030:  fa 39 b1 46 69 ea f8 2a 30 e6 79 0d 90 3a 9c c6  .9.Fi..*0.y..:..
ssl_tls.c:3422: 0040:  58 93 a3 f8 7a 2a 59 8c 94 ac ae 7e 52 ab da 3c  X...z*Y....~R..<
ssl_tls.c:3422: 0050:  2e 86 7d 52 ca 16 5a 33 3b 38 94 32 72 aa 8b 16  ..}R..Z3;8.2r...
ssl_tls.c:3422: 0060:  e1 4f 96 8f b0 46 4b 7b 0e 61 e7 23 1e 62 2e e0  .O...FK{.a.#.b..
ssl_tls.c:3422: 0070:  44 2c 98 b0 52 51 9d 5e 43 97 3d 88 0d d2 a7 1c  D,..RQ.^C.=.....
ssl_tls.c:3422: 0080:  be c0 9b 4d 0b b8 5f bc eb 9a 18 ea de d7 9b 8a  ...M.._.........
ssl_tls.c:3422: 0090:  79 fc b9 3c 1b f7 a7 61 e3 a9 42 e0 d4 6d c2 60  y..<...a..B..m.`
ssl_tls.c:3422: 00a0:  21 66 d7 ba e0 0a 66 1d 10 cb 11 31 3c 23 ff 47  !f....f....1<#.G
ssl_tls.c:3422: 00b0:  ed 1e 79 d4 aa e7 eb 9b 39 01 db d4 e5 15 22 b7  ..y.....9.....".
ssl_tls.c:3422: 00c0:  94 77 97 9a 9b 59 7b 16 76 40 60 e8 95 a8 f5 4b  .w...Y{.v@`....K
ssl_tls.c:3422: 00d0:  79 5a 67 ed d9 e0 35 4f 6f 28 81 ce 70 b6 92 f7  yZg...5Oo(..p...
ssl_tls.c:3422: 00e0:  da 22 e7 a3 31 89 03 af e8 60 ef 32 e2 3e f1 fa  ."..1....`.2.>..
ssl_tls.c:3422: 00f0:  2e 62 54 dd 48 8b bd cc e7 88 e2 56 64 51 21 d3  .bT.H......VdQ!.
ssl_tls.c:3422: 0100:  99 fa fa 30 0a a7 de ad fb 2e dc 0d 4e 2e 51 76  ...0........N.Qv
ssl_tls.c:3422: 0110:  e5 44 f2 53 71 bd ef 3c 67 f8 83 45 20 ff e4 92  .D.Sq..<g..E ...
ssl_tls.c:3422: 0120:  de 56 e4 ca d2 af bb 9f ff a5 8a d7 e0 49 fe 13  .V...........I..
ssl_tls.c:3422: 0130:  8c b0 92 17 2f 23 48 86 59 6f 19 83 4d f8 2f 7c  ..../#H.Yo..M./|
ssl_tls.c:3422: 0140:  5d 92 c9 d1 01 f9 f1 bd c5 4f cc fe 41 11 93 54  ]........O..A..T
ssl_tls.c:3422: 0150:  dc 65 a4 4d 2b 7c 45 67 6a 94 e0 4c fb 5f f0 75  .e.M+|Egj..L._.u
ssl_tls.c:3422: 0160:  3e 81 32 e9 8b ac 8a 54 bd b2 be 69 10 8b c4 08  >.2....T...i....
ssl_tls.c:3422: 0170:  13 7d 93 ac a6 64 9d 21 7a 16 e6 15 07 1e 43 51  .}...d.!z.....CQ
ssl_tls.c:3422: 0180:  0e 63 d6 07 e2 a2 3a fd c2 ed fb a9 da 93 21 bf  .c....:.......!.
ssl_tls.c:3422: 0190:  d7 a9 de 73 fc 76 6d 9c bf a8 bf 04 54 6e 46 30  ...s.vm.....TnF0
ssl_tls.c:3422: 01a0:  22 70 a5 28 26 77 c7 10 99 f3 9a 9b 35 bf 1c d1  "p.(&w......5...
ssl_tls.c:3422: 01b0:  8b 8c 6b 95 4b 31 26 6d 86 e6 10 3c 40 9f 91 bb  ..k.K1&m...<@...
ssl_tls.c:3422: 01c0:  d3 ca 83 7e 66 25 88 5c f4 e9 89 81 46 cb ba 9e  ...~f%.\....F...
ssl_tls.c:3422: 01d0:  db 0d 15 2b 05 f1 90 0a 63 71 07 d6 1c e9 58 e9  ...+....cq....X.
ssl_tls.c:3422: 01e0:  5d 53 29 c3 89 71 b2 07 b7 de 5e bd a8 e2 79 77  ]S)..q....^...yw
ssl_tls.c:3422: 01f0:  0e ff 61 e9 0f 00 b1 e6 94 f6 61 60 65 41 2d 65  ..a.......a`eA-e
ssl_tls.c:3422: 0200:  68 70 2d 31 27 ce f8 2e df 32 85 04 bc e3 81 79  hp-1'....2.....y
ssl_tls.c:3422: 0210:  96 bc f7 50 70 0a 73 ef 1e a5 46 2c 62 25 f6 44  ...Pp.s...F,b%.D
ssl_tls.c:3422: 0220:  87 38 36 fe 07 d6 1e 53 5a fa 74 c1 a8 8a 6f c0  .86....SZ.t...o.
ssl_tls.c:3422: 0230:  c2 bc 7b 35 63 e3 85 e4 95 f6 75 da 16 a5 3d 8f  ..{5c.....u...=.
ssl_tls.c:3422: 0240:  87 d5 42 c9 47 af e3 84 22 c6 8f 25 71 2b 99 16  ..B.G..."..%q+..
ssl_tls.c:3422: 0250:  7f 05 00 e8 8d 18 c6 af 0d 2a a9 74 cd 6c 23 01  .........*.t.l#.
ssl_tls.c:3422: 0260:  d8 72 ca 22 2d 25 ee 16 7f 1c d2 56 be 48 52 b3  .r."-%.....V.HR.
ssl_tls.c:3422: 0270:  eb ff 6a bd f4 38 d8 5c 9c 17 54 34 40 de d4 f3  ..j..8.\..T4@...
ssl_tls.c:3422: 0280:  14 dd 36 73 01 af f4 05 7b 26 4d 0b 3a b8 c8 39  ..6s....{&M.:..9
ssl_tls.c:3422: 0290:  78 b2 1c 98 a3 fe fa 32 ec c5 a9 38 c1 85 5b e1  x......2...8..[.
ssl_tls.c:3422: 02a0:  6e f7 3d 44 cc ab 57 e1 fe c4 59 28 6e e1 4e 02  n.=D..W...Y(n.N.
ssl_tls.c:3422: 02b0:  17 c6 cd 2e b8 70 1e aa 58 7f e9 ea 11 2b b2 1a  .....p..X....+..
ssl_tls.c:3422: 02c0:  4e 79 ce e9 0e 97 78 4a b9 b0 50 bd 3e df ab 50  Ny....xJ..P.>..P
ssl_tls.c:3422: 02d0:  e0 54 70 28 c5 76 9a 5f 04 e1 e8 ff b7 21 29 83  .Tp(.v._.....!).
ssl_tls.c:3422: 02e0:  b2 14 3f de 37 c7 46 de ac 6a fe 73 c7 f4 d4 2a  ..?.7.F..j.s...*
ssl_tls.c:3422: 02f0:  c6 f6 38 0d 11 c6 cd f6 ec a8 c8 03 2d 3f f7 e8  ..8.........-?..
ssl_tls.c:3422: 0300:  de d9 6d c7 27 1e 40 66 a8 83 1f c8 08 63 7e 87  ..m.'.@f.....c~.
ssl_tls.c:3422: 0310:  e5 5f 85 95 96 15 49 aa 44 8c ad 46 d0 bb b2 5d  ._....I.D..F...]
ssl_tls.c:3422: 0320:  09 76 64 8c a0 f5 04 6a ac 47 ef e5 9d 62 44 21  .vd....j.G...bD!
ssl_tls.c:3422: 0330:  69 52 30 46 e1 43 3e c6 e7 7c 82 c9 47 39 f5 88  iR0F.C>..|..G9..
ssl_tls.c:3422: 0340:  69 0a 28 b5 67 b0 f8 86 da 2a d8 dd 12 ac be a4  i.(.g....*......
ssl_tls.c:3422: 0350:  24 cf ca a5 4a ec 26 17 2f 8b b2 d0 91 e1 e5 27  $...J.&./......'
ssl_tls.c:3422: 0360:  2f f0 7e fb 86 2e 6a 77 8f 71 c0 0a 63 56 4c 10  /.~...jw.q..cVL.
ssl_tls.c:3422: 0370:  20 2f 3e 70 0d 12 f3 88 b3 ea 8b 3a 24 02 f7 40   />p.......:$..@
ssl_tls.c:3422: 0380:  4c 21 6d 15 cd d9 2f 81 fc 6e 20 4a e6 06 b0 33  L!m.../..n J...3
ssl_tls.c:3422: 0390:  ef c7 4c af 23 78 ea 15 b9 1f bf 9b 20 cc 39 27  ..L.#x...... .9'
ssl_tls.c:3422: 03a0:  b0 52 76 6c 6c bc ec e6 33 8e 4c b0 88 94 22 60  .Rvll...3.L..."`
ssl_tls.c:3422: 03b0:  c1 6c 95 71 2d ec fc 6d fe bd 34 dc 57 5d 9b ac  .l.q-..m..4.W]..
ssl_tls.c:3422: 03c0:  37 f6 87 c5 32 6d 81 29 db b5 64 7e 26 5e d3 3c  7...2m.)..d~&^.<
ssl_tls.c:3422: 03d0:  81 80 38 8f 87 8b ba 4d 07 77 cd a4 8e a7 31 be  ..8....M.w....1.
ssl_tls.c:3422: 03e0:  c0 2d 5d 64 d9 d2 ab 09 b2 33 ac f3 e6 fd 28 ed  .-]d.....3....(.
ssl_tls.c:3422: 03f0:  b7 45 aa c9 98 23 5e f3 dd 93 e9 ca 08 1d 49 1e  .E...#^.......I.
ssl_tls.c:3422: 0400:  2b 56 0a 63 30 d1 af 19 5a 70 dc 1e 24 f1 25 81  +V.c0...Zp..$.%.
ssl_tls.c:3422: 0410:  82 fd 4e 1d d2 04 23 22 fd 50 06 23 31 f8 a1 86  ..N...#".P.#1...
ssl_tls.c:3422: 0420:  0b 51 1b 3c b8 e2 9f 02 99 99 ae f1 50 22 48 03  .Q.<........P"H.
ssl_tls.c:3422: 0430:  d9 11 16 b1 4b 4e 56 61 4e 01 87 73 c8 e1 30 7e  ....KNVaN..s..0~
ssl_tls.c:3422: 0440:  ac eb 84 47 f7 ae 2a e2 8f 08 46 f0 8a f8 b4 4d  ...G..*...F....M
ssl_tls.c:3422: 0450:  0e 53 7a eb 03 9b 14 bc 10 20 86 24 6f 8a 32 e8  .Sz...... .$o.2.
ssl_tls.c:3422: 0460:  e7 b3 52 87 2e c3 13 a7 03 65 62 bb a0 97 a7 b3  ..R......eb.....
ssl_tls.c:3422: 0470:  28 86 3e 49 b9 8c 0a 20 fe 20 0c 0e 70 46 c7 41  (.>I... . ..pF.A
ssl_tls.c:3422: 0480:  0a 85 ef 89 e5 70 d2 56 ac 93 91 b0 1b 44 7f 53  .....p.V.....D.S
ssl_tls.c:3422: 0490:  9e ec 65 9c dc 16 c5 1e f4 2c 03 d0 7d b4 0a 44  ..e......,..}..D
ssl_tls.c:3422: 04a0:  22 b8 0f 90 e6 8b bd e0 3f 19 27 eb cd ae 70 38  ".......?.'...p8
ssl_tls.c:3422: 04b0:  a5 25 17 2d b6 31 ae 65 45 68 c2 48 0a a4 ef 2b  .%.-.1.eEh.H...+
ssl_tls.c:3422: 04c0:  8f 5b ce d7 e2 bd 38 56 9f 51 56 97 c0 09 3a 24  .[....8V.QV...:$
ssl_tls.c:3422: 04d0:  47 d5 3a e5 91 f6 34 ae 65 e0 93 b4 87 5d d7 ab  G.:...4.e....]..
ssl_tls.c:3422: 04e0:  54 c9 db 57 e8 0a 2c 7a fa 85 c2 45 48 1e 1d 4e  T..W..,z...EH..N
ssl_tls.c:3422: 04f0:  f9 2f e5 42 a6 5c c2 e3 30 de 9c 85 a7 3b 30 f6  ./.B.\..0....;0.
ssl_tls.c:3422: 0500:  45 7b 4b 1e 76 5d cb c7 33 21 3a 84 9e 86 18 13  E{K.v]..3!:.....
ssl_tls.c:3422: 0510:  4a 60 0e f0 89 da d4 bb 17 60 9b af 07 63 95 7b  J`.......`...c.{
ssl_tls.c:3422: 0520:  93 fc 1f 80 66 98 31 ab 50 b1 65 2f 5d 68 1d b0  ....f.1.P.e/]h..
ssl_tls.c:3422: 0530:  fe 2d d3 00 7c 3e 4b 15 1a 6c 15 7a f6 de 76 4b  .-..|>K..l.z..vK
ssl_tls.c:3422: 0540:  7e 0b bc 56 dd 2b 34 fe 13                       ~..V.+4..
ssl_tls.c:2754: => flush output
ssl_tls.c:2772: message length: 1353, out_left: 1353
ssl_tls.c:2778: ssl->f_send() returned 1353 (-0xfffffab7)
ssl_tls.c:2806: <= flush output
ssl_tls.c:3473: <= write record
ssl_tls.c:8707: <= write
ssl_tls.c:8679: => write
ssl_tls.c:3340: => write record
ssl_tls.c:1444: => encrypt buf
ssl_tls.c:1454: dumping 'before encrypt: output payload' (1324 bytes)
ssl_tls.c:1454: 0000:  44 44 3f 00 32 00 0a 51 30 32 30 37 36 35 38 00  DD?.2..Q0207658.
ssl_tls.c:1454: 0010:  3e 00 01 50 56 34 4b 30 39 20 4c 20 00 00 2b a6  >..PV4K09 L ..+.
ssl_tls.c:1454: 0020:  02 00 00 05 02 00 01 d2 3b 00 10 00 20 00 19 00  ........;... ...
ssl_tls.c:1454: 0030:  f4 ff e3 ff be ff a8 ff a9 ff be ff d2 ff e9 ff  ................
ssl_tls.c:1454: 0040:  f8 ff fc ff e6 ff d8 ff c0 ff a4 ff b2 ff d8 ff  ................
ssl_tls.c:1454: 0050:  d9 ff ca ff b1 ff c9 ff ec ff fe ff 07 00 05 00  ................
ssl_tls.c:1454: 0060:  f1 ff e1 ff e0 ff 02 00 1f 00 29 00 20 00 1b 00  ..........). ...
ssl_tls.c:1454: 0070:  1f 00 28 00 34 00 2c 00 27 00 2d 00 29 00 1d 00  ..(.4.,.'.-.)...
ssl_tls.c:1454: 0080:  2d 00 3f 00 46 00 45 00 42 00 21 00 00 00 f7 ff  -.?.F.E.B.!.....
ssl_tls.c:1454: 0090:  0b 00 23 00 1c 00 28 00 30 00 1c 00 12 00 07 00  ..#...(.0.......
ssl_tls.c:1454: 00a0:  f8 ff 0b 00 12 00 f8 ff f1 ff fb ff 1d 00 21 00  ..............!.
ssl_tls.c:1454: 00b0:  27 00 0b 00 f8 ff f1 ff de ff c9 ff c0 ff e6 ff  '...............
ssl_tls.c:1454: 00c0:  ec ff ce ff d8 ff ee ff fa ff 00 00 f4 ff df ff  ................
ssl_tls.c:1454: 00d0:  cc ff e8 ff f1 ff e5 ff e6 ff e7 ff 06 00 fc ff  ................
ssl_tls.c:1454: 00e0:  e5 ff e8 ff e7 ff e3 ff 02 00 fc ff e3 ff d4 ff  ................
ssl_tls.c:1454: 00f0:  d3 ff eb ff ff ff 0b 00 02 00 fc ff e2 ff d4 ff  ................
ssl_tls.c:1454: 0100:  d4 ff 05 00 1b 00 0a 00 13 00 1d 00 12 00 1e 00  ................
ssl_tls.c:1454: 0110:  20 00 01 00 e7 ff d4 ff f9 ff 0f 00 f4 ff ee ff   ...............
ssl_tls.c:1454: 0120:  0b 00 ff ff e6 ff e9 ff d9 ff c8 ff b5 ff b9 ff  ................
ssl_tls.c:1454: 0130:  b3 ff c7 ff e8 ff ed ff e9 ff e5 ff ce ff dc ff  ................
ssl_tls.c:1454: 0140:  e6 ff f1 ff e2 ff cd ff ec ff 0e 00 0f 00 0b 00  ................
ssl_tls.c:1454: 0150:  1e 00 1b 00 08 00 0a 00 1b 00 17 00 17 00 28 00  ..............(.
ssl_tls.c:1454: 0160:  26 00 21 00 25 00 32 00 39 00 47 00 5e 00 53 00  &.!.%.2.9.G.^.S.
ssl_tls.c:1454: 0170:  30 00 24 00 22 00 2c 00 39 00 33 00 3f 00 55 00  0.$.".,.9.3.?.U.
ssl_tls.c:1454: 0180:  4a 00 3d 00 17 00 09 00 28 00 42 00 3a 00 1b 00  J.=.....(.B.:...
ssl_tls.c:1454: 0190:  0e 00 37 00 64 00 68 00 55 00 2d 00 0e 00 f6 ff  ..7.d.h.U.-.....
ssl_tls.c:1454: 01a0:  e3 ff e2 ff e4 ff e7 ff e7 ff 00 00 0d 00 f9 ff  ................
ssl_tls.c:1454: 01b0:  dc ff c9 ff c1 ff d0 ff e9 ff fc ff 03 00 12 00  ................
ssl_tls.c:1454: 01c0:  1e 00 0f 00 f5 ff e4 ff e1 ff e5 ff e9 ff ea ff  ................
ssl_tls.c:1454: 01d0:  f6 ff e5 ff d6 ff d2 ff df ff 02 00 f6 ff dd ff  ................
ssl_tls.c:1454: 01e0:  cc ff d5 ff ef ff f6 ff fb ff 00 00 06 00 10 00  ................
ssl_tls.c:1454: 01f0:  0b 00 09 00 ff ff f4 ff e2 ff db ff ed ff f6 ff  ................
ssl_tls.c:1454: 0200:  e2 ff d2 ff dd ff f2 ff e3 ff ee ff 01 00 f7 ff  ................
ssl_tls.c:1454: 0210:  e4 ff d9 ff f6 ff ff ff 02 00 f1 ff dd ff d2 ff  ................
ssl_tls.c:1454: 0220:  e2 ff d3 ff d1 ff d4 ff f0 ff fe ff fe ff f1 ff  ................
ssl_tls.c:1454: 0230:  dc ff d1 ff d0 ff e7 ff fd ff fa ff da ff c8 ff  ................
ssl_tls.c:1454: 0240:  e7 ff f8 ff 02 00 0a 00 fe ff ea ff fe ff 3c 00  ..............<.
ssl_tls.c:1454: 0250:  45 00 12 00 fc ff 0c 00 14 00 0e 00 07 00 ee ff  E...............
ssl_tls.c:1454: 0260:  eb ff f3 ff 0b 00 19 00 24 00 5b 00 70 00 5c 00  ........$.[.p.\.
ssl_tls.c:1454: 0270:  41 00 26 00 15 00 21 00 2c 00 39 00 30 00 1b 00  A.&...!.,.9.0...
ssl_tls.c:1454: 0280:  0f 00 15 00 21 00 38 00 41 00 39 00 1f 00 04 00  ....!.8.A.9.....
ssl_tls.c:1454: 0290:  06 00 08 00 01 00 e9 ff ea ff fe ff 1e 00 1d 00  ................
ssl_tls.c:1454: 02a0:  20 00 20 00 1a 00 ed ff cf ff ce ff d4 ff 0c 00   . .............
ssl_tls.c:1454: 02b0:  14 00 0a 00 f3 ff bc ff aa ff b4 ff c1 ff d6 ff  ................
ssl_tls.c:1454: 02c0:  d9 ff bb ff b0 ff c2 ff f0 ff ff ff f1 ff d6 ff  ................
ssl_tls.c:1454: 02d0:  c7 ff d6 ff f2 ff f7 ff f1 ff eb ff f1 ff 01 00  ................
ssl_tls.c:1454: 02e0:  fb ff f2 ff ff ff 20 00 2c 00 18 00 1e 00 fc ff  ...... .,.......
ssl_tls.c:1454: 02f0:  de ff e4 ff fb ff 0f 00 2b 00 2f 00 15 00 fa ff  ........+./.....
ssl_tls.c:1454: 0300:  ec ff fd ff 04 00 0d 00 07 00 d4 ff da ff de ff  ................
ssl_tls.c:1454: 0310:  d3 ff eb ff 15 00 0f 00 06 00 06 00 f9 ff 0e 00  ................
ssl_tls.c:1454: 0320:  23 00 1a 00 24 00 1e 00 02 00 05 00 15 00 21 00  #...$.........!.
ssl_tls.c:1454: 0330:  1a 00 f7 ff d4 ff cd ff d3 ff eb ff f4 ff fa ff  ................
ssl_tls.c:1454: 0340:  e3 ff cc ff d9 ff 02 00 18 00 ee ff e0 ff f2 ff  ................
ssl_tls.c:1454: 0350:  00 00 19 00 2b 00 2a 00 18 00 11 00 16 00 10 00  ....+.*.........
ssl_tls.c:1454: 0360:  13 00 23 00 2a 00 28 00 35 00 37 00 22 00 2d 00  ..#.*.(.5.7.".-.
ssl_tls.c:1454: 0370:  3a 00 37 00 14 00 09 00 05 00 0b 00 17 00 01 00  :.7.............
ssl_tls.c:1454: 0380:  ea ff f4 ff 14 00 21 00 11 00 19 00 15 00 ed ff  ......!.........
ssl_tls.c:1454: 0390:  da ff ee ff 24 00 4c 00 46 00 22 00 21 00 08 00  ....$.L.F.".!...
ssl_tls.c:1454: 03a0:  e3 ff e3 ff df ff db ff cd ff c4 ff d4 ff ed ff  ................
ssl_tls.c:1454: 03b0:  ec ff f5 ff f1 ff 01 00 11 00 02 00 f1 ff f9 ff  ................
ssl_tls.c:1454: 03c0:  09 00 05 00 e9 ff bb ff 96 ff 9e ff da ff f3 ff  ................
ssl_tls.c:1454: 03d0:  e7 ff ea ff e3 ff c4 ff cd ff ef ff 07 00 14 00  ................
ssl_tls.c:1454: 03e0:  34 00 39 00 37 00 17 00 0d 00 02 00 f8 ff f8 ff  4.9.7...........
ssl_tls.c:1454: 03f0:  e6 ff eb ff 00 00 fd ff fe ff ee ff da ff cb ff  ................
ssl_tls.c:1454: 0400:  c8 ff ed ff fc ff ea ff ee ff eb ff fc ff f5 ff  ................
ssl_tls.c:1454: 0410:  f2 ff f6 ff 00 00 e9 ff ea ff fe ff 0c 00 06 00  ................
ssl_tls.c:1454: 0420:  27 00 3b 00 1f 00 25 00 31 00 20 00 0c 00 13 00  '.;...%.1. .....
ssl_tls.c:1454: 0430:  0e 00 21 00 3e 00 50 00 4a 00 2b 00 1f 00 25 00  ..!.>.P.J.+...%.
ssl_tls.c:1454: 0440:  2c 00 31 00 34 00 10 00 03 00 fe ff 03 00 14 00  ,.1.4...........
ssl_tls.c:1454: 0450:  10 00 0d 00 14 00 23 00 17 00 00 00 f2 ff ee ff  ......#.........
ssl_tls.c:1454: 0460:  e9 ff f6 ff f7 ff 09 00 0a 00 f4 ff f7 ff e7 ff  ................
ssl_tls.c:1454: 0470:  e8 ff 01 00 10 00 14 00 07 00 f0 ff f6 ff f9 ff  ................
ssl_tls.c:1454: 0480:  e2 ff cd ff cb ff d1 ff e4 ff d8 ff cb ff cd ff  ................
ssl_tls.c:1454: 0490:  ee ff 08 00 fe ff fc ff f6 ff f8 ff f6 ff 0f 00  ................
ssl_tls.c:1454: 04a0:  22 00 17 00 f1 ff f0 ff 04 00 13 00 10 00 12 00  "...............
ssl_tls.c:1454: 04b0:  0a 00 07 00 0f 00 18 00 20 00 25 00 17 00 01 00  ........ .%.....
ssl_tls.c:1454: 04c0:  13 00 24 00 28 00 1a 00 06 00 06 00 02 00 f6 ff  ..$.(...........
ssl_tls.c:1454: 04d0:  f0 ff ee ff 07 00 1c 00 29 00 2c 00 15 00 0c 00  ........).,.....
ssl_tls.c:1454: 04e0:  07 00 0b 00 28 00 26 00 2a 00 32 00 1a 00 30 00  ....(.&.*.2...0.
ssl_tls.c:1454: 04f0:  37 00 2a 00 1f 00 1d 00 1f 00 15 00 f1 ff e3 ff  7.*.............
ssl_tls.c:1454: 0500:  d7 ff ef ff 20 00 2a 00 20 00 1b 00 05 00 e2 ff  .... .*. .......
ssl_tls.c:1454: 0510:  d9 ff d0 ff d3 ff e9 ff ec ff de ff d4 ff e0 ff  ................
ssl_tls.c:1454: 0520:  e7 ff e4 ff f0 ff 02 00 c5 fc 3b 3b              ..........;;
ssl_tls.c:1573: dumping 'additional data for AEAD' (13 bytes)
ssl_tls.c:1573: 0000:  00 00 00 00 00 00 00 02 17 03 03 05 2c           ............,
ssl_tls.c:1603: dumping 'IV used (internal)' (12 bytes)
ssl_tls.c:1603: 0000:  fb ca 97 15 00 00 00 00 00 00 00 02              ............
ssl_tls.c:1605: dumping 'IV used (transmitted)' (8 bytes)
ssl_tls.c:1605: 0000:  00 00 00 00 00 00 00 02                          ........
ssl_tls.c:1615: before encrypt: msglen = 1332, including 0 bytes of padding
ssl_tls.c:1642: dumping 'after encrypt: tag' (16 bytes)
ssl_tls.c:1642: 0000:  a9 1e 40 48 d9 54 ce 1d a4 17 4a 37 c0 d3 92 83  ..@H.T....J7....
ssl_tls.c:1780: <= encrypt buf
ssl_tls.c:3417: output record: msgtype = 23, version = [3:3], msglen = 1348
ssl_tls.c:3422: dumping 'output record sent to network' (1353 bytes)
ssl_tls.c:3422: 0000:  17 03 03 05 44 00 00 00 00 00 00 00 02 5e f2 9c  ....D........^..
ssl_tls.c:3422: 0010:  f1 32 49 d3 d7 ca 7e 88 af 9a 7b fa 5e 5f a5 99  .2I...~...{.^_..
ssl_tls.c:3422: 0020:  66 cd ec 11 bb 4c 4e 50 4f 0b ae 6d db f9 82 98  f....LNPO..m....
ssl_tls.c:3422: 0030:  64 37 12 c2 5b 3f 03 ac 9c 9c f2 c9 44 63 b2 94  d7..[?......Dc..
ssl_tls.c:3422: 0040:  bb 34 ee ea 0c 38 8f 22 54 fc 98 94 50 06 10 8a  .4...8."T...P...
ssl_tls.c:3422: 0050:  44 06 fb f2 3d 0d 8c e0 04 0d b8 8a 5a 0e b1 72  D...=.......Z..r
ssl_tls.c:3422: 0060:  94 a3 24 f7 23 41 52 9d 30 ff 4d ae 72 0a 74 1a  ..$.#AR.0.M.r.t.
ssl_tls.c:3422: 0070:  dd f4 da 34 1d cf 46 e3 83 3d 36 97 f6 f2 4a 80  ...4..F..=6...J.
ssl_tls.c:3422: 0080:  21 8d 7f a5 7e 26 78 7a 7d a1 5f 2d 2b e1 e6 97  !...~&xz}._-+...
ssl_tls.c:3422: 0090:  7c a1 e0 5f 90 fd 8c 01 7a 97 77 a7 fc ef 3e 94  |.._....z.w...>.
ssl_tls.c:3422: 00a0:  7f 5e 2e 13 d5 32 b9 61 95 d2 62 4e 28 d5 43 3a  .^...2.a..bN(.C:
ssl_tls.c:3422: 00b0:  b7 8d 27 ec 7e 10 53 d1 87 a4 f2 3c a7 f3 59 9b  ..'.~.S....<..Y.
ssl_tls.c:3422: 00c0:  46 8e 8b 7a fc d9 2c 55 5d c8 82 0c 26 5b 3a c9  F..z..,U]...&[:.
ssl_tls.c:3422: 00d0:  32 e1 95 50 c9 96 c9 65 9d fd 1f 52 25 79 37 8c  2..P...e...R%y7.
ssl_tls.c:3422: 00e0:  b8 56 20 da c4 fe d2 d0 2b ae f0 f9 ed 53 ce e7  .V .....+....S..
ssl_tls.c:3422: 00f0:  3f 63 c2 34 23 46 83 d4 8b 24 fa d8 47 a4 47 46  ?c.4#F...$..G.GF
ssl_tls.c:3422: 0100:  18 68 b8 88 9f 4e b1 86 33 44 cc c5 8e b0 45 50  .h...N..3D....EP
ssl_tls.c:3422: 0110:  5f 16 2a ee 8f f5 88 04 0b 96 7c a7 f0 6c 80 fc  _.*.......|..l..
ssl_tls.c:3422: 0120:  71 f7 8f 9c db 1b 22 c2 1f 2a eb 8c f1 56 d2 9b  q....."..*...V..
ssl_tls.c:3422: 0130:  2c 67 1a 0c 43 b3 ba 13 8f 8d 3a 1f e8 a4 6b 65  ,g..C.....:...ke
ssl_tls.c:3422: 0140:  18 12 f3 3f 85 a6 ab 66 46 d7 a6 d6 17 8d 64 8f  ...?...fF.....d.
ssl_tls.c:3422: 0150:  01 3a f9 c5 71 0d de 11 be cc 04 be 87 48 49 1e  .:..q........HI.
ssl_tls.c:3422: 0160:  25 c9 4a da f4 bd 73 00 1a 6b 72 d3 f6 bf 42 64  %.J...s..kr...Bd
ssl_tls.c:3422: 0170:  0a 28 7e cd 18 61 05 d3 93 d1 be b5 33 16 ef d3  .(~..a......3...
ssl_tls.c:3422: 0180:  d5 51 8e 10 a5 5e 5f e3 bb 65 e4 c7 54 e2 c4 b4  .Q...^_..e..T...
ssl_tls.c:3422: 0190:  a5 a3 fd 8a 13 a9 b3 57 5f 61 b3 37 80 24 8a 4f  .......W_a.7.$.O
ssl_tls.c:3422: 01a0:  d2 06 53 47 36 b2 f5 bb d3 e1 df 53 8e bc be 70  ..SG6......S...p
ssl_tls.c:3422: 01b0:  11 b6 1b 20 ae f5 97 31 a0 34 9a be 67 ab bb 6c  ... ...1.4..g..l
ssl_tls.c:3422: 01c0:  15 24 e8 0c b5 4d 66 42 19 fb da fa c9 a1 bb dd  .$...MfB........
ssl_tls.c:3422: 01d0:  27 70 94 08 2f 5c e9 8c c4 0f ed 70 8f aa 3e 66  'p../\.....p..>f
ssl_tls.c:3422: 01e0:  71 31 3c 1f 84 37 cb ab a3 77 a0 31 e1 d3 3f 8d  q1<..7...w.1..?.
ssl_tls.c:3422: 01f0:  74 44 1f 8c b3 29 3f 81 60 39 f9 ce 00 59 76 11  tD...)?.`9...Yv.
ssl_tls.c:3422: 0200:  5c 6d d9 d8 5e bd 88 c0 34 b9 02 a6 80 ba 01 80  \m..^...4.......
ssl_tls.c:3422: 0210:  34 04 39 b9 6f c7 22 f7 4f f5 d2 25 d0 17 43 cf  4.9.o.".O..%..C.
ssl_tls.c:3422: 0220:  3b 07 80 64 c0 48 6f b4 1c 14 53 92 e6 8e bc c3  ;..d.Ho...S.....
ssl_tls.c:3422: 0230:  fa 2a 3f 72 38 9b 89 6a 79 6f 37 d9 e4 38 5d 86  .*?r8..jyo7..8].
ssl_tls.c:3422: 0240:  6f 18 f8 f9 0e a4 04 8d 7b d9 5f ef 3a c9 4b c5  o.......{._.:.K.
ssl_tls.c:3422: 0250:  ad e0 15 e8 bb 79 d3 e9 49 1f f0 23 9c 37 8c 49  .....y..I..#.7.I
ssl_tls.c:3422: 0260:  c3 92 17 98 af fe 70 01 e8 7d d4 42 6b c2 1e c1  ......p..}.Bk...
ssl_tls.c:3422: 0270:  bb 07 79 9b 2d dd 11 d4 33 3f 8e 29 4d 47 7f ff  ..y.-...3?.)MG..
ssl_tls.c:3422: 0280:  29 38 cf 7d ed 72 c7 20 6e 1e e3 f2 de 73 f2 da  )8.}.r. n....s..
ssl_tls.c:3422: 0290:  28 08 a7 0f 88 b2 a8 e0 08 3c aa 95 d7 52 a1 0d  (........<...R..
ssl_tls.c:3422: 02a0:  62 5d 41 eb a2 c3 a8 e6 84 4a 48 1d 7b 2b b9 94  b]A......JH.{+..
ssl_tls.c:3422: 02b0:  51 e8 a4 03 15 6e c8 dc 70 af cb 7d 6f 11 32 a1  Q....n..p..}o.2.
ssl_tls.c:3422: 02c0:  73 a6 67 1c 3a 23 cd 0c 99 bb 05 8a 0b 58 5c cf  s.g.:#.......X\.
ssl_tls.c:3422: 02d0:  d7 7e 82 cf a9 6e e8 9f 7f 69 36 97 cc f8 ac 6f  .~...n...i6....o
ssl_tls.c:3422: 02e0:  25 a4 34 a0 84 37 bc 4c fc ea 56 00 f1 91 51 64  %.4..7.L..V...Qd
ssl_tls.c:3422: 02f0:  48 4c e6 05 3c 6b f8 b7 13 c0 f2 79 ea d0 f8 73  HL..<k.....y...s
ssl_tls.c:3422: 0300:  f2 32 e5 4d c5 17 40 6e 14 d0 a8 67 51 da 3e 8e  .2.M..@n...gQ.>.
ssl_tls.c:3422: 0310:  90 b1 9a 9f 4e f4 a2 98 86 a2 90 77 22 8b 31 c5  ....N......w".1.
ssl_tls.c:3422: 0320:  67 65 fa 05 48 c5 6e 05 60 a2 6d 29 d3 7a 44 b1  ge..H.n.`.m).zD.
ssl_tls.c:3422: 0330:  9c 75 34 7e 02 7e 8d d7 85 b3 7b 18 7f bb 23 8a  .u4~.~....{...#.
ssl_tls.c:3422: 0340:  a2 ed 00 08 8e 31 a5 e9 9d ec 9c 6a 42 b8 ba 31  .....1.....jB..1
ssl_tls.c:3422: 0350:  f7 56 ec ec 12 2e 21 60 2a 42 37 7a 70 6e a2 1f  .V....!`*B7zpn..
ssl_tls.c:3422: 0360:  a9 f1 58 a0 b0 9c 1e 29 59 1c e1 9d 05 51 0d ac  ..X....)Y....Q..
ssl_tls.c:3422: 0370:  33 48 c3 d9 b0 c7 11 0b 33 5d ed a0 85 94 be 0f  3H......3]......
ssl_tls.c:3422: 0380:  1a c1 e7 79 ee fc f5 51 6f db b7 e9 c6 a0 69 1f  ...y...Qo.....i.
ssl_tls.c:3422: 0390:  67 cd ab 6c ca 42 54 c4 5d b4 23 15 af 03 16 71  g..l.BT.].#....q
ssl_tls.c:3422: 03a0:  b2 80 01 b1 38 e9 81 ad 59 4d 36 76 84 48 07 63  ....8...YM6v.H.c
ssl_tls.c:3422: 03b0:  05 f8 ad b3 94 20 5f 5c 9c 79 1f 2e 7e b2 1f 8e  ..... _\.y..~...
ssl_tls.c:3422: 03c0:  06 2e f9 fb 14 7b 62 10 1c 0c 09 4b da 9d e8 30  .....{b....K...0
ssl_tls.c:3422: 03d0:  54 53 00 55 71 67 f8 30 7e 16 42 40 64 06 ca 68  TS.Uqg.0~.B@d..h
ssl_tls.c:3422: 03e0:  48 ec e1 98 88 c8 df aa 53 af 92 aa 3c 91 dd 6c  H.......S...<..l
ssl_tls.c:3422: 03f0:  28 a0 2c 2e 92 09 a0 20 87 32 35 70 2e 0b bd ca  (.,.... .25p....
ssl_tls.c:3422: 0400:  23 cf 3d f1 09 52 11 a2 8e 5f 25 0e cc 6a da 86  #.=..R..._%..j..
ssl_tls.c:3422: 0410:  e3 56 22 e4 2e bc 70 65 d6 a7 ee 20 0a 21 68 87  .V"...pe... .!h.
ssl_tls.c:3422: 0420:  dd 1d f9 66 4c 56 47 f5 25 d8 83 a7 4a c5 a8 ba  ...fLVG.%...J...
ssl_tls.c:3422: 0430:  38 a4 c7 47 50 8e 11 60 88 cc fe f7 8a a1 ec d8  8..GP..`........
ssl_tls.c:3422: 0440:  34 d8 9a 99 69 ea 49 10 09 fd cd 98 f7 1b 7b 6c  4...i.I.......{l
ssl_tls.c:3422: 0450:  3a 60 8f d9 24 17 25 7c b6 df d4 4d a0 d4 3a 3c  :`..$.%|...M..:<
ssl_tls.c:3422: 0460:  47 65 99 ca 2a df bd c7 35 8e 5d d0 fa e2 6b 83  Ge..*...5.]...k.
ssl_tls.c:3422: 0470:  6a 76 fe 84 fb 91 50 02 25 ba a9 0e d5 38 b3 a4  jv....P.%....8..
ssl_tls.c:3422: 0480:  32 d7 25 8d a2 b9 4d 59 ec 08 c3 ba 17 88 36 3e  2.%...MY......6>
ssl_tls.c:3422: 0490:  e0 02 5a 4c 4f 68 14 28 14 10 7f 76 db d8 d3 28  ..ZLOh.(...v...(
ssl_tls.c:3422: 04a0:  0d ec 89 6c 90 3a ef 88 dc 49 f3 47 5e 5d 40 93  ...l.:...I.G^]@.
ssl_tls.c:3422: 04b0:  d4 9e cd d7 59 b7 e3 59 c9 a4 0e df 6b 34 f9 6f  ....Y..Y....k4.o
ssl_tls.c:3422: 04c0:  bb 14 53 ba f6 f1 c1 6d 25 63 96 eb ae e9 4c 17  ..S....m%c....L.
ssl_tls.c:3422: 04d0:  f8 35 46 e3 f7 58 2e 8f de 72 6e 39 5b 3b 34 b5  .5F..X...rn9[;4.
ssl_tls.c:3422: 04e0:  72 5f d0 f6 52 4e 1c f8 6a 19 fc 84 8c 7e 86 8a  r_..RN..j....~..
ssl_tls.c:3422: 04f0:  82 e9 75 2d 7f cb 01 68 5c 56 52 e7 8f f5 77 ce  ..u-...h\VR...w.
ssl_tls.c:3422: 0500:  e1 e2 4a 9d a0 22 19 be 3d b6 3a 56 06 b6 6f 83  ..J.."..=.:V..o.
ssl_tls.c:3422: 0510:  80 db 34 d2 8b 22 7e ba 10 59 ae 4e 27 c6 60 e1  ..4.."~..Y.N'.`.
ssl_tls.c:3422: 0520:  cd 83 02 9e 64 a0 81 a9 ba bb 25 ff b8 9a 2e be  ....d.....%.....
ssl_tls.c:3422: 0530:  24 1f b5 2b dd 78 40 6f 97 a9 1e 40 48 d9 54 ce  $..+.x@o...@H.T.
ssl_tls.c:3422: 0540:  1d a4 17 4a 37 c0 d3 92 83                       ...J7....
ssl_tls.c:2754: => flush output
ssl_tls.c:2772: message length: 1353, out_left: 1353
ssl_tls.c:2778: ssl->f_send() returned 1353 (-0xfffffab7)
ssl_tls.c:2806: <= flush output
ssl_tls.c:3473: <= write record
ssl_tls.c:8707: <= write
ssl_tls.c:8679: => write
ssl_tls.c:3340: => write record
ssl_tls.c:1444: => encrypt buf
ssl_tls.c:1454: dumping 'before encrypt: output payload' (1324 bytes)
ssl_tls.c:1454: 0000:  44 44 3f 00 32 00 0a 51 30 32 30 37 36 35 38 00  DD?.2..Q0207658.
ssl_tls.c:1454: 0010:  3e 00 01 50 56 34 4b 30 39 20 4e 20 00 00 53 a6  >..PV4K09 N ..S.
ssl_tls.c:1454: 0020:  02 00 84 b0 02 00 78 60 e8 ff e3