
  . Loading the server cert. and key...
 ok
  . Bind on https://192.168.1.46:4433/ ... ok
  . Seeding the random number generator... ok
  . Setting up the SSL data.... ok
  . Waiting for a remote connection ...
  . Client connected..
 ok
  . Performing the SSL/TLS handshake...../ssl_tls.c:8081: 0x7ffd1518c5d0: => handshake
../ssl_srv.c:4255: 0x7ffd1518c5d0: server state: 0
../ssl_tls.c:2754: 0x7ffd1518c5d0: => flush output
../ssl_tls.c:2766: 0x7ffd1518c5d0: <= flush output
../ssl_srv.c:4255: 0x7ffd1518c5d0: server state: 1
../ssl_tls.c:2754: 0x7ffd1518c5d0: => flush output
../ssl_tls.c:2766: 0x7ffd1518c5d0: <= flush output
../ssl_srv.c:1211: 0x7ffd1518c5d0: => parse client hello
../ssl_tls.c:2535: 0x7ffd1518c5d0: => fetch input
../ssl_tls.c:2695: 0x7ffd1518c5d0: in_left: 0, nb_want: 5
../ssl_tls.c:2719: 0x7ffd1518c5d0: in_left: 0, nb_want: 5
../ssl_tls.c:2721: 0x7ffd1518c5d0: ssl->f_recv(_timeout)() returned 5 (-0xfffffffb)
../ssl_tls.c:2741: 0x7ffd1518c5d0: <= fetch input
../ssl_srv.c:1243: 0x7ffd1518c5d0: dumping 'record header' (5 bytes)
../ssl_srv.c:1243: 0x7ffd1518c5d0: 0000:  16 03 03 01 41                                   ....A
../ssl_srv.c:1254: 0x7ffd1518c5d0: client hello v3, message type: 22
../ssl_srv.c:1263: 0x7ffd1518c5d0: client hello v3, message len.: 321
../ssl_srv.c:1266: 0x7ffd1518c5d0: client hello v3, protocol version: [3:3]
../ssl_tls.c:2535: 0x7ffd1518c5d0: => fetch input
../ssl_tls.c:2695: 0x7ffd1518c5d0: in_left: 5, nb_want: 326
../ssl_tls.c:2719: 0x7ffd1518c5d0: in_left: 5, nb_want: 326
../ssl_tls.c:2721: 0x7ffd1518c5d0: ssl->f_recv(_timeout)() returned 321 (-0xfffffebf)
../ssl_tls.c:2741: 0x7ffd1518c5d0: <= fetch input
../ssl_srv.c:1349: 0x7ffd1518c5d0: dumping 'record contents' (321 bytes)
../ssl_srv.c:1349: 0x7ffd1518c5d0: 0000:  01 00 01 3d 03 03 31 9b 63 c9 13 f5 c2 95 6c 09  ...=..1.c.....l.
../ssl_srv.c:1349: 0x7ffd1518c5d0: 0010:  35 76 21 45 3e 50 d2 81 a8 6c 85 42 e5 57 25 61  5v!E>P...l.B.W%a
../ssl_srv.c:1349: 0x7ffd1518c5d0: 0020:  73 01 57 ab 74 cd 00 00 be c0 ad c0 9f c0 24 c0  s.W.t.........$.
../ssl_srv.c:1349: 0x7ffd1518c5d0: 0030:  28 00 6b c0 0a c0 14 00 39 c0 af c0 a3 c0 73 c0  (.k.....9.....s.
../ssl_srv.c:1349: 0x7ffd1518c5d0: 0040:  77 00 c4 00 88 c0 ac c0 9e c0 23 c0 27 00 67 c0  w.........#.'.g.
../ssl_srv.c:1349: 0x7ffd1518c5d0: 0050:  09 c0 13 00 33 c0 ae c0 a2 c0 72 c0 76 00 be 00  ....3.....r.v...
../ssl_srv.c:1349: 0x7ffd1518c5d0: 0060:  45 c0 08 c0 12 00 16 c0 a7 c0 38 00 b3 c0 36 00  E.........8...6.
../ssl_srv.c:1349: 0x7ffd1518c5d0: 0070:  91 c0 9b c0 97 c0 ab c0 a6 c0 37 00 b2 c0 35 00  ..........7...5.
../ssl_srv.c:1349: 0x7ffd1518c5d0: 0080:  90 c0 96 c0 9a c0 aa c0 34 00 8f c0 9d 00 3d 00  ........4.....=.
../ssl_srv.c:1349: 0x7ffd1518c5d0: 0090:  35 c0 2a c0 0f c0 26 c0 05 c0 a1 00 c0 00 84 c0  5.*...&.........
../ssl_srv.c:1349: 0x7ffd1518c5d0: 00a0:  79 c0 75 c0 9c 00 3c 00 2f c0 29 c0 0e c0 25 c0  y.u...<./.)...%.
../ssl_srv.c:1349: 0x7ffd1518c5d0: 00b0:  04 c0 a0 00 ba 00 41 c0 78 c0 74 00 0a c0 0d c0  ......A.x.t.....
../ssl_srv.c:1349: 0x7ffd1518c5d0: 00c0:  03 00 b7 00 95 c0 99 00 b6 00 94 c0 98 00 93 c0  ................
../ssl_srv.c:1349: 0x7ffd1518c5d0: 00d0:  a5 00 af 00 8d c0 95 c0 a9 c0 a4 00 ae 00 8c c0  ................
../ssl_srv.c:1349: 0x7ffd1518c5d0: 00e0:  94 c0 a8 00 8b 00 ff 01 00 00 56 00 00 00 0e 00  ..........V.....
../ssl_srv.c:1349: 0x7ffd1518c5d0: 00f0:  0c 00 00 09 6c 6f 63 61 6c 68 6f 73 74 00 0d 00  ....localhost...
../ssl_srv.c:1349: 0x7ffd1518c5d0: 0100:  12 00 10 06 03 06 01 05 03 05 01 04 03 04 01 03  ................
../ssl_srv.c:1349: 0x7ffd1518c5d0: 0110:  03 03 01 00 0a 00 18 00 16 00 19 00 1c 00 18 00  ................
../ssl_srv.c:1349: 0x7ffd1518c5d0: 0120:  1b 00 17 00 16 00 1a 00 15 00 14 00 13 00 12 00  ................
../ssl_srv.c:1349: 0x7ffd1518c5d0: 0130:  0b 00 02 01 00 00 16 00 00 00 17 00 00 00 23 00  ..............#.
../ssl_srv.c:1349: 0x7ffd1518c5d0: 0140:  00                                               .
../ssl_srv.c:1367: 0x7ffd1518c5d0: client hello v3, handshake type: 1
../ssl_srv.c:1375: 0x7ffd1518c5d0: client hello v3, handshake len.: 317
../ssl_srv.c:1465: 0x7ffd1518c5d0: dumping 'client hello, version' (2 bytes)
../ssl_srv.c:1465: 0x7ffd1518c5d0: 0000:  03 03                                            ..
../ssl_srv.c:1496: 0x7ffd1518c5d0: dumping 'client hello, random bytes' (32 bytes)
../ssl_srv.c:1496: 0x7ffd1518c5d0: 0000:  31 9b 63 c9 13 f5 c2 95 6c 09 35 76 21 45 3e 50  1.c.....l.5v!E>P
../ssl_srv.c:1496: 0x7ffd1518c5d0: 0010:  d2 81 a8 6c 85 42 e5 57 25 61 73 01 57 ab 74 cd  ...l.B.W%as.W.t.
../ssl_srv.c:1514: 0x7ffd1518c5d0: dumping 'client hello, session id' (0 bytes)
../ssl_srv.c:1598: 0x7ffd1518c5d0: dumping 'client hello, ciphersuitelist' (190 bytes)
../ssl_srv.c:1598: 0x7ffd1518c5d0: 0000:  c0 ad c0 9f c0 24 c0 28 00 6b c0 0a c0 14 00 39  .....$.(.k.....9
../ssl_srv.c:1598: 0x7ffd1518c5d0: 0010:  c0 af c0 a3 c0 73 c0 77 00 c4 00 88 c0 ac c0 9e  .....s.w........
../ssl_srv.c:1598: 0x7ffd1518c5d0: 0020:  c0 23 c0 27 00 67 c0 09 c0 13 00 33 c0 ae c0 a2  .#.'.g.....3....
../ssl_srv.c:1598: 0x7ffd1518c5d0: 0030:  c0 72 c0 76 00 be 00 45 c0 08 c0 12 00 16 c0 a7  .r.v...E........
../ssl_srv.c:1598: 0x7ffd1518c5d0: 0040:  c0 38 00 b3 c0 36 00 91 c0 9b c0 97 c0 ab c0 a6  .8...6..........
../ssl_srv.c:1598: 0x7ffd1518c5d0: 0050:  c0 37 00 b2 c0 35 00 90 c0 96 c0 9a c0 aa c0 34  .7...5.........4
../ssl_srv.c:1598: 0x7ffd1518c5d0: 0060:  00 8f c0 9d 00 3d 00 35 c0 2a c0 0f c0 26 c0 05  .....=.5.*...&..
../ssl_srv.c:1598: 0x7ffd1518c5d0: 0070:  c0 a1 00 c0 00 84 c0 79 c0 75 c0 9c 00 3c 00 2f  .......y.u...<./
../ssl_srv.c:1598: 0x7ffd1518c5d0: 0080:  c0 29 c0 0e c0 25 c0 04 c0 a0 00 ba 00 41 c0 78  .)...%.......A.x
../ssl_srv.c:1598: 0x7ffd1518c5d0: 0090:  c0 74 00 0a c0 0d c0 03 00 b7 00 95 c0 99 00 b6  .t..............
../ssl_srv.c:1598: 0x7ffd1518c5d0: 00a0:  00 94 c0 98 00 93 c0 a5 00 af 00 8d c0 95 c0 a9  ................
../ssl_srv.c:1598: 0x7ffd1518c5d0: 00b0:  c0 a4 00 ae 00 8c c0 94 c0 a8 00 8b 00 ff        ..............
../ssl_srv.c:1618: 0x7ffd1518c5d0: dumping 'client hello, compression' (1 bytes)
../ssl_srv.c:1618: 0x7ffd1518c5d0: 0000:  00                                               .
../ssl_srv.c:1674: 0x7ffd1518c5d0: dumping 'client hello extensions' (86 bytes)
../ssl_srv.c:1674: 0x7ffd1518c5d0: 0000:  00 00 00 0e 00 0c 00 00 09 6c 6f 63 61 6c 68 6f  .........localho
../ssl_srv.c:1674: 0x7ffd1518c5d0: 0010:  73 74 00 0d 00 12 00 10 06 03 06 01 05 03 05 01  st..............
../ssl_srv.c:1674: 0x7ffd1518c5d0: 0020:  04 03 04 01 03 03 03 01 00 0a 00 18 00 16 00 19  ................
../ssl_srv.c:1674: 0x7ffd1518c5d0: 0030:  00 1c 00 18 00 1b 00 17 00 16 00 1a 00 15 00 14  ................
../ssl_srv.c:1674: 0x7ffd1518c5d0: 0040:  00 13 00 12 00 0b 00 02 01 00 00 16 00 00 00 17  ................
../ssl_srv.c:1674: 0x7ffd1518c5d0: 0050:  00 00 00 23 00 00                                ...#..
../ssl_srv.c:1700: 0x7ffd1518c5d0: found ServerName extension
../ssl_srv.c:1724: 0x7ffd1518c5d0: found signature_algorithms extension
../ssl_srv.c:0263: 0x7ffd1518c5d0: client hello v3, signature_algorithm ext: match sig 4 and hash 8
../ssl_srv.c:0263: 0x7ffd1518c5d0: client hello v3, signature_algorithm ext: match sig 1 and hash 8
../ssl_srv.c:0263: 0x7ffd1518c5d0: client hello v3, signature_algorithm ext: match sig 4 and hash 7
../ssl_srv.c:0263: 0x7ffd1518c5d0: client hello v3, signature_algorithm ext: match sig 1 and hash 7
../ssl_srv.c:0263: 0x7ffd1518c5d0: client hello v3, signature_algorithm ext: match sig 4 and hash 6
../ssl_srv.c:0263: 0x7ffd1518c5d0: client hello v3, signature_algorithm ext: match sig 1 and hash 6
../ssl_srv.c:0263: 0x7ffd1518c5d0: client hello v3, signature_algorithm ext: match sig 4 and hash 5
../ssl_srv.c:0263: 0x7ffd1518c5d0: client hello v3, signature_algorithm ext: match sig 1 and hash 5
../ssl_srv.c:1738: 0x7ffd1518c5d0: found supported elliptic curves extension
../ssl_srv.c:1746: 0x7ffd1518c5d0: found supported point formats extension
../ssl_srv.c:0375: 0x7ffd1518c5d0: point format selected: 0
../ssl_srv.c:1788: 0x7ffd1518c5d0: found encrypt then mac extension
../ssl_srv.c:1798: 0x7ffd1518c5d0: found extended master secret extension
../ssl_srv.c:1808: 0x7ffd1518c5d0: found session ticket extension
../ssl_srv.c:1896: 0x7ffd1518c5d0: received TLS_EMPTY_RENEGOTIATION_INFO 
../ssl_srv.c:0820: 0x7ffd1518c5d0: trying ciphersuite: TLS-ECDHE-ECDSA-WITH-AES-256-CCM
../ssl_srv.c:0718: 0x7ffd1518c5d0: ciphersuite requires certificate
../ssl_srv.c:0728: 0x7ffd1518c5d0: candidate certificate chain, certificate #1:
../ssl_srv.c:0728: 0x7ffd1518c5d0: cert. version     : 3
../ssl_srv.c:0728: 0x7ffd1518c5d0: serial number     : 02
../ssl_srv.c:0728: 0x7ffd1518c5d0: issuer name       : C=NL, O=PolarSSL, CN=PolarSSL Test CA
../ssl_srv.c:0728: 0x7ffd1518c5d0: subject name      : C=NL, O=PolarSSL, CN=localhost
../ssl_srv.c:0728: 0x7ffd1518c5d0: issued  on        : 2019-02-10 14:44:06
../ssl_srv.c:0728: 0x7ffd1518c5d0: expires on        : 2029-02-10 14:44:06
../ssl_srv.c:0728: 0x7ffd1518c5d0: signed using      : RSA with SHA-256
../ssl_srv.c:0728: 0x7ffd1518c5d0: RSA key size      : 2048 bits
../ssl_srv.c:0728: 0x7ffd1518c5d0: basic constraints : CA=false
../ssl_srv.c:0728: 0x7ffd1518c5d0: value of 'crt->rsa.N' (2048 bits) is:
../ssl_srv.c:0728: 0x7ffd1518c5d0:  c1 4d a3 dd e7 cd 1d d1 04 d7 49 72 b8 99 ac 0e
../ssl_srv.c:0728: 0x7ffd1518c5d0:  78 e4 3a 3c 4a cf 3a 13 16 d0 5a e4 cd a3 00 88
../ssl_srv.c:0728: 0x7ffd1518c5d0:  a7 ee 1e 6b 96 a7 52 b4 90 ef 2d 72 7a 3e 24 9a
../ssl_srv.c:0728: 0x7ffd1518c5d0:  fc b6 34 ac 24 f5 77 e0 26 64 8c 9c b0 28 7d a1
../ssl_srv.c:0728: 0x7ffd1518c5d0:  da ea 8c e6 c9 1c 96 bc fe c1 04 52 b3 36 d4 a3
../ssl_srv.c:0728: 0x7ffd1518c5d0:  fa e1 b1 76 d8 90 c1 61 b4 66 52 36 a2 26 53 aa
../ssl_srv.c:0728: 0x7ffd1518c5d0:  ab 74 5e 07 7d 19 82 db 2a d8 1f a0 d9 0d 1c 2d
../ssl_srv.c:0728: 0x7ffd1518c5d0:  49 66 f7 5b 25 73 46 e8 0b 8a 4f 69 0c b5 00 90
../ssl_srv.c:0728: 0x7ffd1518c5d0:  e1 da 82 10 66 7d ae 54 2b 8b 65 79 91 a1 e2 61
../ssl_srv.c:0728: 0x7ffd1518c5d0:  c3 cd 40 49 08 ee 68 0c f1 8b 86 d2 46 bf d0 b8
../ssl_srv.c:0728: 0x7ffd1518c5d0:  aa 11 03 1e 7f 56 a8 1a 1e 44 18 0f 0f 85 8b da
../ssl_srv.c:0728: 0x7ffd1518c5d0:  8b 44 5e e2 18 c6 62 2f c7 66 8d fa 5d d8 7d f3
../ssl_srv.c:0728: 0x7ffd1518c5d0:  27 89 29 01 c5 90 0e 3f 27 f1 30 c8 4a 0e ef d6
../ssl_srv.c:0728: 0x7ffd1518c5d0:  de c7 c7 27 6b c7 05 3d 7a c4 02 3c 9a 1d 3e 0f
../ssl_srv.c:0728: 0x7ffd1518c5d0:  e8 34 98 5b cb 73 4b 52 96 d8 11 a2 2c 80 88 69
../ssl_srv.c:0728: 0x7ffd1518c5d0:  39 5a d3 0f b0 de 59 2f 11 c7 f7 ea 12 01 30 97
../ssl_srv.c:0728: 0x7ffd1518c5d0: value of 'crt->rsa.E' (17 bits) is:
../ssl_srv.c:0728: 0x7ffd1518c5d0:  01 00 01
../ssl_srv.c:0728: 0x7ffd1518c5d0: candidate certificate chain, certificate #2:
../ssl_srv.c:0728: 0x7ffd1518c5d0: cert. version     : 3
../ssl_srv.c:0728: 0x7ffd1518c5d0: serial number     : 03
../ssl_srv.c:0728: 0x7ffd1518c5d0: issuer name       : C=NL, O=PolarSSL, CN=PolarSSL Test CA
../ssl_srv.c:0728: 0x7ffd1518c5d0: subject name      : C=NL, O=PolarSSL, CN=PolarSSL Test CA
../ssl_srv.c:0728: 0x7ffd1518c5d0: issued  on        : 2019-02-10 14:44:00
../ssl_srv.c:0728: 0x7ffd1518c5d0: expires on        : 2029-02-10 14:44:00
../ssl_srv.c:0728: 0x7ffd1518c5d0: signed using      : RSA with SHA-256
../ssl_srv.c:0728: 0x7ffd1518c5d0: RSA key size      : 2048 bits
../ssl_srv.c:0728: 0x7ffd1518c5d0: basic constraints : CA=true
../ssl_srv.c:0728: 0x7ffd1518c5d0: value of 'crt->rsa.N' (2048 bits) is:
../ssl_srv.c:0728: 0x7ffd1518c5d0:  c0 df 37 fc 17 bb e0 96 9d 3f 86 de 96 32 7d 44
../ssl_srv.c:0728: 0x7ffd1518c5d0:  a5 16 a0 cd 21 f1 99 d4 ec ea cb 7c 18 58 08 94
../ssl_srv.c:0728: 0x7ffd1518c5d0:  a5 ec 9b c5 8b df 1a 1e 99 38 99 87 1e 7b c0 8d
../ssl_srv.c:0728: 0x7ffd1518c5d0:  39 df 38 5d 70 78 07 d3 9e d9 93 e8 b9 72 51 c5
../ssl_srv.c:0728: 0x7ffd1518c5d0:  ce a3 30 52 a9 f2 e7 40 70 14 cb 44 a2 72 0b c2
../ssl_srv.c:0728: 0x7ffd1518c5d0:  e5 40 f9 3e e5 a6 0e b3 f9 ec 4a 63 c0 b8 29 00
../ssl_srv.c:0728: 0x7ffd1518c5d0:  74 9c 57 3b a8 a5 04 90 71 f1 bd 83 d9 3f d6 a5
../ssl_srv.c:0728: 0x7ffd1518c5d0:  e2 3c 2a 8f ef 27 60 c3 c6 9f cb ba ec 60 7d b7
../ssl_srv.c:0728: 0x7ffd1518c5d0:  e6 84 32 be 4f fb 58 26 22 03 5b d4 b4 d5 fb f5
../ssl_srv.c:0728: 0x7ffd1518c5d0:  e3 96 2e 70 c0 e4 2e bd fc 2e ee e2 41 55 c0 34
../ssl_srv.c:0728: 0x7ffd1518c5d0:  2e 7d 24 72 69 cb 47 b1 14 40 83 7d 67 f4 86 f6
../ssl_srv.c:0728: 0x7ffd1518c5d0:  31 ab f1 79 a4 b2 b5 2e 12 f9 84 17 f0 62 6f 27
../ssl_srv.c:0728: 0x7ffd1518c5d0:  3e 13 58 b1 54 0d 21 9a 73 37 a1 30 cf 6f 92 dc
../ssl_srv.c:0728: 0x7ffd1518c5d0:  f6 e9 fc ac db 2e 28 d1 7e 02 4b 23 a0 15 f2 38
../ssl_srv.c:0728: 0x7ffd1518c5d0:  65 64 09 ea 0c 6e 8e 1b 17 a0 71 c8 b3 9b c9 ab
../ssl_srv.c:0728: 0x7ffd1518c5d0:  e9 c3 f2 cf 87 96 8f 80 02 32 9e 99 58 6f a2 d5
../ssl_srv.c:0728: 0x7ffd1518c5d0: value of 'crt->rsa.E' (17 bits) is:
../ssl_srv.c:0728: 0x7ffd1518c5d0:  01 00 01
../ssl_srv.c:0733: 0x7ffd1518c5d0: certificate mismatch: key type
../ssl_srv.c:0908: 0x7ffd1518c5d0: ciphersuite mismatch: no suitable certificate
../ssl_srv.c:0820: 0x7ffd1518c5d0: trying ciphersuite: TLS-DHE-RSA-WITH-AES-256-CCM
../ssl_srv.c:0718: 0x7ffd1518c5d0: ciphersuite requires certificate
../ssl_srv.c:0728: 0x7ffd1518c5d0: candidate certificate chain, certificate #1:
../ssl_srv.c:0728: 0x7ffd1518c5d0: cert. version     : 3
../ssl_srv.c:0728: 0x7ffd1518c5d0: serial number     : 02
../ssl_srv.c:0728: 0x7ffd1518c5d0: issuer name       : C=NL, O=PolarSSL, CN=PolarSSL Test CA
../ssl_srv.c:0728: 0x7ffd1518c5d0: subject name      : C=NL, O=PolarSSL, CN=localhost
../ssl_srv.c:0728: 0x7ffd1518c5d0: issued  on        : 2019-02-10 14:44:06
../ssl_srv.c:0728: 0x7ffd1518c5d0: expires on        : 2029-02-10 14:44:06
../ssl_srv.c:0728: 0x7ffd1518c5d0: signed using      : RSA with SHA-256
../ssl_srv.c:0728: 0x7ffd1518c5d0: RSA key size      : 2048 bits
../ssl_srv.c:0728: 0x7ffd1518c5d0: basic constraints : CA=false
../ssl_srv.c:0728: 0x7ffd1518c5d0: value of 'crt->rsa.N' (2048 bits) is:
../ssl_srv.c:0728: 0x7ffd1518c5d0:  c1 4d a3 dd e7 cd 1d d1 04 d7 49 72 b8 99 ac 0e
../ssl_srv.c:0728: 0x7ffd1518c5d0:  78 e4 3a 3c 4a cf 3a 13 16 d0 5a e4 cd a3 00 88
../ssl_srv.c:0728: 0x7ffd1518c5d0:  a7 ee 1e 6b 96 a7 52 b4 90 ef 2d 72 7a 3e 24 9a
../ssl_srv.c:0728: 0x7ffd1518c5d0:  fc b6 34 ac 24 f5 77 e0 26 64 8c 9c b0 28 7d a1
../ssl_srv.c:0728: 0x7ffd1518c5d0:  da ea 8c e6 c9 1c 96 bc fe c1 04 52 b3 36 d4 a3
../ssl_srv.c:0728: 0x7ffd1518c5d0:  fa e1 b1 76 d8 90 c1 61 b4 66 52 36 a2 26 53 aa
../ssl_srv.c:0728: 0x7ffd1518c5d0:  ab 74 5e 07 7d 19 82 db 2a d8 1f a0 d9 0d 1c 2d
../ssl_srv.c:0728: 0x7ffd1518c5d0:  49 66 f7 5b 25 73 46 e8 0b 8a 4f 69 0c b5 00 90
../ssl_srv.c:0728: 0x7ffd1518c5d0:  e1 da 82 10 66 7d ae 54 2b 8b 65 79 91 a1 e2 61
../ssl_srv.c:0728: 0x7ffd1518c5d0:  c3 cd 40 49 08 ee 68 0c f1 8b 86 d2 46 bf d0 b8
../ssl_srv.c:0728: 0x7ffd1518c5d0:  aa 11 03 1e 7f 56 a8 1a 1e 44 18 0f 0f 85 8b da
../ssl_srv.c:0728: 0x7ffd1518c5d0:  8b 44 5e e2 18 c6 62 2f c7 66 8d fa 5d d8 7d f3
../ssl_srv.c:0728: 0x7ffd1518c5d0:  27 89 29 01 c5 90 0e 3f 27 f1 30 c8 4a 0e ef d6
../ssl_srv.c:0728: 0x7ffd1518c5d0:  de c7 c7 27 6b c7 05 3d 7a c4 02 3c 9a 1d 3e 0f
../ssl_srv.c:0728: 0x7ffd1518c5d0:  e8 34 98 5b cb 73 4b 52 96 d8 11 a2 2c 80 88 69
../ssl_srv.c:0728: 0x7ffd1518c5d0:  39 5a d3 0f b0 de 59 2f 11 c7 f7 ea 12 01 30 97
../ssl_srv.c:0728: 0x7ffd1518c5d0: value of 'crt->rsa.E' (17 bits) is:
../ssl_srv.c:0728: 0x7ffd1518c5d0:  01 00 01
../ssl_srv.c:0728: 0x7ffd1518c5d0: candidate certificate chain, certificate #2:
../ssl_srv.c:0728: 0x7ffd1518c5d0: cert. version     : 3
../ssl_srv.c:0728: 0x7ffd1518c5d0: serial number     : 03
../ssl_srv.c:0728: 0x7ffd1518c5d0: issuer name       : C=NL, O=PolarSSL, CN=PolarSSL Test CA
../ssl_srv.c:0728: 0x7ffd1518c5d0: subject name      : C=NL, O=PolarSSL, CN=PolarSSL Test CA
../ssl_srv.c:0728: 0x7ffd1518c5d0: issued  on        : 2019-02-10 14:44:00
../ssl_srv.c:0728: 0x7ffd1518c5d0: expires on        : 2029-02-10 14:44:00
../ssl_srv.c:0728: 0x7ffd1518c5d0: signed using      : RSA with SHA-256
../ssl_srv.c:0728: 0x7ffd1518c5d0: RSA key size      : 2048 bits
../ssl_srv.c:0728: 0x7ffd1518c5d0: basic constraints : CA=true
../ssl_srv.c:0728: 0x7ffd1518c5d0: value of 'crt->rsa.N' (2048 bits) is:
../ssl_srv.c:0728: 0x7ffd1518c5d0:  c0 df 37 fc 17 bb e0 96 9d 3f 86 de 96 32 7d 44
../ssl_srv.c:0728: 0x7ffd1518c5d0:  a5 16 a0 cd 21 f1 99 d4 ec ea cb 7c 18 58 08 94
../ssl_srv.c:0728: 0x7ffd1518c5d0:  a5 ec 9b c5 8b df 1a 1e 99 38 99 87 1e 7b c0 8d
../ssl_srv.c:0728: 0x7ffd1518c5d0:  39 df 38 5d 70 78 07 d3 9e d9 93 e8 b9 72 51 c5
../ssl_srv.c:0728: 0x7ffd1518c5d0:  ce a3 30 52 a9 f2 e7 40 70 14 cb 44 a2 72 0b c2
../ssl_srv.c:0728: 0x7ffd1518c5d0:  e5 40 f9 3e e5 a6 0e b3 f9 ec 4a 63 c0 b8 29 00
../ssl_srv.c:0728: 0x7ffd1518c5d0:  74 9c 57 3b a8 a5 04 90 71 f1 bd 83 d9 3f d6 a5
../ssl_srv.c:0728: 0x7ffd1518c5d0:  e2 3c 2a 8f ef 27 60 c3 c6 9f cb ba ec 60 7d b7
../ssl_srv.c:0728: 0x7ffd1518c5d0:  e6 84 32 be 4f fb 58 26 22 03 5b d4 b4 d5 fb f5
../ssl_srv.c:0728: 0x7ffd1518c5d0:  e3 96 2e 70 c0 e4 2e bd fc 2e ee e2 41 55 c0 34
../ssl_srv.c:0728: 0x7ffd1518c5d0:  2e 7d 24 72 69 cb 47 b1 14 40 83 7d 67 f4 86 f6
../ssl_srv.c:0728: 0x7ffd1518c5d0:  31 ab f1 79 a4 b2 b5 2e 12 f9 84 17 f0 62 6f 27
../ssl_srv.c:0728: 0x7ffd1518c5d0:  3e 13 58 b1 54 0d 21 9a 73 37 a1 30 cf 6f 92 dc
../ssl_srv.c:0728: 0x7ffd1518c5d0:  f6 e9 fc ac db 2e 28 d1 7e 02 4b 23 a0 15 f2 38
../ssl_srv.c:0728: 0x7ffd1518c5d0:  65 64 09 ea 0c 6e 8e 1b 17 a0 71 c8 b3 9b c9 ab
../ssl_srv.c:0728: 0x7ffd1518c5d0:  e9 c3 f2 cf 87 96 8f 80 02 32 9e 99 58 6f a2 d5
../ssl_srv.c:0728: 0x7ffd1518c5d0: value of 'crt->rsa.E' (17 bits) is:
../ssl_srv.c:0728: 0x7ffd1518c5d0:  01 00 01
../ssl_srv.c:0790: 0x7ffd1518c5d0: selected certificate chain, certificate #1:
../ssl_srv.c:0790: 0x7ffd1518c5d0: cert. version     : 3
../ssl_srv.c:0790: 0x7ffd1518c5d0: serial number     : 02
../ssl_srv.c:0790: 0x7ffd1518c5d0: issuer name       : C=NL, O=PolarSSL, CN=PolarSSL Test CA
../ssl_srv.c:0790: 0x7ffd1518c5d0: subject name      : C=NL, O=PolarSSL, CN=localhost
../ssl_srv.c:0790: 0x7ffd1518c5d0: issued  on        : 2019-02-10 14:44:06
../ssl_srv.c:0790: 0x7ffd1518c5d0: expires on        : 2029-02-10 14:44:06
../ssl_srv.c:0790: 0x7ffd1518c5d0: signed using      : RSA with SHA-256
../ssl_srv.c:0790: 0x7ffd1518c5d0: RSA key size      : 2048 bits
../ssl_srv.c:0790: 0x7ffd1518c5d0: basic constraints : CA=false
../ssl_srv.c:0790: 0x7ffd1518c5d0: value of 'crt->rsa.N' (2048 bits) is:
../ssl_srv.c:0790: 0x7ffd1518c5d0:  c1 4d a3 dd e7 cd 1d d1 04 d7 49 72 b8 99 ac 0e
../ssl_srv.c:0790: 0x7ffd1518c5d0:  78 e4 3a 3c 4a cf 3a 13 16 d0 5a e4 cd a3 00 88
../ssl_srv.c:0790: 0x7ffd1518c5d0:  a7 ee 1e 6b 96 a7 52 b4 90 ef 2d 72 7a 3e 24 9a
../ssl_srv.c:0790: 0x7ffd1518c5d0:  fc b6 34 ac 24 f5 77 e0 26 64 8c 9c b0 28 7d a1
../ssl_srv.c:0790: 0x7ffd1518c5d0:  da ea 8c e6 c9 1c 96 bc fe c1 04 52 b3 36 d4 a3
../ssl_srv.c:0790: 0x7ffd1518c5d0:  fa e1 b1 76 d8 90 c1 61 b4 66 52 36 a2 26 53 aa
../ssl_srv.c:0790: 0x7ffd1518c5d0:  ab 74 5e 07 7d 19 82 db 2a d8 1f a0 d9 0d 1c 2d
../ssl_srv.c:0790: 0x7ffd1518c5d0:  49 66 f7 5b 25 73 46 e8 0b 8a 4f 69 0c b5 00 90
../ssl_srv.c:0790: 0x7ffd1518c5d0:  e1 da 82 10 66 7d ae 54 2b 8b 65 79 91 a1 e2 61
../ssl_srv.c:0790: 0x7ffd1518c5d0:  c3 cd 40 49 08 ee 68 0c f1 8b 86 d2 46 bf d0 b8
../ssl_srv.c:0790: 0x7ffd1518c5d0:  aa 11 03 1e 7f 56 a8 1a 1e 44 18 0f 0f 85 8b da
../ssl_srv.c:0790: 0x7ffd1518c5d0:  8b 44 5e e2 18 c6 62 2f c7 66 8d fa 5d d8 7d f3
../ssl_srv.c:0790: 0x7ffd1518c5d0:  27 89 29 01 c5 90 0e 3f 27 f1 30 c8 4a 0e ef d6
../ssl_srv.c:0790: 0x7ffd1518c5d0:  de c7 c7 27 6b c7 05 3d 7a c4 02 3c 9a 1d 3e 0f
../ssl_srv.c:0790: 0x7ffd1518c5d0:  e8 34 98 5b cb 73 4b 52 96 d8 11 a2 2c 80 88 69
../ssl_srv.c:0790: 0x7ffd1518c5d0:  39 5a d3 0f b0 de 59 2f 11 c7 f7 ea 12 01 30 97
../ssl_srv.c:0790: 0x7ffd1518c5d0: value of 'crt->rsa.E' (17 bits) is:
../ssl_srv.c:0790: 0x7ffd1518c5d0:  01 00 01
../ssl_srv.c:0790: 0x7ffd1518c5d0: selected certificate chain, certificate #2:
../ssl_srv.c:0790: 0x7ffd1518c5d0: cert. version     : 3
../ssl_srv.c:0790: 0x7ffd1518c5d0: serial number     : 03
../ssl_srv.c:0790: 0x7ffd1518c5d0: issuer name       : C=NL, O=PolarSSL, CN=PolarSSL Test CA
../ssl_srv.c:0790: 0x7ffd1518c5d0: subject name      : C=NL, O=PolarSSL, CN=PolarSSL Test CA
../ssl_srv.c:0790: 0x7ffd1518c5d0: issued  on        : 2019-02-10 14:44:00
../ssl_srv.c:0790: 0x7ffd1518c5d0: expires on        : 2029-02-10 14:44:00
../ssl_srv.c:0790: 0x7ffd1518c5d0: signed using      : RSA with SHA-256
../ssl_srv.c:0790: 0x7ffd1518c5d0: RSA key size      : 2048 bits
../ssl_srv.c:0790: 0x7ffd1518c5d0: basic constraints : CA=true
../ssl_srv.c:0790: 0x7ffd1518c5d0: value of 'crt->rsa.N' (2048 bits) is:
../ssl_srv.c:0790: 0x7ffd1518c5d0:  c0 df 37 fc 17 bb e0 96 9d 3f 86 de 96 32 7d 44
../ssl_srv.c:0790: 0x7ffd1518c5d0:  a5 16 a0 cd 21 f1 99 d4 ec ea cb 7c 18 58 08 94
../ssl_srv.c:0790: 0x7ffd1518c5d0:  a5 ec 9b c5 8b df 1a 1e 99 38 99 87 1e 7b c0 8d
../ssl_srv.c:0790: 0x7ffd1518c5d0:  39 df 38 5d 70 78 07 d3 9e d9 93 e8 b9 72 51 c5
../ssl_srv.c:0790: 0x7ffd1518c5d0:  ce a3 30 52 a9 f2 e7 40 70 14 cb 44 a2 72 0b c2
../ssl_srv.c:0790: 0x7ffd1518c5d0:  e5 40 f9 3e e5 a6 0e b3 f9 ec 4a 63 c0 b8 29 00
../ssl_srv.c:0790: 0x7ffd1518c5d0:  74 9c 57 3b a8 a5 04 90 71 f1 bd 83 d9 3f d6 a5
../ssl_srv.c:0790: 0x7ffd1518c5d0:  e2 3c 2a 8f ef 27 60 c3 c6 9f cb ba ec 60 7d b7
../ssl_srv.c:0790: 0x7ffd1518c5d0:  e6 84 32 be 4f fb 58 26 22 03 5b d4 b4 d5 fb f5
../ssl_srv.c:0790: 0x7ffd1518c5d0:  e3 96 2e 70 c0 e4 2e bd fc 2e ee e2 41 55 c0 34
../ssl_srv.c:0790: 0x7ffd1518c5d0:  2e 7d 24 72 69 cb 47 b1 14 40 83 7d 67 f4 86 f6
../ssl_srv.c:0790: 0x7ffd1518c5d0:  31 ab f1 79 a4 b2 b5 2e 12 f9 84 17 f0 62 6f 27
../ssl_srv.c:0790: 0x7ffd1518c5d0:  3e 13 58 b1 54 0d 21 9a 73 37 a1 30 cf 6f 92 dc
../ssl_srv.c:0790: 0x7ffd1518c5d0:  f6 e9 fc ac db 2e 28 d1 7e 02 4b 23 a0 15 f2 38
../ssl_srv.c:0790: 0x7ffd1518c5d0:  65 64 09 ea 0c 6e 8e 1b 17 a0 71 c8 b3 9b c9 ab
../ssl_srv.c:0790: 0x7ffd1518c5d0:  e9 c3 f2 cf 87 96 8f 80 02 32 9e 99 58 6f a2 d5
../ssl_srv.c:0790: 0x7ffd1518c5d0: value of 'crt->rsa.E' (17 bits) is:
../ssl_srv.c:0790: 0x7ffd1518c5d0:  01 00 01
../ssl_srv.c:1999: 0x7ffd1518c5d0: selected ciphersuite: TLS-DHE-RSA-WITH-AES-256-CCM
../ssl_srv.c:2022: 0x7ffd1518c5d0: client hello v3, signature_algorithm ext: 6
../ssl_srv.c:2033: 0x7ffd1518c5d0: <= parse client hello
../ssl_srv.c:4255: 0x7ffd1518c5d0: server state: 2
../ssl_tls.c:2754: 0x7ffd1518c5d0: => flush output
../ssl_tls.c:2766: 0x7ffd1518c5d0: <= flush output
../ssl_srv.c:2417: 0x7ffd1518c5d0: => write server hello
../ssl_srv.c:2450: 0x7ffd1518c5d0: server hello, chosen version: [3:3]
../ssl_srv.c:2460: 0x7ffd1518c5d0: server hello, current time: 1625224457
../ssl_srv.c:2475: 0x7ffd1518c5d0: dumping 'server hello, random bytes' (32 bytes)
../ssl_srv.c:2475: 0x7ffd1518c5d0: 0000:  60 de f5 09 b7 8f f8 12 6c 95 f6 39 86 50 28 84  `.......l..9.P(.
../ssl_srv.c:2475: 0x7ffd1518c5d0: 0010:  f5 68 ee f4 88 29 62 49 0e 9f dd de e3 b7 cd c5  .h...)bI........
../ssl_srv.c:2548: 0x7ffd1518c5d0: server hello, session id len.: 32
../ssl_srv.c:2549: 0x7ffd1518c5d0: dumping 'server hello, session id' (32 bytes)
../ssl_srv.c:2549: 0x7ffd1518c5d0: 0000:  4e 14 00 cf cd 82 3f f6 74 0a 43 83 d4 d5 36 8a  N.....?.t.C...6.
../ssl_srv.c:2549: 0x7ffd1518c5d0: 0010:  67 af 86 45 d1 6a ef 76 7e 0e 96 9b e8 c3 8d 52  g..E.j.v~......R
../ssl_srv.c:2550: 0x7ffd1518c5d0: no session has been resumed
../ssl_srv.c:2557: 0x7ffd1518c5d0: server hello, chosen ciphersuite: TLS-DHE-RSA-WITH-AES-256-CCM
../ssl_srv.c:2559: 0x7ffd1518c5d0: server hello, compress alg.: 0x00
../ssl_srv.c:2170: 0x7ffd1518c5d0: server hello, secure renegotiation extension
../ssl_srv.c:2120: 0x7ffd1518c5d0: server hello, adding extended master secret extension
../ssl_srv.c:2619: 0x7ffd1518c5d0: server hello, total extension length: 9
../ssl_tls.c:3183: 0x7ffd1518c5d0: => write handshake message
../ssl_tls.c:3340: 0x7ffd1518c5d0: => write record
../ssl_tls.c:3417: 0x7ffd1518c5d0: output record: msgtype = 22, version = [3:3], msglen = 85
../ssl_tls.c:3422: 0x7ffd1518c5d0: dumping 'output record sent to network' (90 bytes)
../ssl_tls.c:3422: 0x7ffd1518c5d0: 0000:  16 03 03 00 55 02 00 00 51 03 03 60 de f5 09 b7  ....U...Q..`....
../ssl_tls.c:3422: 0x7ffd1518c5d0: 0010:  8f f8 12 6c 95 f6 39 86 50 28 84 f5 68 ee f4 88  ...l..9.P(..h...
../ssl_tls.c:3422: 0x7ffd1518c5d0: 0020:  29 62 49 0e 9f dd de e3 b7 cd c5 20 4e 14 00 cf  )bI........ N...
../ssl_tls.c:3422: 0x7ffd1518c5d0: 0030:  cd 82 3f f6 74 0a 43 83 d4 d5 36 8a 67 af 86 45  ..?.t.C...6.g..E
../ssl_tls.c:3422: 0x7ffd1518c5d0: 0040:  d1 6a ef 76 7e 0e 96 9b e8 c3 8d 52 c0 9f 00 00  .j.v~......R....
../ssl_tls.c:3422: 0x7ffd1518c5d0: 0050:  09 ff 01 00 01 00 00 17 00 00                    ..........
../ssl_tls.c:2754: 0x7ffd1518c5d0: => flush output
../ssl_tls.c:2772: 0x7ffd1518c5d0: message length: 90, out_left: 90
../ssl_tls.c:2778: 0x7ffd1518c5d0: ssl->f_send() returned 90 (-0xffffffa6)
../ssl_tls.c:2806: 0x7ffd1518c5d0: <= flush output
../ssl_tls.c:3473: 0x7ffd1518c5d0: <= write record
../ssl_tls.c:3317: 0x7ffd1518c5d0: <= write handshake message
../ssl_srv.c:2638: 0x7ffd1518c5d0: <= write server hello
../ssl_srv.c:4255: 0x7ffd1518c5d0: server state: 3
../ssl_tls.c:2754: 0x7ffd1518c5d0: => flush output
../ssl_tls.c:2766: 0x7ffd1518c5d0: <= flush output
../ssl_tls.c:5326: 0x7ffd1518c5d0: => write certificate
../ssl_tls.c:5378: 0x7ffd1518c5d0: own certificate #1:
../ssl_tls.c:5378: 0x7ffd1518c5d0: cert. version     : 3
../ssl_tls.c:5378: 0x7ffd1518c5d0: serial number     : 02
../ssl_tls.c:5378: 0x7ffd1518c5d0: issuer name       : C=NL, O=PolarSSL, CN=PolarSSL Test CA
../ssl_tls.c:5378: 0x7ffd1518c5d0: subject name      : C=NL, O=PolarSSL, CN=localhost
../ssl_tls.c:5378: 0x7ffd1518c5d0: issued  on        : 2019-02-10 14:44:06
../ssl_tls.c:5378: 0x7ffd1518c5d0: expires on        : 2029-02-10 14:44:06
../ssl_tls.c:5378: 0x7ffd1518c5d0: signed using      : RSA with SHA-256
../ssl_tls.c:5378: 0x7ffd1518c5d0: RSA key size      : 2048 bits
../ssl_tls.c:5378: 0x7ffd1518c5d0: basic constraints : CA=false
../ssl_tls.c:5378: 0x7ffd1518c5d0: value of 'crt->rsa.N' (2048 bits) is:
../ssl_tls.c:5378: 0x7ffd1518c5d0:  c1 4d a3 dd e7 cd 1d d1 04 d7 49 72 b8 99 ac 0e
../ssl_tls.c:5378: 0x7ffd1518c5d0:  78 e4 3a 3c 4a cf 3a 13 16 d0 5a e4 cd a3 00 88
../ssl_tls.c:5378: 0x7ffd1518c5d0:  a7 ee 1e 6b 96 a7 52 b4 90 ef 2d 72 7a 3e 24 9a
../ssl_tls.c:5378: 0x7ffd1518c5d0:  fc b6 34 ac 24 f5 77 e0 26 64 8c 9c b0 28 7d a1
../ssl_tls.c:5378: 0x7ffd1518c5d0:  da ea 8c e6 c9 1c 96 bc fe c1 04 52 b3 36 d4 a3
../ssl_tls.c:5378: 0x7ffd1518c5d0:  fa e1 b1 76 d8 90 c1 61 b4 66 52 36 a2 26 53 aa
../ssl_tls.c:5378: 0x7ffd1518c5d0:  ab 74 5e 07 7d 19 82 db 2a d8 1f a0 d9 0d 1c 2d
../ssl_tls.c:5378: 0x7ffd1518c5d0:  49 66 f7 5b 25 73 46 e8 0b 8a 4f 69 0c b5 00 90
../ssl_tls.c:5378: 0x7ffd1518c5d0:  e1 da 82 10 66 7d ae 54 2b 8b 65 79 91 a1 e2 61
../ssl_tls.c:5378: 0x7ffd1518c5d0:  c3 cd 40 49 08 ee 68 0c f1 8b 86 d2 46 bf d0 b8
../ssl_tls.c:5378: 0x7ffd1518c5d0:  aa 11 03 1e 7f 56 a8 1a 1e 44 18 0f 0f 85 8b da
../ssl_tls.c:5378: 0x7ffd1518c5d0:  8b 44 5e e2 18 c6 62 2f c7 66 8d fa 5d d8 7d f3
../ssl_tls.c:5378: 0x7ffd1518c5d0:  27 89 29 01 c5 90 0e 3f 27 f1 30 c8 4a 0e ef d6
../ssl_tls.c:5378: 0x7ffd1518c5d0:  de c7 c7 27 6b c7 05 3d 7a c4 02 3c 9a 1d 3e 0f
../ssl_tls.c:5378: 0x7ffd1518c5d0:  e8 34 98 5b cb 73 4b 52 96 d8 11 a2 2c 80 88 69
../ssl_tls.c:5378: 0x7ffd1518c5d0:  39 5a d3 0f b0 de 59 2f 11 c7 f7 ea 12 01 30 97
../ssl_tls.c:5378: 0x7ffd1518c5d0: value of 'crt->rsa.E' (17 bits) is:
../ssl_tls.c:5378: 0x7ffd1518c5d0:  01 00 01
../ssl_tls.c:5378: 0x7ffd1518c5d0: own certificate #2:
../ssl_tls.c:5378: 0x7ffd1518c5d0: cert. version     : 3
../ssl_tls.c:5378: 0x7ffd1518c5d0: serial number     : 03
../ssl_tls.c:5378: 0x7ffd1518c5d0: issuer name       : C=NL, O=PolarSSL, CN=PolarSSL Test CA
../ssl_tls.c:5378: 0x7ffd1518c5d0: subject name      : C=NL, O=PolarSSL, CN=PolarSSL Test CA
../ssl_tls.c:5378: 0x7ffd1518c5d0: issued  on        : 2019-02-10 14:44:00
../ssl_tls.c:5378: 0x7ffd1518c5d0: expires on        : 2029-02-10 14:44:00
../ssl_tls.c:5378: 0x7ffd1518c5d0: signed using      : RSA with SHA-256
../ssl_tls.c:5378: 0x7ffd1518c5d0: RSA key size      : 2048 bits
../ssl_tls.c:5378: 0x7ffd1518c5d0: basic constraints : CA=true
../ssl_tls.c:5378: 0x7ffd1518c5d0: value of 'crt->rsa.N' (2048 bits) is:
../ssl_tls.c:5378: 0x7ffd1518c5d0:  c0 df 37 fc 17 bb e0 96 9d 3f 86 de 96 32 7d 44
../ssl_tls.c:5378: 0x7ffd1518c5d0:  a5 16 a0 cd 21 f1 99 d4 ec ea cb 7c 18 58 08 94
../ssl_tls.c:5378: 0x7ffd1518c5d0:  a5 ec 9b c5 8b df 1a 1e 99 38 99 87 1e 7b c0 8d
../ssl_tls.c:5378: 0x7ffd1518c5d0:  39 df 38 5d 70 78 07 d3 9e d9 93 e8 b9 72 51 c5
../ssl_tls.c:5378: 0x7ffd1518c5d0:  ce a3 30 52 a9 f2 e7 40 70 14 cb 44 a2 72 0b c2
../ssl_tls.c:5378: 0x7ffd1518c5d0:  e5 40 f9 3e e5 a6 0e b3 f9 ec 4a 63 c0 b8 29 00
../ssl_tls.c:5378: 0x7ffd1518c5d0:  74 9c 57 3b a8 a5 04 90 71 f1 bd 83 d9 3f d6 a5
../ssl_tls.c:5378: 0x7ffd1518c5d0:  e2 3c 2a 8f ef 27 60 c3 c6 9f cb ba ec 60 7d b7
../ssl_tls.c:5378: 0x7ffd1518c5d0:  e6 84 32 be 4f fb 58 26 22 03 5b d4 b4 d5 fb f5
../ssl_tls.c:5378: 0x7ffd1518c5d0:  e3 96 2e 70 c0 e4 2e bd fc 2e ee e2 41 55 c0 34
../ssl_tls.c:5378: 0x7ffd1518c5d0:  2e 7d 24 72 69 cb 47 b1 14 40 83 7d 67 f4 86 f6
../ssl_tls.c:5378: 0x7ffd1518c5d0:  31 ab f1 79 a4 b2 b5 2e 12 f9 84 17 f0 62 6f 27
../ssl_tls.c:5378: 0x7ffd1518c5d0:  3e 13 58 b1 54 0d 21 9a 73 37 a1 30 cf 6f 92 dc
../ssl_tls.c:5378: 0x7ffd1518c5d0:  f6 e9 fc ac db 2e 28 d1 7e 02 4b 23 a0 15 f2 38
../ssl_tls.c:5378: 0x7ffd1518c5d0:  65 64 09 ea 0c 6e 8e 1b 17 a0 71 c8 b3 9b c9 ab
../ssl_tls.c:5378: 0x7ffd1518c5d0:  e9 c3 f2 cf 87 96 8f 80 02 32 9e 99 58 6f a2 d5
../ssl_tls.c:5378: 0x7ffd1518c5d0: value of 'crt->rsa.E' (17 bits) is:
../ssl_tls.c:5378: 0x7ffd1518c5d0:  01 00 01
../ssl_tls.c:3183: 0x7ffd1518c5d0: => write handshake message
../ssl_tls.c:3340: 0x7ffd1518c5d0: => write record
../ssl_tls.c:3417: 0x7ffd1518c5d0: output record: msgtype = 22, version = [3:3], msglen = 1677
../ssl_tls.c:3422: 0x7ffd1518c5d0: dumping 'output record sent to network' (1682 bytes)
../ssl_tls.c:3422: 0x7ffd1518c5d0: 0000:  16 03 03 06 8d 0b 00 06 89 00 06 86 00 03 3b 30  ..............;0
../ssl_tls.c:3422: 0x7ffd1518c5d0: 0010:  82 03 37 30 82 02 1f a0 03 02 01 02 02 01 02 30  ..70...........0
../ssl_tls.c:3422: 0x7ffd1518c5d0: 0020:  0d 06 09 2a 86 48 86 f7 0d 01 01 0b 05 00 30 3b  ...*.H........0;
../ssl_tls.c:3422: 0x7ffd1518c5d0: 0030:  31 0b 30 09 06 03 55 04 06 13 02 4e 4c 31 11 30  1.0...U....NL1.0
../ssl_tls.c:3422: 0x7ffd1518c5d0: 0040:  0f 06 03 55 04 0a 0c 08 50 6f 6c 61 72 53 53 4c  ...U....PolarSSL
../ssl_tls.c:3422: 0x7ffd1518c5d0: 0050:  31 19 30 17 06 03 55 04 03 0c 10 50 6f 6c 61 72  1.0...U....Polar
../ssl_tls.c:3422: 0x7ffd1518c5d0: 0060:  53 53 4c 20 54 65 73 74 20 43 41 30 1e 17 0d 31  SSL Test CA0...1
../ssl_tls.c:3422: 0x7ffd1518c5d0: 0070:  39 30 32 31 30 31 34 34 34 30 36 5a 17 0d 32 39  90210144406Z..29
../ssl_tls.c:3422: 0x7ffd1518c5d0: 0080:  30 32 31 30 31 34 34 34 30 36 5a 30 34 31 0b 30  0210144406Z041.0
../ssl_tls.c:3422: 0x7ffd1518c5d0: 0090:  09 06 03 55 04 06 13 02 4e 4c 31 11 30 0f 06 03  ...U....NL1.0...
../ssl_tls.c:3422: 0x7ffd1518c5d0: 00a0:  55 04 0a 0c 08 50 6f 6c 61 72 53 53 4c 31 12 30  U....PolarSSL1.0
../ssl_tls.c:3422: 0x7ffd1518c5d0: 00b0:  10 06 03 55 04 03 0c 09 6c 6f 63 61 6c 68 6f 73  ...U....localhos
../ssl_tls.c:3422: 0x7ffd1518c5d0: 00c0:  74 30 82 01 22 30 0d 06 09 2a 86 48 86 f7 0d 01  t0.."0...*.H....
../ssl_tls.c:3422: 0x7ffd1518c5d0: 00d0:  01 01 05 00 03 82 01 0f 00 30 82 01 0a 02 82 01  .........0......
../ssl_tls.c:3422: 0x7ffd1518c5d0: 00e0:  01 00 c1 4d a3 dd e7 cd 1d d1 04 d7 49 72 b8 99  ...M........Ir..
../ssl_tls.c:3422: 0x7ffd1518c5d0: 00f0:  ac 0e 78 e4 3a 3c 4a cf 3a 13 16 d0 5a e4 cd a3  ..x.:<J.:...Z...
../ssl_tls.c:3422: 0x7ffd1518c5d0: 0100:  00 88 a7 ee 1e 6b 96 a7 52 b4 90 ef 2d 72 7a 3e  .....k..R...-rz>
../ssl_tls.c:3422: 0x7ffd1518c5d0: 0110:  24 9a fc b6 34 ac 24 f5 77 e0 26 64 8c 9c b0 28  $...4.$.w.&d...(
../ssl_tls.c:3422: 0x7ffd1518c5d0: 0120:  7d a1 da ea 8c e6 c9 1c 96 bc fe c1 04 52 b3 36  }............R.6
../ssl_tls.c:3422: 0x7ffd1518c5d0: 0130:  d4 a3 fa e1 b1 76 d8 90 c1 61 b4 66 52 36 a2 26  .....v...a.fR6.&
../ssl_tls.c:3422: 0x7ffd1518c5d0: 0140:  53 aa ab 74 5e 07 7d 19 82 db 2a d8 1f a0 d9 0d  S..t^.}...*.....
../ssl_tls.c:3422: 0x7ffd1518c5d0: 0150:  1c 2d 49 66 f7 5b 25 73 46 e8 0b 8a 4f 69 0c b5  .-If.[%sF...Oi..
../ssl_tls.c:3422: 0x7ffd1518c5d0: 0160:  00 90 e1 da 82 10 66 7d ae 54 2b 8b 65 79 91 a1  ......f}.T+.ey..
../ssl_tls.c:3422: 0x7ffd1518c5d0: 0170:  e2 61 c3 cd 40 49 08 ee 68 0c f1 8b 86 d2 46 bf  .a..@I..h.....F.
../ssl_tls.c:3422: 0x7ffd1518c5d0: 0180:  d0 b8 aa 11 03 1e 7f 56 a8 1a 1e 44 18 0f 0f 85  .......V...D....
../ssl_tls.c:3422: 0x7ffd1518c5d0: 0190:  8b da 8b 44 5e e2 18 c6 62 2f c7 66 8d fa 5d d8  ...D^...b/.f..].
../ssl_tls.c:3422: 0x7ffd1518c5d0: 01a0:  7d f3 27 89 29 01 c5 90 0e 3f 27 f1 30 c8 4a 0e  }.'.)....?'.0.J.
../ssl_tls.c:3422: 0x7ffd1518c5d0: 01b0:  ef d6 de c7 c7 27 6b c7 05 3d 7a c4 02 3c 9a 1d  .....'k..=z..<..
../ssl_tls.c:3422: 0x7ffd1518c5d0: 01c0:  3e 0f e8 34 98 5b cb 73 4b 52 96 d8 11 a2 2c 80  >..4.[.sKR....,.
../ssl_tls.c:3422: 0x7ffd1518c5d0: 01d0:  88 69 39 5a d3 0f b0 de 59 2f 11 c7 f7 ea 12 01  .i9Z....Y/......
../ssl_tls.c:3422: 0x7ffd1518c5d0: 01e0:  30 97 02 03 01 00 01 a3 4d 30 4b 30 09 06 03 55  0.......M0K0...U
../ssl_tls.c:3422: 0x7ffd1518c5d0: 01f0:  1d 13 04 02 30 00 30 1d 06 03 55 1d 0e 04 16 04  ....0.0...U.....
../ssl_tls.c:3422: 0x7ffd1518c5d0: 0200:  14 a5 05 e8 64 b8 dc df 60 0f 50 12 4d 60 a8 64  ....d...`.P.M`.d
../ssl_tls.c:3422: 0x7ffd1518c5d0: 0210:  af 4d 8b 43 93 30 1f 06 03 55 1d 23 04 18 30 16  .M.C.0...U.#..0.
../ssl_tls.c:3422: 0x7ffd1518c5d0: 0220:  80 14 b4 5a e4 a5 b3 de d2 52 f6 b9 d5 a6 95 0f  ...Z.....R......
../ssl_tls.c:3422: 0x7ffd1518c5d0: 0230:  eb 3e bc c7 fd ff 30 0d 06 09 2a 86 48 86 f7 0d  .>....0...*.H...
../ssl_tls.c:3422: 0x7ffd1518c5d0: 0240:  01 01 0b 05 00 03 82 01 01 00 2e 3a e4 52 61 3e  ...........:.Ra>
../ssl_tls.c:3422: 0x7ffd1518c5d0: 0250:  a7 a5 ef 32 67 80 72 07 26 ba a3 ff 05 40 c4 60  ...2g.r.&....@.`
../ssl_tls.c:3422: 0x7ffd1518c5d0: 0260:  05 39 31 77 f7 a5 ca 01 31 80 a7 e1 d1 0a a2 7c  .91w....1......|
../ssl_tls.c:3422: 0x7ffd1518c5d0: 0270:  d5 1c ba d0 23 4a d6 30 f3 93 c7 6f e8 ce 94 1e  ....#J.0...o....
../ssl_tls.c:3422: 0x7ffd1518c5d0: 0280:  84 bb 44 81 62 33 ff 6b 5d 00 9b 25 f8 8f 0f 9c  ..D.b3.k]..%....
../ssl_tls.c:3422: 0x7ffd1518c5d0: 0290:  4c 4d e8 d9 a7 99 f9 51 81 c0 9b 1b 31 0d a6 b3  LM.....Q....1...
../ssl_tls.c:3422: 0x7ffd1518c5d0: 02a0:  7c 0e 45 b8 18 64 7e 89 0a 2b a8 c3 e0 4a bd d4  |.E..d~..+...J..
../ssl_tls.c:3422: 0x7ffd1518c5d0: 02b0:  2f 78 c4 62 9b e9 7e 3f 56 46 8f 17 b7 2a a0 10  /x.b..~?VF...*..
../ssl_tls.c:3422: 0x7ffd1518c5d0: 02c0:  70 fd b1 f1 6b 05 dc d1 41 0f 8e a6 b2 88 1a 42  p...k...A......B
../ssl_tls.c:3422: 0x7ffd1518c5d0: 02d0:  61 4f eb 26 85 59 80 ba 85 54 fe cf c7 7b 2f 6b  aO.&.Y...T...{/k
../ssl_tls.c:3422: 0x7ffd1518c5d0: 02e0:  59 ce ac dc 7c ac f3 c8 d6 12 7e 64 e8 3c 99 a8  Y...|.....~d.<..
../ssl_tls.c:3422: 0x7ffd1518c5d0: 02f0:  8f 4f 11 d9 9c 15 4b 6a 44 92 2d 0c bf b1 67 96  .O....KjD.-...g.
../ssl_tls.c:3422: 0x7ffd1518c5d0: 0300:  c9 ac ce d5 19 eb 6f 18 eb 6e 04 2d 60 ac f4 7b  ......o..n.-`..{
../ssl_tls.c:3422: 0x7ffd1518c5d0: 0310:  79 f0 1a 9b b5 c3 5d ef 7d c9 05 99 44 81 84 75  y.....].}...D..u
../ssl_tls.c:3422: 0x7ffd1518c5d0: 0320:  c7 ec 00 12 fc 7a 4a 0b 82 07 ec 6d 86 02 4d fe  .....zJ....m..M.
../ssl_tls.c:3422: 0x7ffd1518c5d0: 0330:  9f c8 92 48 de f5 b1 9c e9 c6 89 d0 c1 56 e8 a4  ...H.........V..
../ssl_tls.c:3422: 0x7ffd1518c5d0: 0340:  c6 6a 2e 66 c1 9b fe d6 3c b7 00 03 45 30 82 03  .j.f....<...E0..
../ssl_tls.c:3422: 0x7ffd1518c5d0: 0350:  41 30 82 02 29 a0 03 02 01 02 02 01 03 30 0d 06  A0..)........0..
../ssl_tls.c:3422: 0x7ffd1518c5d0: 0360:  09 2a 86 48 86 f7 0d 01 01 0b 05 00 30 3b 31 0b  .*.H........0;1.
../ssl_tls.c:3422: 0x7ffd1518c5d0: 0370:  30 09 06 03 55 04 06 13 02 4e 4c 31 11 30 0f 06  0...U....NL1.0..
../ssl_tls.c:3422: 0x7ffd1518c5d0: 0380:  03 55 04 0a 0c 08 50 6f 6c 61 72 53 53 4c 31 19  .U....PolarSSL1.
../ssl_tls.c:3422: 0x7ffd1518c5d0: 0390:  30 17 06 03 55 04 03 0c 10 50 6f 6c 61 72 53 53  0...U....PolarSS
../ssl_tls.c:3422: 0x7ffd1518c5d0: 03a0:  4c 20 54 65 73 74 20 43 41 30 1e 17 0d 31 39 30  L Test CA0...190
../ssl_tls.c:3422: 0x7ffd1518c5d0: 03b0:  32 31 30 31 34 34 34 30 30 5a 17 0d 32 39 30 32  210144400Z..2902
../ssl_tls.c:3422: 0x7ffd1518c5d0: 03c0:  31 30 31 34 34 34 30 30 5a 30 3b 31 0b 30 09 06  10144400Z0;1.0..
../ssl_tls.c:3422: 0x7ffd1518c5d0: 03d0:  03 55 04 06 13 02 4e 4c 31 11 30 0f 06 03 55 04  .U....NL1.0...U.
../ssl_tls.c:3422: 0x7ffd1518c5d0: 03e0:  0a 0c 08 50 6f 6c 61 72 53 53 4c 31 19 30 17 06  ...PolarSSL1.0..
../ssl_tls.c:3422: 0x7ffd1518c5d0: 03f0:  03 55 04 03 0c 10 50 6f 6c 61 72 53 53 4c 20 54  .U....PolarSSL T
../ssl_tls.c:3422: 0x7ffd1518c5d0: 0400:  65 73 74 20 43 41 30 82 01 22 30 0d 06 09 2a 86  est CA0.."0...*.
../ssl_tls.c:3422: 0x7ffd1518c5d0: 0410:  48 86 f7 0d 01 01 01 05 00 03 82 01 0f 00 30 82  H.............0.
../ssl_tls.c:3422: 0x7ffd1518c5d0: 0420:  01 0a 02 82 01 01 00 c0 df 37 fc 17 bb e0 96 9d  .........7......
../ssl_tls.c:3422: 0x7ffd1518c5d0: 0430:  3f 86 de 96 32 7d 44 a5 16 a0 cd 21 f1 99 d4 ec  ?...2}D....!....
../ssl_tls.c:3422: 0x7ffd1518c5d0: 0440:  ea cb 7c 18 58 08 94 a5 ec 9b c5 8b df 1a 1e 99  ..|.X...........
../ssl_tls.c:3422: 0x7ffd1518c5d0: 0450:  38 99 87 1e 7b c0 8d 39 df 38 5d 70 78 07 d3 9e  8...{..9.8]px...
../ssl_tls.c:3422: 0x7ffd1518c5d0: 0460:  d9 93 e8 b9 72 51 c5 ce a3 30 52 a9 f2 e7 40 70  ....rQ...0R...@p
../ssl_tls.c:3422: 0x7ffd1518c5d0: 0470:  14 cb 44 a2 72 0b c2 e5 40 f9 3e e5 a6 0e b3 f9  ..D.r...@.>.....
../ssl_tls.c:3422: 0x7ffd1518c5d0: 0480:  ec 4a 63 c0 b8 29 00 74 9c 57 3b a8 a5 04 90 71  .Jc..).t.W;....q
../ssl_tls.c:3422: 0x7ffd1518c5d0: 0490:  f1 bd 83 d9 3f d6 a5 e2 3c 2a 8f ef 27 60 c3 c6  ....?...<*..'`..
../ssl_tls.c:3422: 0x7ffd1518c5d0: 04a0:  9f cb ba ec 60 7d b7 e6 84 32 be 4f fb 58 26 22  ....`}...2.O.X&"
../ssl_tls.c:3422: 0x7ffd1518c5d0: 04b0:  03 5b d4 b4 d5 fb f5 e3 96 2e 70 c0 e4 2e bd fc  .[........p.....
../ssl_tls.c:3422: 0x7ffd1518c5d0: 04c0:  2e ee e2 41 55 c0 34 2e 7d 24 72 69 cb 47 b1 14  ...AU.4.}$ri.G..
../ssl_tls.c:3422: 0x7ffd1518c5d0: 04d0:  40 83 7d 67 f4 86 f6 31 ab f1 79 a4 b2 b5 2e 12  @.}g...1..y.....
../ssl_tls.c:3422: 0x7ffd1518c5d0: 04e0:  f9 84 17 f0 62 6f 27 3e 13 58 b1 54 0d 21 9a 73  ....bo'>.X.T.!.s
../ssl_tls.c:3422: 0x7ffd1518c5d0: 04f0:  37 a1 30 cf 6f 92 dc f6 e9 fc ac db 2e 28 d1 7e  7.0.o........(.~
../ssl_tls.c:3422: 0x7ffd1518c5d0: 0500:  02 4b 23 a0 15 f2 38 65 64 09 ea 0c 6e 8e 1b 17  .K#...8ed...n...
../ssl_tls.c:3422: 0x7ffd1518c5d0: 0510:  a0 71 c8 b3 9b c9 ab e9 c3 f2 cf 87 96 8f 80 02  .q..............
../ssl_tls.c:3422: 0x7ffd1518c5d0: 0520:  32 9e 99 58 6f a2 d5 02 03 01 00 01 a3 50 30 4e  2..Xo........P0N
../ssl_tls.c:3422: 0x7ffd1518c5d0: 0530:  30 0c 06 03 55 1d 13 04 05 30 03 01 01 ff 30 1d  0...U....0....0.
../ssl_tls.c:3422: 0x7ffd1518c5d0: 0540:  06 03 55 1d 0e 04 16 04 14 b4 5a e4 a5 b3 de d2  ..U.......Z.....
../ssl_tls.c:3422: 0x7ffd1518c5d0: 0550:  52 f6 b9 d5 a6 95 0f eb 3e bc c7 fd ff 30 1f 06  R.......>....0..
../ssl_tls.c:3422: 0x7ffd1518c5d0: 0560:  03 55 1d 23 04 18 30 16 80 14 b4 5a e4 a5 b3 de  .U.#..0....Z....
../ssl_tls.c:3422: 0x7ffd1518c5d0: 0570:  d2 52 f6 b9 d5 a6 95 0f eb 3e bc c7 fd ff 30 0d  .R.......>....0.
../ssl_tls.c:3422: 0x7ffd1518c5d0: 0580:  06 09 2a 86 48 86 f7 0d 01 01 0b 05 00 03 82 01  ..*.H...........
../ssl_tls.c:3422: 0x7ffd1518c5d0: 0590:  01 00 38 a8 54 82 b6 1d aa db 6b 89 21 d1 38 28  ..8.T.....k.!.8(
../ssl_tls.c:3422: 0x7ffd1518c5d0: 05a0:  61 c9 b0 98 d5 11 fc 36 ff 19 fe 32 44 ef 08 c7  a......6...2D...
../ssl_tls.c:3422: 0x7ffd1518c5d0: 05b0:  f1 56 bb e6 46 fa 82 b6 31 38 b4 a0 e5 a0 ae 0c  .V..F...18......
../ssl_tls.c:3422: 0x7ffd1518c5d0: 05c0:  c4 53 9e 93 4e e8 0d 9c 2f b4 04 fd 8a 39 f5 84  .S..N.../....9..
../ssl_tls.c:3422: 0x7ffd1518c5d0: 05d0:  77 ed 4c d4 bb 44 7f 73 77 f7 f1 36 97 dc 1e 73  w.L..D.sw..6...s
../ssl_tls.c:3422: 0x7ffd1518c5d0: 05e0:  19 5d 50 b8 c3 80 cd 03 57 d2 00 db 56 e6 c6 35  .]P.....W...V..5
../ssl_tls.c:3422: 0x7ffd1518c5d0: 05f0:  24 1e 49 7b d8 d2 72 bb 0b 49 2f a6 02 3c af d0  $.I{..r..I/..<..
../ssl_tls.c:3422: 0x7ffd1518c5d0: 0600:  ec 37 1d bd 81 8b 1f 30 bb bc 4d 36 b5 79 7c 87  .7.....0..M6.y|.
../ssl_tls.c:3422: 0x7ffd1518c5d0: 0610:  fb 51 b9 be c2 de 92 a8 40 71 bb 72 9b f8 47 ce  .Q......@q.r..G.
../ssl_tls.c:3422: 0x7ffd1518c5d0: 0620:  6c 04 f8 86 e7 f7 73 3c e7 84 7d c2 d7 b7 9d e8  l.....s<..}.....
../ssl_tls.c:3422: 0x7ffd1518c5d0: 0630:  d4 9b 5f 0a 17 7d bc bb b2 d5 94 0d e4 49 bf 4f  .._..}.......I.O
../ssl_tls.c:3422: 0x7ffd1518c5d0: 0640:  11 68 53 b2 91 ff c0 69 ee db 63 93 cb c9 35 6b  .hS....i..c...5k
../ssl_tls.c:3422: 0x7ffd1518c5d0: 0650:  90 09 e2 90 c9 ed 27 d6 08 fa 13 4d 62 dd e2 9e  ......'....Mb...
../ssl_tls.c:3422: 0x7ffd1518c5d0: 0660:  aa b5 d4 0e 5c 37 4f ab 55 3b 2d f1 42 82 c7 34  ....\7O.U;-.B..4
../ssl_tls.c:3422: 0x7ffd1518c5d0: 0670:  38 1a 9b eb a1 2c 0f 29 31 64 6c cc 38 fd a9 d3  8....,.)1dl.8...
../ssl_tls.c:3422: 0x7ffd1518c5d0: 0680:  d5 d5 71 af f0 6d c0 97 e2 11 2a 0a df fe 02 79  ..q..m....*....y
../ssl_tls.c:3422: 0x7ffd1518c5d0: 0690:  74 75                                            tu
../ssl_tls.c:2754: 0x7ffd1518c5d0: => flush output
../ssl_tls.c:2772: 0x7ffd1518c5d0: message length: 1682, out_left: 1682
../ssl_tls.c:2778: 0x7ffd1518c5d0: ssl->f_send() returned 1682 (-0xfffff96e)
../ssl_tls.c:2806: 0x7ffd1518c5d0: <= flush output
../ssl_tls.c:3473: 0x7ffd1518c5d0: <= write record
../ssl_tls.c:3317: 0x7ffd1518c5d0: <= write handshake message
../ssl_tls.c:5430: 0x7ffd1518c5d0: <= write certificate
../ssl_srv.c:4255: 0x7ffd1518c5d0: server state: 4
../ssl_tls.c:2754: 0x7ffd1518c5d0: => flush output
../ssl_tls.c:2766: 0x7ffd1518c5d0: <= flush output
../ssl_srv.c:3270: 0x7ffd1518c5d0: => write server key exchange
../ssl_srv.c:3010: 0x7ffd1518c5d0: value of 'DHM: X ' (2048 bits) is:
../ssl_srv.c:3010: 0x7ffd1518c5d0:  de fe 3f 10 55 8f 69 8e 0f 58 26 fe aa e6 b1 c6
../ssl_srv.c:3010: 0x7ffd1518c5d0:  32 45 47 75 d4 84 0a 06 af 06 c8 f9 2f 2b a6 a2
../ssl_srv.c:3010: 0x7ffd1518c5d0:  8b c1 06 c8 ff 9f 6b 94 c6 e0 8d c3 20 6e ca ac
../ssl_srv.c:3010: 0x7ffd1518c5d0:  97 93 26 d9 42 7c c8 45 46 12 97 c3 da 96 3e 4e
../ssl_srv.c:3010: 0x7ffd1518c5d0:  9a b8 72 e3 3b 7c 2b 3c a6 80 da 7a bf c3 e0 cf
../ssl_srv.c:3010: 0x7ffd1518c5d0:  f8 0a 7f 69 77 3a 82 5d f1 7a 3e 55 2e 35 7d ce
../ssl_srv.c:3010: 0x7ffd1518c5d0:  a9 a0 82 a0 07 03 72 75 4d ec ba 4d 23 ec 69 0a
../ssl_srv.c:3010: 0x7ffd1518c5d0:  08 9d 29 4a 39 c8 88 ca d8 52 7e f1 a7 00 93 40
../ssl_srv.c:3010: 0x7ffd1518c5d0:  06 c5 6a 1c c2 5d d6 c7 45 b8 e9 35 e6 21 2e 5c
../ssl_srv.c:3010: 0x7ffd1518c5d0:  93 7a c6 84 4d dc e9 aa f6 55 a4 e3 5a d4 63 c2
../ssl_srv.c:3010: 0x7ffd1518c5d0:  7d a1 ba 0e 6b 97 fa 61 00 18 08 d3 8b 42 33 11
../ssl_srv.c:3010: 0x7ffd1518c5d0:  a1 32 8d d9 a5 f9 e7 81 47 0f d5 39 ca 94 42 dd
../ssl_srv.c:3010: 0x7ffd1518c5d0:  90 16 62 ec db c4 f7 06 ca ea f6 d6 45 01 59 1f
../ssl_srv.c:3010: 0x7ffd1518c5d0:  ca 3f 49 e2 a4 4b 05 ce c5 27 4e 80 a5 07 6a 67
../ssl_srv.c:3010: 0x7ffd1518c5d0:  6d 47 3b 54 6f 7f f6 4e 33 bc 3b 44 df 70 4f 9a
../ssl_srv.c:3010: 0x7ffd1518c5d0:  6e 88 83 33 d6 e8 26 79 bb d3 d0 fe 9c da c5 07
../ssl_srv.c:3011: 0x7ffd1518c5d0: value of 'DHM: P ' (2048 bits) is:
../ssl_srv.c:3011: 0x7ffd1518c5d0:  ff ff ff ff ff ff ff ff c9 0f da a2 21 68 c2 34
../ssl_srv.c:3011: 0x7ffd1518c5d0:  c4 c6 62 8b 80 dc 1c d1 29 02 4e 08 8a 67 cc 74
../ssl_srv.c:3011: 0x7ffd1518c5d0:  02 0b be a6 3b 13 9b 22 51 4a 08 79 8e 34 04 dd
../ssl_srv.c:3011: 0x7ffd1518c5d0:  ef 95 19 b3 cd 3a 43 1b 30 2b 0a 6d f2 5f 14 37
../ssl_srv.c:3011: 0x7ffd1518c5d0:  4f e1 35 6d 6d 51 c2 45 e4 85 b5 76 62 5e 7e c6
../ssl_srv.c:3011: 0x7ffd1518c5d0:  f4 4c 42 e9 a6 37 ed 6b 0b ff 5c b6 f4 06 b7 ed
../ssl_srv.c:3011: 0x7ffd1518c5d0:  ee 38 6b fb 5a 89 9f a5 ae 9f 24 11 7c 4b 1f e6
../ssl_srv.c:3011: 0x7ffd1518c5d0:  49 28 66 51 ec e4 5b 3d c2 00 7c b8 a1 63 bf 05
../ssl_srv.c:3011: 0x7ffd1518c5d0:  98 da 48 36 1c 55 d3 9a 69 16 3f a8 fd 24 cf 5f
../ssl_srv.c:3011: 0x7ffd1518c5d0:  83 65 5d 23 dc a3 ad 96 1c 62 f3 56 20 85 52 bb
../ssl_srv.c:3011: 0x7ffd1518c5d0:  9e d5 29 07 70 96 96 6d 67 0c 35 4e 4a bc 98 04
../ssl_srv.c:3011: 0x7ffd1518c5d0:  f1 74 6c 08 ca 18 21 7c 32 90 5e 46 2e 36 ce 3b
../ssl_srv.c:3011: 0x7ffd1518c5d0:  e3 9e 77 2c 18 0e 86 03 9b 27 83 a2 ec 07 a2 8f
../ssl_srv.c:3011: 0x7ffd1518c5d0:  b5 c5 5d f0 6f 4c 52 c9 de 2b cb f6 95 58 17 18
../ssl_srv.c:3011: 0x7ffd1518c5d0:  39 95 49 7c ea 95 6a e5 15 d2 26 18 98 fa 05 10
../ssl_srv.c:3011: 0x7ffd1518c5d0:  15 72 8e 5a 8a ac aa 68 ff ff ff ff ff ff ff ff
../ssl_srv.c:3012: 0x7ffd1518c5d0: value of 'DHM: G ' (2 bits) is:
../ssl_srv.c:3012: 0x7ffd1518c5d0:  02
../ssl_srv.c:3013: 0x7ffd1518c5d0: value of 'DHM: GX' (2046 bits) is:
../ssl_srv.c:3013: 0x7ffd1518c5d0:  34 c7 48 a4 c0 b5 04 77 da 4b 40 6a 9e 66 93 e8
../ssl_srv.c:3013: 0x7ffd1518c5d0:  cc e3 26 f2 bd 07 13 da 57 01 ab 37 9b ec b3 d4
../ssl_srv.c:3013: 0x7ffd1518c5d0:  3d 76 e7 7f 33 a8 c6 ec 5c 48 62 4a b3 b4 6b 08
../ssl_srv.c:3013: 0x7ffd1518c5d0:  f6 47 95 25 a2 a0 d6 09 9f e0 10 9f 28 7d b7 ca
../ssl_srv.c:3013: 0x7ffd1518c5d0:  bb d5 a1 bd c3 5f 70 3b a6 ae ae d0 5c fb 80 31
../ssl_srv.c:3013: 0x7ffd1518c5d0:  8b d0 f1 4e c8 cc db 42 88 95 60 77 c4 f1 b4 b4
../ssl_srv.c:3013: 0x7ffd1518c5d0:  e6 21 3e 3d 2e 98 21 fe da f1 39 b1 9d a8 79 30
../ssl_srv.c:3013: 0x7ffd1518c5d0:  a0 6b 44 35 e9 35 00 d3 f0 fc 65 51 c7 f1 65 bc
../ssl_srv.c:3013: 0x7ffd1518c5d0:  2d 10 57 e1 82 70 3d f0 19 55 27 18 07 83 77 f0
../ssl_srv.c:3013: 0x7ffd1518c5d0:  db 3c bb 18 f9 e7 58 59 a3 6c 25 24 88 3f 71 50
../ssl_srv.c:3013: 0x7ffd1518c5d0:  b7 79 2f 1a 4e 43 a0 d7 66 89 47 83 e6 87 f1 e7
../ssl_srv.c:3013: 0x7ffd1518c5d0:  f7 53 a9 9f b4 85 7b 24 78 3a 19 69 c4 9b 76 9a
../ssl_srv.c:3013: 0x7ffd1518c5d0:  82 e6 46 ce 8e b3 57 cf 63 a8 57 e7 5b 71 9a f6
../ssl_srv.c:3013: 0x7ffd1518c5d0:  97 a3 d5 4f b5 3a b0 9f 21 a8 93 a3 27 00 4e ef
../ssl_srv.c:3013: 0x7ffd1518c5d0:  2d 02 15 73 57 27 d7 d7 17 0a d4 af a0 c3 88 a2
../ssl_srv.c:3013: 0x7ffd1518c5d0:  84 84 58 2d f3 14 94 fc 4d 4a ad 02 e4 e6 84 fa
../ssl_srv.c:3137: 0x7ffd1518c5d0: pick hash algorithm 8 for signing
../ssl_srv.c:3175: 0x7ffd1518c5d0: dumping 'parameters hash' (64 bytes)
../ssl_srv.c:3175: 0x7ffd1518c5d0: 0000:  7e 42 2c 18 44 9d 2b a5 47 ef 4b c3 93 e3 98 eb  ~B,.D.+.G.K.....
../ssl_srv.c:3175: 0x7ffd1518c5d0: 0010:  63 df 74 66 91 ab bf 72 d6 24 f7 7f 2a 57 d3 34  c.tf...r.$..*W.4
../ssl_srv.c:3175: 0x7ffd1518c5d0: 0020:  6a e0 3d 52 65 b4 91 e2 b4 74 33 fa 5e b3 32 06  j.=Re....t3.^.2.
../ssl_srv.c:3175: 0x7ffd1518c5d0: 0030:  37 c5 46 9f 30 2a 7a 93 32 dd 9a 51 b3 ec ee 77  7.F.0*z.2..Q...w
../ssl_srv.c:3333: 0x7ffd1518c5d0: dumping 'my signature' (256 bytes)
../ssl_srv.c:3333: 0x7ffd1518c5d0: 0000:  65 93 9b d7 ec 7e 90 7c 8f dc f8 8d f1 2a b8 bc  e....~.|.....*..
../ssl_srv.c:3333: 0x7ffd1518c5d0: 0010:  26 d7 41 90 c9 a9 ba 28 34 0b d6 22 e4 fc cf 8f  &.A....(4.."....
../ssl_srv.c:3333: 0x7ffd1518c5d0: 0020:  1d a0 4e 1e a8 15 b9 0e 1f 7e 61 37 1d 93 b8 c7  ..N......~a7....
../ssl_srv.c:3333: 0x7ffd1518c5d0: 0030:  32 41 0a 3e 95 b8 e2 16 63 9f 23 c2 d4 5a f1 70  2A.>....c.#..Z.p
../ssl_srv.c:3333: 0x7ffd1518c5d0: 0040:  06 1f 0c a3 77 09 8e f0 4c eb e7 25 4f 10 99 6f  ....w...L..%O..o
../ssl_srv.c:3333: 0x7ffd1518c5d0: 0050:  ab 22 6b a9 ca 1d 5e 1f 04 e8 ce 8f 45 42 f1 74  ."k...^.....EB.t
../ssl_srv.c:3333: 0x7ffd1518c5d0: 0060:  24 a5 79 b4 56 4f 06 a0 25 91 6b 45 35 49 13 4d  $.y.VO..%.kE5I.M
../ssl_srv.c:3333: 0x7ffd1518c5d0: 0070:  a0 20 92 80 4f 28 be 9e 76 f3 f1 e3 14 c8 88 c6  . ..O(..v.......
../ssl_srv.c:3333: 0x7ffd1518c5d0: 0080:  16 35 67 da cd 39 9c 94 a9 d9 1d a2 dd 72 63 ea  .5g..9.......rc.
../ssl_srv.c:3333: 0x7ffd1518c5d0: 0090:  72 5d ee 35 cf 70 2e 38 f2 ce c4 e9 69 cd f9 12  r].5.p.8....i...
../ssl_srv.c:3333: 0x7ffd1518c5d0: 00a0:  75 7d 8e ef 40 18 3a dc 43 5a f4 2f d4 c9 ff f9  u}..@.:.CZ./....
../ssl_srv.c:3333: 0x7ffd1518c5d0: 00b0:  d0 69 e3 f0 db 6a 7a 2f ff c9 84 1a cb dd 97 d4  .i...jz/........
../ssl_srv.c:3333: 0x7ffd1518c5d0: 00c0:  44 c8 ca d8 3a 88 7f e8 30 51 10 57 3a 21 15 b0  D...:...0Q.W:!..
../ssl_srv.c:3333: 0x7ffd1518c5d0: 00d0:  28 c5 88 19 ae d5 b8 00 43 47 62 23 4a f8 0b aa  (.......CGb#J...
../ssl_srv.c:3333: 0x7ffd1518c5d0: 00e0:  c5 60 37 e3 31 e4 da e9 56 a4 0a 8a b8 28 bd d0  .`7.1...V....(..
../ssl_srv.c:3333: 0x7ffd1518c5d0: 00f0:  4c 23 64 b4 ab 1a 1d 18 9f 88 7f 1d 91 ec 68 b0  L#d...........h.
../ssl_tls.c:3183: 0x7ffd1518c5d0: => write handshake message
../ssl_tls.c:3340: 0x7ffd1518c5d0: => write record
../ssl_tls.c:3417: 0x7ffd1518c5d0: output record: msgtype = 22, version = [3:3], msglen = 783
../ssl_tls.c:3422: 0x7ffd1518c5d0: dumping 'output record sent to network' (788 bytes)
../ssl_tls.c:3422: 0x7ffd1518c5d0: 0000:  16 03 03 03 0f 0c 00 03 0b 01 00 ff ff ff ff ff  ................
../ssl_tls.c:3422: 0x7ffd1518c5d0: 0010:  ff ff ff c9 0f da a2 21 68 c2 34 c4 c6 62 8b 80  .......!h.4..b..
../ssl_tls.c:3422: 0x7ffd1518c5d0: 0020:  dc 1c d1 29 02 4e 08 8a 67 cc 74 02 0b be a6 3b  ...).N..g.t....;
../ssl_tls.c:3422: 0x7ffd1518c5d0: 0030:  13 9b 22 51 4a 08 79 8e 34 04 dd ef 95 19 b3 cd  .."QJ.y.4.......
../ssl_tls.c:3422: 0x7ffd1518c5d0: 0040:  3a 43 1b 30 2b 0a 6d f2 5f 14 37 4f e1 35 6d 6d  :C.0+.m._.7O.5mm
../ssl_tls.c:3422: 0x7ffd1518c5d0: 0050:  51 c2 45 e4 85 b5 76 62 5e 7e c6 f4 4c 42 e9 a6  Q.E...vb^~..LB..
../ssl_tls.c:3422: 0x7ffd1518c5d0: 0060:  37 ed 6b 0b ff 5c b6 f4 06 b7 ed ee 38 6b fb 5a  7.k..\......8k.Z
../ssl_tls.c:3422: 0x7ffd1518c5d0: 0070:  89 9f a5 ae 9f 24 11 7c 4b 1f e6 49 28 66 51 ec  .....$.|K..I(fQ.
../ssl_tls.c:3422: 0x7ffd1518c5d0: 0080:  e4 5b 3d c2 00 7c b8 a1 63 bf 05 98 da 48 36 1c  .[=..|..c....H6.
../ssl_tls.c:3422: 0x7ffd1518c5d0: 0090:  55 d3 9a 69 16 3f a8 fd 24 cf 5f 83 65 5d 23 dc  U..i.?..$._.e]#.
../ssl_tls.c:3422: 0x7ffd1518c5d0: 00a0:  a3 ad 96 1c 62 f3 56 20 85 52 bb 9e d5 29 07 70  ....b.V .R...).p
../ssl_tls.c:3422: 0x7ffd1518c5d0: 00b0:  96 96 6d 67 0c 35 4e 4a bc 98 04 f1 74 6c 08 ca  ..mg.5NJ....tl..
../ssl_tls.c:3422: 0x7ffd1518c5d0: 00c0:  18 21 7c 32 90 5e 46 2e 36 ce 3b e3 9e 77 2c 18  .!|2.^F.6.;..w,.
../ssl_tls.c:3422: 0x7ffd1518c5d0: 00d0:  0e 86 03 9b 27 83 a2 ec 07 a2 8f b5 c5 5d f0 6f  ....'........].o
../ssl_tls.c:3422: 0x7ffd1518c5d0: 00e0:  4c 52 c9 de 2b cb f6 95 58 17 18 39 95 49 7c ea  LR..+...X..9.I|.
../ssl_tls.c:3422: 0x7ffd1518c5d0: 00f0:  95 6a e5 15 d2 26 18 98 fa 05 10 15 72 8e 5a 8a  .j...&......r.Z.
../ssl_tls.c:3422: 0x7ffd1518c5d0: 0100:  ac aa 68 ff ff ff ff ff ff ff ff 00 01 02 01 00  ..h.............
../ssl_tls.c:3422: 0x7ffd1518c5d0: 0110:  34 c7 48 a4 c0 b5 04 77 da 4b 40 6a 9e 66 93 e8  4.H....w.K@j.f..
../ssl_tls.c:3422: 0x7ffd1518c5d0: 0120:  cc e3 26 f2 bd 07 13 da 57 01 ab 37 9b ec b3 d4  ..&.....W..7....
../ssl_tls.c:3422: 0x7ffd1518c5d0: 0130:  3d 76 e7 7f 33 a8 c6 ec 5c 48 62 4a b3 b4 6b 08  =v..3...\HbJ..k.
../ssl_tls.c:3422: 0x7ffd1518c5d0: 0140:  f6 47 95 25 a2 a0 d6 09 9f e0 10 9f 28 7d b7 ca  .G.%........(}..
../ssl_tls.c:3422: 0x7ffd1518c5d0: 0150:  bb d5 a1 bd c3 5f 70 3b a6 ae ae d0 5c fb 80 31  ....._p;....\..1
../ssl_tls.c:3422: 0x7ffd1518c5d0: 0160:  8b d0 f1 4e c8 cc db 42 88 95 60 77 c4 f1 b4 b4  ...N...B..`w....
../ssl_tls.c:3422: 0x7ffd1518c5d0: 0170:  e6 21 3e 3d 2e 98 21 fe da f1 39 b1 9d a8 79 30  .!>=..!...9...y0
../ssl_tls.c:3422: 0x7ffd1518c5d0: 0180:  a0 6b 44 35 e9 35 00 d3 f0 fc 65 51 c7 f1 65 bc  .kD5.5....eQ..e.
../ssl_tls.c:3422: 0x7ffd1518c5d0: 0190:  2d 10 57 e1 82 70 3d f0 19 55 27 18 07 83 77 f0  -.W..p=..U'...w.
../ssl_tls.c:3422: 0x7ffd1518c5d0: 01a0:  db 3c bb 18 f9 e7 58 59 a3 6c 25 24 88 3f 71 50  .<....XY.l%$.?qP
../ssl_tls.c:3422: 0x7ffd1518c5d0: 01b0:  b7 79 2f 1a 4e 43 a0 d7 66 89 47 83 e6 87 f1 e7  .y/.NC..f.G.....
../ssl_tls.c:3422: 0x7ffd1518c5d0: 01c0:  f7 53 a9 9f b4 85 7b 24 78 3a 19 69 c4 9b 76 9a  .S....{$x:.i..v.
../ssl_tls.c:3422: 0x7ffd1518c5d0: 01d0:  82 e6 46 ce 8e b3 57 cf 63 a8 57 e7 5b 71 9a f6  ..F...W.c.W.[q..
../ssl_tls.c:3422: 0x7ffd1518c5d0: 01e0:  97 a3 d5 4f b5 3a b0 9f 21 a8 93 a3 27 00 4e ef  ...O.:..!...'.N.
../ssl_tls.c:3422: 0x7ffd1518c5d0: 01f0:  2d 02 15 73 57 27 d7 d7 17 0a d4 af a0 c3 88 a2  -..sW'..........
../ssl_tls.c:3422: 0x7ffd1518c5d0: 0200:  84 84 58 2d f3 14 94 fc 4d 4a ad 02 e4 e6 84 fa  ..X-....MJ......
../ssl_tls.c:3422: 0x7ffd1518c5d0: 0210:  06 01 01 00 65 93 9b d7 ec 7e 90 7c 8f dc f8 8d  ....e....~.|....
../ssl_tls.c:3422: 0x7ffd1518c5d0: 0220:  f1 2a b8 bc 26 d7 41 90 c9 a9 ba 28 34 0b d6 22  .*..&.A....(4.."
../ssl_tls.c:3422: 0x7ffd1518c5d0: 0230:  e4 fc cf 8f 1d a0 4e 1e a8 15 b9 0e 1f 7e 61 37  ......N......~a7
../ssl_tls.c:3422: 0x7ffd1518c5d0: 0240:  1d 93 b8 c7 32 41 0a 3e 95 b8 e2 16 63 9f 23 c2  ....2A.>....c.#.
../ssl_tls.c:3422: 0x7ffd1518c5d0: 0250:  d4 5a f1 70 06 1f 0c a3 77 09 8e f0 4c eb e7 25  .Z.p....w...L..%
../ssl_tls.c:3422: 0x7ffd1518c5d0: 0260:  4f 10 99 6f ab 22 6b a9 ca 1d 5e 1f 04 e8 ce 8f  O..o."k...^.....
../ssl_tls.c:3422: 0x7ffd1518c5d0: 0270:  45 42 f1 74 24 a5 79 b4 56 4f 06 a0 25 91 6b 45  EB.t$.y.VO..%.kE
../ssl_tls.c:3422: 0x7ffd1518c5d0: 0280:  35 49 13 4d a0 20 92 80 4f 28 be 9e 76 f3 f1 e3  5I.M. ..O(..v...
../ssl_tls.c:3422: 0x7ffd1518c5d0: 0290:  14 c8 88 c6 16 35 67 da cd 39 9c 94 a9 d9 1d a2  .....5g..9......
../ssl_tls.c:3422: 0x7ffd1518c5d0: 02a0:  dd 72 63 ea 72 5d ee 35 cf 70 2e 38 f2 ce c4 e9  .rc.r].5.p.8....
../ssl_tls.c:3422: 0x7ffd1518c5d0: 02b0:  69 cd f9 12 75 7d 8e ef 40 18 3a dc 43 5a f4 2f  i...u}..@.:.CZ./
../ssl_tls.c:3422: 0x7ffd1518c5d0: 02c0:  d4 c9 ff f9 d0 69 e3 f0 db 6a 7a 2f ff c9 84 1a  .....i...jz/....
../ssl_tls.c:3422: 0x7ffd1518c5d0: 02d0:  cb dd 97 d4 44 c8 ca d8 3a 88 7f e8 30 51 10 57  ....D...:...0Q.W
../ssl_tls.c:3422: 0x7ffd1518c5d0: 02e0:  3a 21 15 b0 28 c5 88 19 ae d5 b8 00 43 47 62 23  :!..(.......CGb#
../ssl_tls.c:3422: 0x7ffd1518c5d0: 02f0:  4a f8 0b aa c5 60 37 e3 31 e4 da e9 56 a4 0a 8a  J....`7.1...V...
../ssl_tls.c:3422: 0x7ffd1518c5d0: 0300:  b8 28 bd d0 4c 23 64 b4 ab 1a 1d 18 9f 88 7f 1d  .(..L#d.........
../ssl_tls.c:3422: 0x7ffd1518c5d0: 0310:  91 ec 68 b0                                      ..h.
../ssl_tls.c:2754: 0x7ffd1518c5d0: => flush output
../ssl_tls.c:2772: 0x7ffd1518c5d0: message length: 788, out_left: 788
../ssl_tls.c:2778: 0x7ffd1518c5d0: ssl->f_send() returned 788 (-0xfffffcec)
../ssl_tls.c:2806: 0x7ffd1518c5d0: <= flush output
../ssl_tls.c:3473: 0x7ffd1518c5d0: <= write record
../ssl_tls.c:3317: 0x7ffd1518c5d0: <= write handshake message
../ssl_srv.c:3354: 0x7ffd1518c5d0: <= write server key exchange
../ssl_srv.c:4255: 0x7ffd1518c5d0: server state: 5
../ssl_tls.c:2754: 0x7ffd1518c5d0: => flush output
../ssl_tls.c:2766: 0x7ffd1518c5d0: <= flush output
../ssl_srv.c:2683: 0x7ffd1518c5d0: => write certificate request
../ssl_srv.c:2701: 0x7ffd1518c5d0: <= skip write certificate request
../ssl_srv.c:4255: 0x7ffd1518c5d0: server state: 6
../ssl_tls.c:2754: 0x7ffd1518c5d0: => flush output
../ssl_tls.c:2766: 0x7ffd1518c5d0: <= flush output
../ssl_srv.c:3362: 0x7ffd1518c5d0: => write server hello done
../ssl_tls.c:3183: 0x7ffd1518c5d0: => write handshake message
../ssl_tls.c:3340: 0x7ffd1518c5d0: => write record
../ssl_tls.c:3417: 0x7ffd1518c5d0: output record: msgtype = 22, version = [3:3], msglen = 4
../ssl_tls.c:3422: 0x7ffd1518c5d0: dumping 'output record sent to network' (9 bytes)
../ssl_tls.c:3422: 0x7ffd1518c5d0: 0000:  16 03 03 00 04 0e 00 00 00                       .........
../ssl_tls.c:2754: 0x7ffd1518c5d0: => flush output
../ssl_tls.c:2772: 0x7ffd1518c5d0: message length: 9, out_left: 9
../ssl_tls.c:2778: 0x7ffd1518c5d0: ssl->f_send() returned 9 (-0xfffffff7)
../ssl_tls.c:2806: 0x7ffd1518c5d0: <= flush output
../ssl_tls.c:3473: 0x7ffd1518c5d0: <= write record
../ssl_tls.c:3317: 0x7ffd1518c5d0: <= write handshake message
../ssl_srv.c:3390: 0x7ffd1518c5d0: <= write server hello done
../ssl_srv.c:4255: 0x7ffd1518c5d0: server state: 7
../ssl_tls.c:2754: 0x7ffd1518c5d0: => flush output
../ssl_tls.c:2766: 0x7ffd1518c5d0: <= flush output
../ssl_tls.c:5652: 0x7ffd1518c5d0: => parse certificate
../ssl_tls.c:5677: 0x7ffd1518c5d0: <= skip parse certificate
../ssl_srv.c:4255: 0x7ffd1518c5d0: server state: 8
../ssl_tls.c:2754: 0x7ffd1518c5d0: => flush output
../ssl_tls.c:2766: 0x7ffd1518c5d0: <= flush output
../ssl_srv.c:3715: 0x7ffd1518c5d0: => parse client key exchange
../ssl_tls.c:4308: 0x7ffd1518c5d0: => read record
../ssl_tls.c:2535: 0x7ffd1518c5d0: => fetch input
../ssl_tls.c:2695: 0x7ffd1518c5d0: in_left: 0, nb_want: 5
../ssl_tls.c:2719: 0x7ffd1518c5d0: in_left: 0, nb_want: 5
../ssl_tls.c:2721: 0x7ffd1518c5d0: ssl->f_recv(_timeout)() returned 5 (-0xfffffffb)
../ssl_tls.c:2741: 0x7ffd1518c5d0: <= fetch input
../ssl_tls.c:4044: 0x7ffd1518c5d0: dumping 'input record header' (5 bytes)
../ssl_tls.c:4044: 0x7ffd1518c5d0: 0000:  16 03 03 01 06                                   .....
../ssl_tls.c:4050: 0x7ffd1518c5d0: input record: msgtype = 22, version = [3:3], msglen = 262
../ssl_tls.c:2535: 0x7ffd1518c5d0: => fetch input
../ssl_tls.c:2695: 0x7ffd1518c5d0: in_left: 5, nb_want: 267
../ssl_tls.c:2719: 0x7ffd1518c5d0: in_left: 5, nb_want: 267
../ssl_tls.c:2721: 0x7ffd1518c5d0: ssl->f_recv(_timeout)() returned 262 (-0xfffffefa)
../ssl_tls.c:2741: 0x7ffd1518c5d0: <= fetch input
../ssl_tls.c:4229: 0x7ffd1518c5d0: dumping 'input record from network' (267 bytes)
../ssl_tls.c:4229: 0x7ffd1518c5d0: 0000:  16 03 03 01 06 10 00 01 02 01 00 64 33 f1 42 c3  ...........d3.B.
../ssl_tls.c:4229: 0x7ffd1518c5d0: 0010:  dc 67 70 e3 a7 73 6f b5 c9 e9 bb 17 c5 3f 02 f5  .gp..so......?..
../ssl_tls.c:4229: 0x7ffd1518c5d0: 0020:  01 28 5c 3d 7f 20 61 23 06 27 3a d7 95 3c e0 0d  .(\=. a#.':..<..
../ssl_tls.c:4229: 0x7ffd1518c5d0: 0030:  ea 9d a1 f4 2a fa e5 c0 7a c5 59 51 a8 9f 72 e5  ....*...z.YQ..r.
../ssl_tls.c:4229: 0x7ffd1518c5d0: 0040:  fc 25 c7 9a 90 76 92 fe c9 bc 55 13 79 40 46 ad  .%...v....U.y@F.
../ssl_tls.c:4229: 0x7ffd1518c5d0: 0050:  79 64 e0 b2 db 58 bf c6 86 bf b8 be 38 7f 45 d0  yd...X......8.E.
../ssl_tls.c:4229: 0x7ffd1518c5d0: 0060:  d1 64 8b 84 eb 9c 30 3c 54 a4 88 10 2b e3 f3 22  .d....0<T...+.."
../ssl_tls.c:4229: 0x7ffd1518c5d0: 0070:  db 58 0f 02 39 f5 39 c9 11 5a 9b c5 9c b0 76 9e  .X..9.9..Z....v.
../ssl_tls.c:4229: 0x7ffd1518c5d0: 0080:  1f ac 6e c0 29 84 da 75 d4 85 41 d4 87 0e d0 6d  ..n.)..u..A....m
../ssl_tls.c:4229: 0x7ffd1518c5d0: 0090:  55 9a 36 0b 6f b9 b1 dd d2 36 06 98 01 67 0f f1  U.6.o....6...g..
../ssl_tls.c:4229: 0x7ffd1518c5d0: 00a0:  97 c7 b3 2f 1d d4 a3 22 e6 a2 41 c9 3f 2a 4e 1f  .../..."..A.?*N.
../ssl_tls.c:4229: 0x7ffd1518c5d0: 00b0:  b2 f0 9b 80 3f 97 0e d3 5f 1c 4e 3e 28 5d a1 a5  ....?..._.N>(]..
../ssl_tls.c:4229: 0x7ffd1518c5d0: 00c0:  24 10 e4 43 05 b3 cb b4 ca db 02 3d 72 58 79 a0  $..C.......=rXy.
../ssl_tls.c:4229: 0x7ffd1518c5d0: 00d0:  b9 4c ea 81 9a a4 d0 5e b0 f0 82 40 c7 19 de e0  .L.....^...@....
../ssl_tls.c:4229: 0x7ffd1518c5d0: 00e0:  6b 5b 5f 34 00 92 39 a4 03 73 23 4c f7 02 4e 1d  k[_4..9..s#L..N.
../ssl_tls.c:4229: 0x7ffd1518c5d0: 00f0:  3f 7a 59 6d dd 2d 7c af 0a e3 0b 27 1c 0e 9c 30  ?zYm.-|....'...0
../ssl_tls.c:4229: 0x7ffd1518c5d0: 0100:  f1 a7 04 3e f8 cc 64 c8 de b9 80                 ...>..d....
../ssl_tls.c:3621: 0x7ffd1518c5d0: handshake message: msglen = 262, type = 16, hslen = 262
../ssl_tls.c:4382: 0x7ffd1518c5d0: <= read record
../ssl_srv.c:3429: 0x7ffd1518c5d0: value of 'DHM: GY' (2047 bits) is:
../ssl_srv.c:3429: 0x7ffd1518c5d0:  64 33 f1 42 c3 dc 67 70 e3 a7 73 6f b5 c9 e9 bb
../ssl_srv.c:3429: 0x7ffd1518c5d0:  17 c5 3f 02 f5 01 28 5c 3d 7f 20 61 23 06 27 3a
../ssl_srv.c:3429: 0x7ffd1518c5d0:  d7 95 3c e0 0d ea 9d a1 f4 2a fa e5 c0 7a c5 59
../ssl_srv.c:3429: 0x7ffd1518c5d0:  51 a8 9f 72 e5 fc 25 c7 9a 90 76 92 fe c9 bc 55
../ssl_srv.c:3429: 0x7ffd1518c5d0:  13 79 40 46 ad 79 64 e0 b2 db 58 bf c6 86 bf b8
../ssl_srv.c:3429: 0x7ffd1518c5d0:  be 38 7f 45 d0 d1 64 8b 84 eb 9c 30 3c 54 a4 88
../ssl_srv.c:3429: 0x7ffd1518c5d0:  10 2b e3 f3 22 db 58 0f 02 39 f5 39 c9 11 5a 9b
../ssl_srv.c:3429: 0x7ffd1518c5d0:  c5 9c b0 76 9e 1f ac 6e c0 29 84 da 75 d4 85 41
../ssl_srv.c:3429: 0x7ffd1518c5d0:  d4 87 0e d0 6d 55 9a 36 0b 6f b9 b1 dd d2 36 06
../ssl_srv.c:3429: 0x7ffd1518c5d0:  98 01 67 0f f1 97 c7 b3 2f 1d d4 a3 22 e6 a2 41
../ssl_srv.c:3429: 0x7ffd1518c5d0:  c9 3f 2a 4e 1f b2 f0 9b 80 3f 97 0e d3 5f 1c 4e
../ssl_srv.c:3429: 0x7ffd1518c5d0:  3e 28 5d a1 a5 24 10 e4 43 05 b3 cb b4 ca db 02
../ssl_srv.c:3429: 0x7ffd1518c5d0:  3d 72 58 79 a0 b9 4c ea 81 9a a4 d0 5e b0 f0 82
../ssl_srv.c:3429: 0x7ffd1518c5d0:  40 c7 19 de e0 6b 5b 5f 34 00 92 39 a4 03 73 23
../ssl_srv.c:3429: 0x7ffd1518c5d0:  4c f7 02 4e 1d 3f 7a 59 6d dd 2d 7c af 0a e3 0b
../ssl_srv.c:3429: 0x7ffd1518c5d0:  27 1c 0e 9c 30 f1 a7 04 3e f8 cc 64 c8 de b9 80
../ssl_srv.c:3777: 0x7ffd1518c5d0: value of 'DHM: K ' (2047 bits) is:
../ssl_srv.c:3777: 0x7ffd1518c5d0:  7b 4b 69 d0 ab b0 f4 61 2c 21 a7 cd fb 0e b1 20
../ssl_srv.c:3777: 0x7ffd1518c5d0:  16 26 ea 5b cc b6 06 89 63 f2 7b ab 56 ba 21 d4
../ssl_srv.c:3777: 0x7ffd1518c5d0:  f1 e0 e8 67 5e f7 fb de 31 2e 8e d3 32 4a 9c 0c
../ssl_srv.c:3777: 0x7ffd1518c5d0:  6f 7e dc 3f ec 02 93 75 09 62 6c 82 54 cf a5 38
../ssl_srv.c:3777: 0x7ffd1518c5d0:  8e 6c ec e0 ee d3 8b 52 9e d6 7b f4 91 26 f7 03
../ssl_srv.c:3777: 0x7ffd1518c5d0:  1e e7 28 06 34 e7 57 07 10 85 19 53 50 73 04 e9
../ssl_srv.c:3777: 0x7ffd1518c5d0:  4e 6b af 78 1b 04 b5 ff e3 43 ab bb 7d e4 2f 66
../ssl_srv.c:3777: 0x7ffd1518c5d0:  0a 69 d1 af eb cc d4 65 df 6d af fb 69 bd 3a 0b
../ssl_srv.c:3777: 0x7ffd1518c5d0:  33 8b d0 64 6e b1 56 b0 9a 3d 77 3f 62 73 99 8e
../ssl_srv.c:3777: 0x7ffd1518c5d0:  45 e3 76 8a d0 57 54 a5 6f 0d ff a9 7a 83 ee 85
../ssl_srv.c:3777: 0x7ffd1518c5d0:  43 56 87 b2 0e d6 85 4f 3a ac 61 f8 fd c0 99 18
../ssl_srv.c:3777: 0x7ffd1518c5d0:  31 c7 4b 74 1f 63 81 7a 32 f4 a9 d1 33 45 23 37
../ssl_srv.c:3777: 0x7ffd1518c5d0:  8c 0b 7e 91 3d 5e 3c a5 9c 5a d0 70 5a 7f b4 4c
../ssl_srv.c:3777: 0x7ffd1518c5d0:  ad 68 82 d4 22 13 00 91 a7 4d 15 9a f8 5e 29 07
../ssl_srv.c:3777: 0x7ffd1518c5d0:  ef 45 25 67 63 c2 87 94 9d b1 56 e8 a9 32 5b 90
../ssl_srv.c:3777: 0x7ffd1518c5d0:  c5 03 8a 14 1b dd a5 f2 a3 d1 31 32 8e 70 0a bc
../ssl_tls.c:0628: 0x7ffd1518c5d0: => derive keys
../ssl_tls.c:0705: 0x7ffd1518c5d0: dumping 'premaster secret' (256 bytes)
../ssl_tls.c:0705: 0x7ffd1518c5d0: 0000:  7b 4b 69 d0 ab b0 f4 61 2c 21 a7 cd fb 0e b1 20  {Ki....a,!..... 
../ssl_tls.c:0705: 0x7ffd1518c5d0: 0010:  16 26 ea 5b cc b6 06 89 63 f2 7b ab 56 ba 21 d4  .&.[....c.{.V.!.
../ssl_tls.c:0705: 0x7ffd1518c5d0: 0020:  f1 e0 e8 67 5e f7 fb de 31 2e 8e d3 32 4a 9c 0c  ...g^...1...2J..
../ssl_tls.c:0705: 0x7ffd1518c5d0: 0030:  6f 7e dc 3f ec 02 93 75 09 62 6c 82 54 cf a5 38  o~.?...u.bl.T..8
../ssl_tls.c:0705: 0x7ffd1518c5d0: 0040:  8e 6c ec e0 ee d3 8b 52 9e d6 7b f4 91 26 f7 03  .l.....R..{..&..
../ssl_tls.c:0705: 0x7ffd1518c5d0: 0050:  1e e7 28 06 34 e7 57 07 10 85 19 53 50 73 04 e9  ..(.4.W....SPs..
../ssl_tls.c:0705: 0x7ffd1518c5d0: 0060:  4e 6b af 78 1b 04 b5 ff e3 43 ab bb 7d e4 2f 66  Nk.x.....C..}./f
../ssl_tls.c:0705: 0x7ffd1518c5d0: 0070:  0a 69 d1 af eb cc d4 65 df 6d af fb 69 bd 3a 0b  .i.....e.m..i.:.
../ssl_tls.c:0705: 0x7ffd1518c5d0: 0080:  33 8b d0 64 6e b1 56 b0 9a 3d 77 3f 62 73 99 8e  3..dn.V..=w?bs..
../ssl_tls.c:0705: 0x7ffd1518c5d0: 0090:  45 e3 76 8a d0 57 54 a5 6f 0d ff a9 7a 83 ee 85  E.v..WT.o...z...
../ssl_tls.c:0705: 0x7ffd1518c5d0: 00a0:  43 56 87 b2 0e d6 85 4f 3a ac 61 f8 fd c0 99 18  CV.....O:.a.....
../ssl_tls.c:0705: 0x7ffd1518c5d0: 00b0:  31 c7 4b 74 1f 63 81 7a 32 f4 a9 d1 33 45 23 37  1.Kt.c.z2...3E#7
../ssl_tls.c:0705: 0x7ffd1518c5d0: 00c0:  8c 0b 7e 91 3d 5e 3c a5 9c 5a d0 70 5a 7f b4 4c  ..~.=^<..Z.pZ..L
../ssl_tls.c:0705: 0x7ffd1518c5d0: 00d0:  ad 68 82 d4 22 13 00 91 a7 4d 15 9a f8 5e 29 07  .h.."....M...^).
../ssl_tls.c:0705: 0x7ffd1518c5d0: 00e0:  ef 45 25 67 63 c2 87 94 9d b1 56 e8 a9 32 5b 90  .E%gc.....V..2[.
../ssl_tls.c:0705: 0x7ffd1518c5d0: 00f0:  c5 03 8a 14 1b dd a5 f2 a3 d1 31 32 8e 70 0a bc  ..........12.p..
../ssl_tls.c:0714: 0x7ffd1518c5d0: using extended master secret
../ssl_tls.c:1205: 0x7ffd1518c5d0: => calc verify sha256
../ssl_tls.c:1210: 0x7ffd1518c5d0: dumping 'calculated verify result' (32 bytes)
../ssl_tls.c:1210: 0x7ffd1518c5d0: 0000:  47 f1 76 91 bb 35 08 e4 eb f1 48 db b9 56 d5 83  G.v..5....H..V..
../ssl_tls.c:1210: 0x7ffd1518c5d0: 0010:  ae 2f 66 ee 04 0d ec 3f bb 86 6f 63 5b c6 b2 e1  ./f....?..oc[...
../ssl_tls.c:1211: 0x7ffd1518c5d0: <= calc verify
../ssl_tls.c:0735: 0x7ffd1518c5d0: dumping 'session hash' (32 bytes)
../ssl_tls.c:0735: 0x7ffd1518c5d0: 0000:  47 f1 76 91 bb 35 08 e4 eb f1 48 db b9 56 d5 83  G.v..5....H..V..
../ssl_tls.c:0735: 0x7ffd1518c5d0: 0010:  ae 2f 66 ee 04 0d ec 3f bb 86 6f 63 5b c6 b2 e1  ./f....?..oc[...
../ssl_tls.c:0794: 0x7ffd1518c5d0: ciphersuite = TLS-DHE-RSA-WITH-AES-256-CCM
../ssl_tls.c:0796: 0x7ffd1518c5d0: dumping 'master secret' (48 bytes)
../ssl_tls.c:0796: 0x7ffd1518c5d0: 0000:  91 8e 14 ce 1d eb 34 cd be 63 43 6e 58 18 51 ca  ......4..cCnX.Q.
../ssl_tls.c:0796: 0x7ffd1518c5d0: 0010:  31 1b 3b 54 95 87 b4 af 65 94 32 41 4a fe d2 7c  1.;T....e.2AJ..|
../ssl_tls.c:0796: 0x7ffd1518c5d0: 0020:  a3 90 69 65 47 78 38 ac 95 11 7f de c2 91 6c 45  ..ieGx8.......lE
../ssl_tls.c:0797: 0x7ffd1518c5d0: dumping 'random bytes' (64 bytes)
../ssl_tls.c:0797: 0x7ffd1518c5d0: 0000:  60 de f5 09 b7 8f f8 12 6c 95 f6 39 86 50 28 84  `.......l..9.P(.
../ssl_tls.c:0797: 0x7ffd1518c5d0: 0010:  f5 68 ee f4 88 29 62 49 0e 9f dd de e3 b7 cd c5  .h...)bI........
../ssl_tls.c:0797: 0x7ffd1518c5d0: 0020:  31 9b 63 c9 13 f5 c2 95 6c 09 35 76 21 45 3e 50  1.c.....l.5v!E>P
../ssl_tls.c:0797: 0x7ffd1518c5d0: 0030:  d2 81 a8 6c 85 42 e5 57 25 61 73 01 57 ab 74 cd  ...l.B.W%as.W.t.
../ssl_tls.c:0798: 0x7ffd1518c5d0: dumping 'key block' (256 bytes)
../ssl_tls.c:0798: 0x7ffd1518c5d0: 0000:  48 b5 43 42 1c fe 86 8e ce 07 6e 36 8c b0 2c 07  H.CB......n6..,.
../ssl_tls.c:0798: 0x7ffd1518c5d0: 0010:  3a 9c 3c 9f 80 c5 9f 06 4e f6 fe 02 9e 36 0c c3  :.<.....N....6..
../ssl_tls.c:0798: 0x7ffd1518c5d0: 0020:  9d 8c d0 1f a9 f5 f8 a4 e2 66 72 37 a9 e8 e5 e5  .........fr7....
../ssl_tls.c:0798: 0x7ffd1518c5d0: 0030:  93 c7 9b 89 0c 0d 7b 8c 09 7b 2e 1e d4 2e b0 71  ......{..{.....q
../ssl_tls.c:0798: 0x7ffd1518c5d0: 0040:  b3 23 74 39 a6 c5 b8 8a 47 22 8c ab 41 16 e3 43  .#t9....G"..A..C
../ssl_tls.c:0798: 0x7ffd1518c5d0: 0050:  31 a1 6a 19 40 9b a8 6f 00 66 16 4e 2e f1 e7 5e  1.j.@..o.f.N...^
../ssl_tls.c:0798: 0x7ffd1518c5d0: 0060:  9b 0d 08 c8 6a 99 a2 09 cb 2e 30 3e 36 ac d0 f0  ....j.....0>6...
../ssl_tls.c:0798: 0x7ffd1518c5d0: 0070:  21 73 15 3e a3 61 fe 27 e4 66 91 e1 b7 37 75 64  !s.>.a.'.f...7ud
../ssl_tls.c:0798: 0x7ffd1518c5d0: 0080:  a4 0a f4 10 51 33 c1 0e fe a3 e2 7a a9 02 c8 35  ....Q3.....z...5
../ssl_tls.c:0798: 0x7ffd1518c5d0: 0090:  f7 95 8a d4 f0 45 0a 19 f7 a2 02 f4 35 f3 02 68  .....E......5..h
../ssl_tls.c:0798: 0x7ffd1518c5d0: 00a0:  7f 7d 14 99 46 a5 b9 6e 82 23 32 ed 4a e5 fc 71  .}..F..n.#2.J..q
../ssl_tls.c:0798: 0x7ffd1518c5d0: 00b0:  06 27 1c 46 86 09 0c 8a 0d 4b b3 81 1e 38 7e 54  .'.F.....K...8~T
../ssl_tls.c:0798: 0x7ffd1518c5d0: 00c0:  d7 6a 36 14 23 98 d9 01 55 3d a7 8e ec a7 c5 bc  .j6.#...U=......
../ssl_tls.c:0798: 0x7ffd1518c5d0: 00d0:  0f aa 27 f1 c3 e1 78 52 4f 5b f0 58 1c 80 86 a3  ..'...xRO[.X....
../ssl_tls.c:0798: 0x7ffd1518c5d0: 00e0:  ed f0 e2 cb 36 cc da d2 b4 a6 03 93 08 41 70 7e  ....6........Ap~
../ssl_tls.c:0798: 0x7ffd1518c5d0: 00f0:  21 41 1f b9 da d3 3b d6 ec 10 3b 51 73 f3 7f d2  !A....;...;Qs...
../ssl_tls.c:0919: 0x7ffd1518c5d0: keylen: 32, minlen: 24, ivlen: 12, maclen: 0
../ssl_tls.c:1116: 0x7ffd1518c5d0: <= derive keys
../ssl_srv.c:3979: 0x7ffd1518c5d0: <= parse client key exchange
../ssl_srv.c:4255: 0x7ffd1518c5d0: server state: 9
../ssl_tls.c:2754: 0x7ffd1518c5d0: => flush output
../ssl_tls.c:2766: 0x7ffd1518c5d0: <= flush output
../ssl_srv.c:4026: 0x7ffd1518c5d0: => parse certificate verify
../ssl_srv.c:4035: 0x7ffd1518c5d0: <= skip parse certificate verify
../ssl_srv.c:4255: 0x7ffd1518c5d0: server state: 10
../ssl_tls.c:2754: 0x7ffd1518c5d0: => flush output
../ssl_tls.c:2766: 0x7ffd1518c5d0: <= flush output
../ssl_tls.c:5899: 0x7ffd1518c5d0: => parse change cipher spec
../ssl_tls.c:4308: 0x7ffd1518c5d0: => read record
../ssl_tls.c:2535: 0x7ffd1518c5d0: => fetch input
../ssl_tls.c:2695: 0x7ffd1518c5d0: in_left: 0, nb_want: 5
../ssl_tls.c:2719: 0x7ffd1518c5d0: in_left: 0, nb_want: 5
../ssl_tls.c:2721: 0x7ffd1518c5d0: ssl->f_recv(_timeout)() returned 5 (-0xfffffffb)
../ssl_tls.c:2741: 0x7ffd1518c5d0: <= fetch input
../ssl_tls.c:4044: 0x7ffd1518c5d0: dumping 'input record header' (5 bytes)
../ssl_tls.c:4044: 0x7ffd1518c5d0: 0000:  14 03 03 00 01                                   .....
../ssl_tls.c:4050: 0x7ffd1518c5d0: input record: msgtype = 20, version = [3:3], msglen = 1
../ssl_tls.c:2535: 0x7ffd1518c5d0: => fetch input
../ssl_tls.c:2695: 0x7ffd1518c5d0: in_left: 5, nb_want: 6
../ssl_tls.c:2719: 0x7ffd1518c5d0: in_left: 5, nb_want: 6
../ssl_tls.c:2721: 0x7ffd1518c5d0: ssl->f_recv(_timeout)() returned 1 (-0xffffffff)
../ssl_tls.c:2741: 0x7ffd1518c5d0: <= fetch input
../ssl_tls.c:4229: 0x7ffd1518c5d0: dumping 'input record from network' (6 bytes)
../ssl_tls.c:4229: 0x7ffd1518c5d0: 0000:  14 03 03 00 01 01                                ......
../ssl_tls.c:4382: 0x7ffd1518c5d0: <= read record
../ssl_tls.c:5922: 0x7ffd1518c5d0: switching to new transform spec for inbound data
../ssl_tls.c:5963: 0x7ffd1518c5d0: <= parse change cipher spec
../ssl_srv.c:4255: 0x7ffd1518c5d0: server state: 11
../ssl_tls.c:2754: 0x7ffd1518c5d0: => flush output
../ssl_tls.c:2766: 0x7ffd1518c5d0: <= flush output
../ssl_tls.c:6521: 0x7ffd1518c5d0: => parse finished
../ssl_tls.c:6220: 0x7ffd1518c5d0: => calc  finished tls sha256
../ssl_tls.c:6231: 0x7ffd1518c5d0: dumping 'finished sha2 state' (32 bytes)
../ssl_tls.c:6231: 0x7ffd1518c5d0: 0000:  07 57 df f7 d8 d4 2e 88 07 d4 fe 2a 71 86 09 05  .W.........*q...
../ssl_tls.c:6231: 0x7ffd1518c5d0: 0010:  2c 85 66 56 2d c1 7f 95 44 4a 28 89 49 2a 98 db  ,.fV-...DJ(.I*..
../ssl_tls.c:6244: 0x7ffd1518c5d0: dumping 'calc finished result' (12 bytes)
../ssl_tls.c:6244: 0x7ffd1518c5d0: 0000:  4b 5a bf b1 6c 54 c1 68 06 4e b9 4d              KZ..lT.h.N.M
../ssl_tls.c:6250: 0x7ffd1518c5d0: <= calc  finished
../ssl_tls.c:4308: 0x7ffd1518c5d0: => read record
../ssl_tls.c:2535: 0x7ffd1518c5d0: => fetch input
../ssl_tls.c:2695: 0x7ffd1518c5d0: in_left: 0, nb_want: 5
../ssl_tls.c:2719: 0x7ffd1518c5d0: in_left: 0, nb_want: 5
../ssl_tls.c:2721: 0x7ffd1518c5d0: ssl->f_recv(_timeout)() returned 5 (-0xfffffffb)
../ssl_tls.c:2741: 0x7ffd1518c5d0: <= fetch input
../ssl_tls.c:4044: 0x7ffd1518c5d0: dumping 'input record header' (5 bytes)
../ssl_tls.c:4044: 0x7ffd1518c5d0: 0000:  16 03 03 00 28                                   ....(
../ssl_tls.c:4050: 0x7ffd1518c5d0: input record: msgtype = 22, version = [3:3], msglen = 40
../ssl_tls.c:2535: 0x7ffd1518c5d0: => fetch input
../ssl_tls.c:2695: 0x7ffd1518c5d0: in_left: 5, nb_want: 45
../ssl_tls.c:2719: 0x7ffd1518c5d0: in_left: 5, nb_want: 45
../ssl_tls.c:2721: 0x7ffd1518c5d0: ssl->f_recv(_timeout)() returned 40 (-0xffffffd8)
../ssl_tls.c:2741: 0x7ffd1518c5d0: <= fetch input
../ssl_tls.c:4229: 0x7ffd1518c5d0: dumping 'input record from network' (45 bytes)
../ssl_tls.c:4229: 0x7ffd1518c5d0: 0000:  16 03 03 00 28 00 00 00 00 00 00 00 00 2a e1 66  ....(........*.f
../ssl_tls.c:4229: 0x7ffd1518c5d0: 0010:  a1 9e 9b 80 97 1a 62 5f b1 d6 53 d3 e1 19 09 fe  ......b_..S.....
../ssl_tls.c:4229: 0x7ffd1518c5d0: 0020:  18 5d be 19 26 84 c2 b2 e9 38 61 78 51           .]..&....8axQ
../ssl_tls.c:1793: 0x7ffd1518c5d0: => decrypt buf
../ssl_tls.c:1880: 0x7ffd1518c5d0: dumping 'additional data for AEAD' (13 bytes)
../ssl_tls.c:1880: 0x7ffd1518c5d0: 0000:  00 00 00 00 00 00 00 00 16 03 03 00 10           .............
../ssl_tls.c:1909: 0x7ffd1518c5d0: dumping 'IV used' (12 bytes)
../ssl_tls.c:1909: 0x7ffd1518c5d0: 0000:  b3 23 74 39 00 00 00 00 00 00 00 00              .#t9........
../ssl_tls.c:1910: 0x7ffd1518c5d0: dumping 'TAG used' (16 bytes)
../ssl_tls.c:1910: 0x7ffd1518c5d0: 0000:  19 09 fe 18 5d be 19 26 84 c2 b2 e9 38 61 78 51  ....]..&....8axQ
Streaming decrypt CCM
../ssl_tls.c:2375: 0x7ffd1518c5d0: <= decrypt buf
../ssl_tls.c:4256: 0x7ffd1518c5d0: dumping 'input payload after decrypt' (16 bytes)
../ssl_tls.c:4256: 0x7ffd1518c5d0: 0000:  14 00 00 0c 4b 5a bf b1 6c 54 c1 68 06 4e b9 4d  ....KZ..lT.h.N.M
../ssl_tls.c:3621: 0x7ffd1518c5d0: handshake message: msglen = 16, type = 20, hslen = 16
../ssl_tls.c:4382: 0x7ffd1518c5d0: <= read record
../ssl_tls.c:6589: 0x7ffd1518c5d0: <= parse finished
../ssl_srv.c:4255: 0x7ffd1518c5d0: server state: 12
../ssl_tls.c:2754: 0x7ffd1518c5d0: => flush output
../ssl_tls.c:2766: 0x7ffd1518c5d0: <= flush output
../ssl_tls.c:5876: 0x7ffd1518c5d0: => write change cipher spec
../ssl_tls.c:3183: 0x7ffd1518c5d0: => write handshake message
../ssl_tls.c:3340: 0x7ffd1518c5d0: => write record
../ssl_tls.c:3417: 0x7ffd1518c5d0: output record: msgtype = 20, version = [3:3], msglen = 1
../ssl_tls.c:3422: 0x7ffd1518c5d0: dumping 'output record sent to network' (6 bytes)
../ssl_tls.c:3422: 0x7ffd1518c5d0: 0000:  14 03 03 00 01 01                                ......
../ssl_tls.c:2754: 0x7ffd1518c5d0: => flush output
../ssl_tls.c:2772: 0x7ffd1518c5d0: message length: 6, out_left: 6
../ssl_tls.c:2778: 0x7ffd1518c5d0: ssl->f_send() returned 6 (-0xfffffffa)
../ssl_tls.c:2806: 0x7ffd1518c5d0: <= flush output
../ssl_tls.c:3473: 0x7ffd1518c5d0: <= write record
../ssl_tls.c:3317: 0x7ffd1518c5d0: <= write handshake message
../ssl_tls.c:5890: 0x7ffd1518c5d0: <= write change cipher spec
../ssl_srv.c:4255: 0x7ffd1518c5d0: server state: 13
../ssl_tls.c:2754: 0x7ffd1518c5d0: => flush output
../ssl_tls.c:2766: 0x7ffd1518c5d0: <= flush output
../ssl_tls.c:6395: 0x7ffd1518c5d0: => write finished
../ssl_tls.c:6220: 0x7ffd1518c5d0: => calc  finished tls sha256
../ssl_tls.c:6231: 0x7ffd1518c5d0: dumping 'finished sha2 state' (32 bytes)
../ssl_tls.c:6231: 0x7ffd1518c5d0: 0000:  91 8d c6 11 fd f9 35 41 97 98 e8 53 a8 2d e1 80  ......5A...S.-..
../ssl_tls.c:6231: 0x7ffd1518c5d0: 0010:  86 ff bd c9 33 f9 53 62 de fc 49 ed a3 bd 27 16  ....3.Sb..I...'.
../ssl_tls.c:6244: 0x7ffd1518c5d0: dumping 'calc finished result' (12 bytes)
../ssl_tls.c:6244: 0x7ffd1518c5d0: 0000:  90 75 2b d0 74 e3 23 bd b9 68 9c db              .u+.t.#..h..
../ssl_tls.c:6250: 0x7ffd1518c5d0: <= calc  finished
../ssl_tls.c:6440: 0x7ffd1518c5d0: switching to new transform spec for outbound data
../ssl_tls.c:3183: 0x7ffd1518c5d0: => write handshake message
../ssl_tls.c:3340: 0x7ffd1518c5d0: => write record
../ssl_tls.c:1444: 0x7ffd1518c5d0: => encrypt buf
../ssl_tls.c:1454: 0x7ffd1518c5d0: dumping 'before encrypt: output payload' (16 bytes)
../ssl_tls.c:1454: 0x7ffd1518c5d0: 0000:  14 00 00 0c 90 75 2b d0 74 e3 23 bd b9 68 9c db  .....u+.t.#..h..
../ssl_tls.c:1573: 0x7ffd1518c5d0: dumping 'additional data for AEAD' (13 bytes)
../ssl_tls.c:1573: 0x7ffd1518c5d0: 0000:  00 00 00 00 00 00 00 00 16 03 03 00 10           .............
../ssl_tls.c:1603: 0x7ffd1518c5d0: dumping 'IV used (internal)' (12 bytes)
../ssl_tls.c:1603: 0x7ffd1518c5d0: 0000:  a6 c5 b8 8a 00 00 00 00 00 00 00 00              ............
../ssl_tls.c:1605: 0x7ffd1518c5d0: dumping 'IV used (transmitted)' (8 bytes)
../ssl_tls.c:1605: 0x7ffd1518c5d0: 0000:  00 00 00 00 00 00 00 00                          ........
../ssl_tls.c:1615: 0x7ffd1518c5d0: before encrypt: msglen = 24, including 0 bytes of padding
Streaming encrypt CCM
../ssl_tls.c:1642: 0x7ffd1518c5d0: dumping 'after encrypt: tag' (16 bytes)
../ssl_tls.c:1642: 0x7ffd1518c5d0: 0000:  1a 31 10 9c 05 e4 ca 06 63 8c 05 25 a1 38 9a d7  .1......c..%.8..
../ssl_tls.c:1780: 0x7ffd1518c5d0: <= encrypt buf
../ssl_tls.c:3417: 0x7ffd1518c5d0: output record: msgtype = 22, version = [3:3], msglen = 40
../ssl_tls.c:3422: 0x7ffd1518c5d0: dumping 'output record sent to network' (45 bytes)
../ssl_tls.c:3422: 0x7ffd1518c5d0: 0000:  16 03 03 00 28 00 00 00 00 00 00 00 00 76 38 2a  ....(........v8*
../ssl_tls.c:3422: 0x7ffd1518c5d0: 0010:  71 af eb f4 4e 1a e5 34 25 67 3b e6 cf 1a 31 10  q...N..4%g;...1.
../ssl_tls.c:3422: 0x7ffd1518c5d0: 0020:  9c 05 e4 ca 06 63 8c 05 25 a1 38 9a d7           .....c..%.8..
../ssl_tls.c:2754: 0x7ffd1518c5d0: => flush output
../ssl_tls.c:2772: 0x7ffd1518c5d0: message length: 45, out_left: 45
../ssl_tls.c:2778: 0x7ffd1518c5d0: ssl->f_send() returned 45 (-0xffffffd3)
../ssl_tls.c:2806: 0x7ffd1518c5d0: <= flush output
../ssl_tls.c:3473: 0x7ffd1518c5d0: <= write record
../ssl_tls.c:3317: 0x7ffd1518c5d0: <= write handshake message
../ssl_tls.c:6504: 0x7ffd1518c5d0: <= write finished
../ssl_srv.c:4255: 0x7ffd1518c5d0: server state: 14
../ssl_tls.c:2754: 0x7ffd1518c5d0: => flush output
../ssl_tls.c:2766: 0x7ffd1518c5d0: <= flush output
../ssl_srv.c:4360: 0x7ffd1518c5d0: handshake: done
../ssl_srv.c:4255: 0x7ffd1518c5d0: server state: 15
../ssl_tls.c:2754: 0x7ffd1518c5d0: => flush output
../ssl_tls.c:2766: 0x7ffd1518c5d0: <= flush output
../ssl_tls.c:6333: 0x7ffd1518c5d0: => handshake wrapup
../ssl_tls.c:6306: 0x7ffd1518c5d0: => handshake wrapup: final free
../ssl_tls.c:6326: 0x7ffd1518c5d0: <= handshake wrapup: final free
../ssl_tls.c:6388: 0x7ffd1518c5d0: <= handshake wrapup
../ssl_tls.c:8091: 0x7ffd1518c5d0: <= handshake
 ok
 
[32mHandshake successful
  < Read from client:../ssl_tls.c:8267: 0x7ffd1518c5d0: => read
../ssl_tls.c:4308: 0x7ffd1518c5d0: => read record
../ssl_tls.c:2535: 0x7ffd1518c5d0: => fetch input
../ssl_tls.c:2695: 0x7ffd1518c5d0: in_left: 0, nb_want: 5
../ssl_tls.c:2719: 0x7ffd1518c5d0: in_left: 0, nb_want: 5
../ssl_tls.c:2721: 0x7ffd1518c5d0: ssl->f_recv(_timeout)() returned 5 (-0xfffffffb)
../ssl_tls.c:2741: 0x7ffd1518c5d0: <= fetch input
../ssl_tls.c:4044: 0x7ffd1518c5d0: dumping 'input record header' (5 bytes)
../ssl_tls.c:4044: 0x7ffd1518c5d0: 0000:  17 03 03 05 44                                   ....D
../ssl_tls.c:4050: 0x7ffd1518c5d0: input record: msgtype = 23, version = [3:3], msglen = 1348
../ssl_tls.c:2535: 0x7ffd1518c5d0: => fetch input
../ssl_tls.c:2695: 0x7ffd1518c5d0: in_left: 5, nb_want: 1353
../ssl_tls.c:2719: 0x7ffd1518c5d0: in_left: 5, nb_want: 1353
../ssl_tls.c:2721: 0x7ffd1518c5d0: ssl->f_recv(_timeout)() returned 1348 (-0xfffffabc)
../ssl_tls.c:2741: 0x7ffd1518c5d0: <= fetch input
../ssl_tls.c:4229: 0x7ffd1518c5d0: dumping 'input record from network' (1353 bytes)
../ssl_tls.c:4229: 0x7ffd1518c5d0: 0000:  17 03 03 05 44 00 00 00 00 00 00 00 01 2d 06 86  ....D........-..
../ssl_tls.c:4229: 0x7ffd1518c5d0: 0010:  c5 5f 44 5c 95 ba 3f b7 0d bb b1 18 03 35 81 68  ._D\..?......5.h
../ssl_tls.c:4229: 0x7ffd1518c5d0: 0020:  b1 e7 e9 5b e3 0e 7e a1 6e 32 56 47 ab 4f 60 a3  ...[..~.n2VG.O`.
../ssl_tls.c:4229: 0x7ffd1518c5d0: 0030:  40 e7 cf 8a b0 b1 5e b4 ee f1 03 b0 3d 92 28 96  @.....^.....=.(.
../ssl_tls.c:4229: 0x7ffd1518c5d0: 0040:  71 8f 9c e0 87 56 97 9f b1 2d 02 22 37 1e 99 10  q....V...-."7...
../ssl_tls.c:4229: 0x7ffd1518c5d0: 0050:  88 6a d3 2f 82 fe c8 0b e6 b9 27 1e 4d 6c 0d 13  .j./......'.Ml..
../ssl_tls.c:4229: 0x7ffd1518c5d0: 0060:  db 28 6e 29 59 2c db 13 a1 c0 a2 50 6d 10 eb 72  .(n)Y,.....Pm..r
../ssl_tls.c:4229: 0x7ffd1518c5d0: 0070:  6c 42 fc 39 ba f3 69 e5 a5 6a 0a e3 2a 84 19 ed  lB.9..i..j..*...
../ssl_tls.c:4229: 0x7ffd1518c5d0: 0080:  cb af ac 88 cf e1 6d d4 f7 74 c1 29 7a c2 cb d9  ......m..t.)z...
../ssl_tls.c:4229: 0x7ffd1518c5d0: 0090:  fe 61 74 b9 51 d2 b3 5b 3d c1 d7 31 a8 96 fa 83  .at.Q..[=..1....
../ssl_tls.c:4229: 0x7ffd1518c5d0: 00a0:  02 5e a4 31 f9 f5 85 91 62 28 05 e7 ce c3 c2 cc  .^.1....b(......
../ssl_tls.c:4229: 0x7ffd1518c5d0: 00b0:  69 2e 02 34 6c ca a6 1d 57 70 79 fc 15 1c b6 3e  i..4l...Wpy....>
../ssl_tls.c:4229: 0x7ffd1518c5d0: 00c0:  7f b1 88 ed c2 ed 2e 26 96 0b 5c c3 f9 18 b0 db  .......&..\.....
../ssl_tls.c:4229: 0x7ffd1518c5d0: 00d0:  86 e8 38 66 49 08 a2 42 ab 13 b6 dd 75 dc db b8  ..8fI..B....u...
../ssl_tls.c:4229: 0x7ffd1518c5d0: 00e0:  c7 65 cc 40 38 9f 62 45 6c c1 6d de 95 6e 4a 16  .e.@8.bEl.m..nJ.
../ssl_tls.c:4229: 0x7ffd1518c5d0: 00f0:  61 47 df ed 32 31 c6 b6 4e 6e 1d af ea 4d bc 58  aG..21..Nn...M.X
../ssl_tls.c:4229: 0x7ffd1518c5d0: 0100:  60 5c fa db 26 98 de 42 cc 4c e9 8b 10 08 af 7a  `\..&..B.L.....z
../ssl_tls.c:4229: 0x7ffd1518c5d0: 0110:  b2 11 f3 3a 36 3d cc d3 a9 29 ae d7 ab d0 50 b8  ...:6=...)....P.
../ssl_tls.c:4229: 0x7ffd1518c5d0: 0120:  93 11 fa 7f ba 7a 74 76 ed d9 e0 90 e4 5c 66 88  .....ztv.....\f.
../ssl_tls.c:4229: 0x7ffd1518c5d0: 0130:  0c b4 b6 ae 88 20 68 63 80 d6 53 fe 3f a3 d8 f7  ..... hc..S.?...
../ssl_tls.c:4229: 0x7ffd1518c5d0: 0140:  c5 36 33 58 17 02 da da 10 cd d6 78 b8 66 04 5c  .63X.......x.f.\
../ssl_tls.c:4229: 0x7ffd1518c5d0: 0150:  bf e9 3b 2f 32 92 b7 c7 5d 2f be 9a 71 4b e0 b0  ..;/2...]/..qK..
../ssl_tls.c:4229: 0x7ffd1518c5d0: 0160:  73 78 2a 2e 49 0b 8c 7c fa 90 2e 7e 9d b0 45 e1  sx*.I..|...~..E.
../ssl_tls.c:4229: 0x7ffd1518c5d0: 0170:  36 94 58 cb 36 4f 8f eb cf f3 3c 6c 56 2f 21 29  6.X.6O....<lV/!)
../ssl_tls.c:4229: 0x7ffd1518c5d0: 0180:  ed e9 12 a6 c5 a9 09 ce da 49 f9 79 60 bd 9f 71  .........I.y`..q
../ssl_tls.c:4229: 0x7ffd1518c5d0: 0190:  00 59 a0 26 aa c4 23 7c 28 fd 5d 29 68 97 bd d1  .Y.&..#|(.])h...
../ssl_tls.c:4229: 0x7ffd1518c5d0: 01a0:  8b cf 07 a4 8a 05 0a e2 c5 96 97 5c a7 ba db 56  ...........\...V
../ssl_tls.c:4229: 0x7ffd1518c5d0: 01b0:  48 a0 f4 c8 7d 18 32 ef ed 58 8e af 11 64 d8 50  H...}.2..X...d.P
../ssl_tls.c:4229: 0x7ffd1518c5d0: 01c0:  61 ac 89 3c f8 f8 d6 94 80 3f b9 77 b0 64 a9 5d  a..<.....?.w.d.]
../ssl_tls.c:4229: 0x7ffd1518c5d0: 01d0:  4d 65 41 54 0a 21 a7 4f 79 6b 24 71 9e 72 55 ff  MeAT.!.Oyk$q.rU.
../ssl_tls.c:4229: 0x7ffd1518c5d0: 01e0:  77 11 96 cb ae 9e 33 41 48 3d e3 d7 50 8d 37 c9  w.....3AH=..P.7.
../ssl_tls.c:4229: 0x7ffd1518c5d0: 01f0:  ee 1c ff 59 29 7d 75 15 0f 76 28 ab 8e cf 1a 50  ...Y)}u..v(....P
../ssl_tls.c:4229: 0x7ffd1518c5d0: 0200:  ea e3 9d 1d 44 1d 81 10 ca 23 0c a2 39 b1 23 22  ....D....#..9.#"
../ssl_tls.c:4229: 0x7ffd1518c5d0: 0210:  8a de 20 86 a7 74 ac ea a9 89 06 42 aa 4d aa 8d  .. ..t.....B.M..
../ssl_tls.c:4229: 0x7ffd1518c5d0: 0220:  84 50 0f e4 93 44 07 e7 61 30 3d e5 57 35 56 fd  .P...D..a0=.W5V.
../ssl_tls.c:4229: 0x7ffd1518c5d0: 0230:  32 c3 d2 88 12 33 a8 80 63 06 06 0f 1d f8 5b 7e  2....3..c.....[~
../ssl_tls.c:4229: 0x7ffd1518c5d0: 0240:  5d 35 8f 37 2d 47 aa 9c 38 98 29 1e bb d5 ca 00  ]5.7-G..8.).....
../ssl_tls.c:4229: 0x7ffd1518c5d0: 0250:  20 7f 79 c2 ea d7 f6 11 a7 0d 80 05 00 0b d4 ca   .y.............
../ssl_tls.c:4229: 0x7ffd1518c5d0: 0260:  de d4 0b 45 2b 96 11 c5 8e b2 d8 24 2b df fa e2  ...E+......$+...
../ssl_tls.c:4229: 0x7ffd1518c5d0: 0270:  b5 89 73 f1 97 de 07 1e f2 8f 90 a9 00 ed eb 6e  ..s............n
../ssl_tls.c:4229: 0x7ffd1518c5d0: 0280:  11 01 e7 e3 75 17 92 38 a0 38 68 54 45 d8 c1 13  ....u..8.8hTE...
../ssl_tls.c:4229: 0x7ffd1518c5d0: 0290:  cc 27 7c ad f8 7d ee eb d7 57 f4 6c 04 2d 41 54  .'|..}...W.l.-AT
../ssl_tls.c:4229: 0x7ffd1518c5d0: 02a0:  26 74 ac f7 0e 4e 94 f1 37 47 ac 08 a9 a7 20 a7  &t...N..7G.... .
../ssl_tls.c:4229: 0x7ffd1518c5d0: 02b0:  84 0d 28 47 59 7b e4 43 a4 e8 98 2d df cc 9d a8  ..(GY{.C...-....
../ssl_tls.c:4229: 0x7ffd1518c5d0: 02c0:  4d 8f 39 ec 54 5a 48 f9 63 0a bc e9 8f 67 86 a7  M.9.TZH.c....g..
../ssl_tls.c:4229: 0x7ffd1518c5d0: 02d0:  34 20 72 e8 05 fc 4d e8 88 68 da d7 0d 5b 92 54  4 r...M..h...[.T
../ssl_tls.c:4229: 0x7ffd1518c5d0: 02e0:  41 9c 98 83 53 8c d5 64 10 39 2a 47 f4 f5 48 d6  A...S..d.9*G..H.
../ssl_tls.c:4229: 0x7ffd1518c5d0: 02f0:  8b f9 a9 30 57 a4 f0 ad e3 0f bc ba 76 6f 1d 74  ...0W.......vo.t
../ssl_tls.c:4229: 0x7ffd1518c5d0: 0300:  cd 36 3a f7 bd 35 57 7b 49 8e 3b 4e 2c b6 e9 9a  .6:..5W{I.;N,...
../ssl_tls.c:4229: 0x7ffd1518c5d0: 0310:  7d 74 11 5b d3 9b dd d0 98 0d 5d e8 ca 55 a9 de  }t.[......]..U..
../ssl_tls.c:4229: 0x7ffd1518c5d0: 0320:  e6 75 20 d7 13 ad c7 8b 58 c6 ca e6 d0 3e 5e 23  .u .....X....>^#
../ssl_tls.c:4229: 0x7ffd1518c5d0: 0330:  ed b8 8a 99 b2 0d a9 9c 71 74 ed a5 d8 93 7a 10  ........qt....z.
../ssl_tls.c:4229: 0x7ffd1518c5d0: 0340:  5c 0b 47 fc ea d6 53 01 52 0b 89 4d 21 25 d7 44  \.G...S.R..M!%.D
../ssl_tls.c:4229: 0x7ffd1518c5d0: 0350:  a7 72 af ca 4f 3f f1 f3 24 51 78 90 fe e7 bc 37  .r..O?..$Qx....7
../ssl_tls.c:4229: 0x7ffd1518c5d0: 0360:  18 cc 32 9f 58 71 cc 53 ec 39 7d 31 2f 2e 46 3e  ..2.Xq.S.9}1/.F>
../ssl_tls.c:4229: 0x7ffd1518c5d0: 0370:  7c 6c 42 c5 c6 23 01 82 c9 44 68 2b 24 ff e2 61  |lB..#...Dh+$..a
../ssl_tls.c:4229: 0x7ffd1518c5d0: 0380:  2a c4 e6 65 fa 6f 42 09 83 19 11 87 d7 7e e3 80  *..e.oB......~..
../ssl_tls.c:4229: 0x7ffd1518c5d0: 0390:  1d 19 65 66 48 ca 21 00 fd 1f 4d 93 a9 85 78 88  ..efH.!...M...x.
../ssl_tls.c:4229: 0x7ffd1518c5d0: 03a0:  fc ea 35 a4 9c 3b de f4 65 05 95 1c 48 a8 f0 89  ..5..;..e...H...
../ssl_tls.c:4229: 0x7ffd1518c5d0: 03b0:  6c 58 09 73 fc a6 0b 30 26 65 d1 77 7f 41 8a 18  lX.s...0&e.w.A..
../ssl_tls.c:4229: 0x7ffd1518c5d0: 03c0:  50 7e c1 1f e2 13 75 47 30 34 5c e8 cc f9 16 73  P~....uG04\....s
../ssl_tls.c:4229: 0x7ffd1518c5d0: 03d0:  aa 7f bb 84 6d 19 a2 33 08 eb 26 9e 1b 26 82 30  ....m..3..&..&.0
../ssl_tls.c:4229: 0x7ffd1518c5d0: 03e0:  da 62 da e9 05 b3 b8 80 e3 06 f9 c1 3c 62 13 7e  .b..........<b.~
../ssl_tls.c:4229: 0x7ffd1518c5d0: 03f0:  3d ce 7c 43 ed e7 de db e5 8b 09 7f 5c 81 a8 4b  =.|C........\..K
../ssl_tls.c:4229: 0x7ffd1518c5d0: 0400:  d1 c3 7f 11 90 10 53 ab 8b d8 24 15 51 33 54 4f  ......S...$.Q3TO
../ssl_tls.c:4229: 0x7ffd1518c5d0: 0410:  bc 59 db 31 16 81 1b 8b 0e 3e fa a0 90 b9 51 c6  .Y.1.....>....Q.
../ssl_tls.c:4229: 0x7ffd1518c5d0: 0420:  cc b6 04 93 70 31 b6 88 16 b1 3c b9 76 a4 4a 2a  ....p1....<.v.J*
../ssl_tls.c:4229: 0x7ffd1518c5d0: 0430:  11 06 fb 67 ef aa be 79 77 af e3 eb e6 03 80 f2  ...g...yw.......
../ssl_tls.c:4229: 0x7ffd1518c5d0: 0440:  7c 0c 33 cc 8d a4 1a 96 fc 41 bb 62 1c d7 85 8b  |.3......A.b....
../ssl_tls.c:4229: 0x7ffd1518c5d0: 0450:  93 b9 ee f1 31 52 10 67 ce 54 39 bd 21 14 7a 57  ....1R.g.T9.!.zW
../ssl_tls.c:4229: 0x7ffd1518c5d0: 0460:  5c 10 c5 cb 31 e8 9f 84 71 35 3d f6 5f 19 73 bb  \...1...q5=._.s.
../ssl_tls.c:4229: 0x7ffd1518c5d0: 0470:  43 85 a1 80 1a bd f2 11 76 aa c6 82 b5 3a c3 eb  C.......v....:..
../ssl_tls.c:4229: 0x7ffd1518c5d0: 0480:  7f a3 69 e7 f0 12 84 ba aa 28 f3 e6 42 ad 7a 56  ..i......(..B.zV
../ssl_tls.c:4229: 0x7ffd1518c5d0: 0490:  4b da af 3d b8 f6 79 41 73 b8 e1 ac 96 bf ce 25  K..=..yAs......%
../ssl_tls.c:4229: 0x7ffd1518c5d0: 04a0:  da f7 6e 69 39 54 7b 5e af be 00 a7 48 ec 70 47  ..ni9T{^....H.pG
../ssl_tls.c:4229: 0x7ffd1518c5d0: 04b0:  24 4c bc cd b6 c6 a0 f0 fc bc 67 4e a3 d3 2a 7b  $L........gN..*{
../ssl_tls.c:4229: 0x7ffd1518c5d0: 04c0:  59 94 73 22 21 43 ea b5 ba 7a 6b c8 95 7c c1 bb  Y.s"!C...zk..|..
../ssl_tls.c:4229: 0x7ffd1518c5d0: 04d0:  31 c7 9f 6b 49 00 7c c8 b4 e6 0e 50 42 02 b0 68  1..kI.|....PB..h
../ssl_tls.c:4229: 0x7ffd1518c5d0: 04e0:  11 d0 7f 3d 19 48 6d 6c 85 55 35 e5 b1 fb 9e 21  ...=.Hml.U5....!
../ssl_tls.c:4229: 0x7ffd1518c5d0: 04f0:  8c 1d ad 75 3f d5 b7 f5 da 3c 06 ae 9b 86 e3 5b  ...u?....<.....[
../ssl_tls.c:4229: 0x7ffd1518c5d0: 0500:  b4 32 ce ce f7 29 1b a9 ac 8d 73 f6 3a df 52 6e  .2...)....s.:.Rn
../ssl_tls.c:4229: 0x7ffd1518c5d0: 0510:  a8 1f ee 71 fd eb 28 05 c1 9f a0 59 07 01 46 2a  ...q..(....Y..F*
../ssl_tls.c:4229: 0x7ffd1518c5d0: 0520:  b9 49 2a 85 a8 36 b0 19 cf 24 20 c6 ec 1a 43 96  .I*..6...$ ...C.
../ssl_tls.c:4229: 0x7ffd1518c5d0: 0530:  f4 75 22 a0 08 52 91 73 53 d1 15 d4 4b bc fc 10  .u"..R.sS...K...
../ssl_tls.c:4229: 0x7ffd1518c5d0: 0540:  43 a9 49 be 36 42 5e d1 2c                       C.I.6B^.,
../ssl_tls.c:1793: 0x7ffd1518c5d0: => decrypt buf
../ssl_tls.c:1880: 0x7ffd1518c5d0: dumping 'additional data for AEAD' (13 bytes)
../ssl_tls.c:1880: 0x7ffd1518c5d0: 0000:  00 00 00 00 00 00 00 01 17 03 03 05 2c           ............,
../ssl_tls.c:1909: 0x7ffd1518c5d0: dumping 'IV used' (12 bytes)
../ssl_tls.c:1909: 0x7ffd1518c5d0: 0000:  b3 23 74 39 00 00 00 00 00 00 00 01              .#t9........
../ssl_tls.c:1910: 0x7ffd1518c5d0: dumping 'TAG used' (16 bytes)
../ssl_tls.c:1910: 0x7ffd1518c5d0: 0000:  d1 15 d4 4b bc fc 10 43 a9 49 be 36 42 5e d1 2c  ...K...C.I.6B^.,
Streaming decrypt CCM
../ssl_tls.c:1922: 0x7ffd1518c5d0: mbedtls_cipher_auth_decrypt() returned -25344 (-0x6300)
../ssl_tls.c:4252: 0x7ffd1518c5d0: ssl_decrypt_buf() returned -29056 (-0x7180)
../ssl_tls.c:5247: 0x7ffd1518c5d0: => send alert message
../ssl_tls.c:5248: 0x7ffd1518c5d0: send alert level=2 message=20
../ssl_tls.c:3340: 0x7ffd1518c5d0: => write record
../ssl_tls.c:1444: 0x7ffd1518c5d0: => encrypt buf
../ssl_tls.c:1454: 0x7ffd1518c5d0: dumping 'before encrypt: output payload' (2 bytes)
../ssl_tls.c:1454: 0x7ffd1518c5d0: 0000:  02 14                                            ..
../ssl_tls.c:1573: 0x7ffd1518c5d0: dumping 'additional data for AEAD' (13 bytes)
../ssl_tls.c:1573: 0x7ffd1518c5d0: 0000:  00 00 00 00 00 00 00 01 15 03 03 00 02           .............
../ssl_tls.c:1603: 0x7ffd1518c5d0: dumping 'IV used (internal)' (12 bytes)
../ssl_tls.c:1603: 0x7ffd1518c5d0: 0000:  a6 c5 b8 8a 00 00 00 00 00 00 00 01              ............
../ssl_tls.c:1605: 0x7ffd1518c5d0: dumping 'IV used (transmitted)' (8 bytes)
../ssl_tls.c:1605: 0x7ffd1518c5d0: 0000:  00 00 00 00 00 00 00 01                          ........
../ssl_tls.c:1615: 0x7ffd1518c5d0: before encrypt: msglen = 10, including 0 bytes of padding
Streaming encrypt CCM
../ssl_tls.c:1642: 0x7ffd1518c5d0: dumping 'after encrypt: tag' (16 bytes)
../ssl_tls.c:1642: 0x7ffd1518c5d0: 0000:  48 f5 82 44 04 5c 53 41 5e 3a f8 64 1e 84 0a ab  H..D.\SA^:.d....
../ssl_tls.c:1780: 0x7ffd1518c5d0: <= encrypt buf
../ssl_tls.c:3417: 0x7ffd1518c5d0: output record: msgtype = 21, version = [3:3], msglen = 26
../ssl_tls.c:3422: 0x7ffd1518c5d0: dumping 'output record sent to network' (31 bytes)
../ssl_tls.c:3422: 0x7ffd1518c5d0: 0000:  15 03 03 00 1a 00 00 00 00 00 00 00 01 f9 60 48  ..............`H
../ssl_tls.c:3422: 0x7ffd1518c5d0: 0010:  f5 82 44 04 5c 53 41 5e 3a f8 64 1e 84 0a ab     ..D.\SA^:.d....
../ssl_tls.c:2754: 0x7ffd1518c5d0: => flush output
../ssl_tls.c:2772: 0x7ffd1518c5d0: message length: 31, out_left: 31
../ssl_tls.c:2778: 0x7ffd1518c5d0: ssl->f_send() returned 31 (-0xffffffe1)
../ssl_tls.c:2806: 0x7ffd1518c5d0: <= flush output
../ssl_tls.c:3473: 0x7ffd1518c5d0: <= write record
../ssl_tls.c:5260: 0x7ffd1518c5d0: <= send alert message
../ssl_tls.c:4341: 0x7ffd1518c5d0: ssl_get_next_record() returned -29056 (-0x7180)
../ssl_tls.c:8332: 0x7ffd1518c5d0: mbedtls_ssl_read_record() returned -29056 (-0x7180)
 mbedtls_ssl_read returned -0x7180
  . Closing the connection...../ssl_tls.c:8722: 0x7ffd1518c5d0: => write close notify
../ssl_tls.c:5247: 0x7ffd1518c5d0: => send alert message
../ssl_tls.c:5248: 0x7ffd1518c5d0: send alert level=1 message=0
../ssl_tls.c:3340: 0x7ffd1518c5d0: => write record
../ssl_tls.c:1444: 0x7ffd1518c5d0: => encrypt buf
../ssl_tls.c:1454: 0x7ffd1518c5d0: dumping 'before encrypt: output payload' (2 bytes)
../ssl_tls.c:1454: 0x7ffd1518c5d0: 0000:  01 00                                            ..
../ssl_tls.c:1573: 0x7ffd1518c5d0: dumping 'additional data for AEAD' (13 bytes)
../ssl_tls.c:1573: 0x7ffd1518c5d0: 0000:  00 00 00 00 00 00 00 02 15 03 03 00 02           .............
../ssl_tls.c:1603: 0x7ffd1518c5d0: dumping 'IV used (internal)' (12 bytes)
../ssl_tls.c:1603: 0x7ffd1518c5d0: 0000:  a6 c5 b8 8a 00 00 00 00 00 00 00 02              ............
../ssl_tls.c:1605: 0x7ffd1518c5d0: dumping 'IV used (transmitted)' (8 bytes)
../ssl_tls.c:1605: 0x7ffd1518c5d0: 0000:  00 00 00 00 00 00 00 02                          ........
../ssl_tls.c:1615: 0x7ffd1518c5d0: before encrypt: msglen = 10, including 0 bytes of padding
Streaming encrypt CCM
../ssl_tls.c:1642: 0x7ffd1518c5d0: dumping 'after encrypt: tag' (16 bytes)
../ssl_tls.c:1642: 0x7ffd1518c5d0: 0000:  7c 8c e7 51 c9 b3 36 a5 70 42 07 f5 38 4e c0 ad  |..Q..6.pB..8N..
../ssl_tls.c:1780: 0x7ffd1518c5d0: <= encrypt buf
../ssl_tls.c:3417: 0x7ffd1518c5d0: output record: msgtype = 21, version = [3:3], msglen = 26
../ssl_tls.c:3422: 0x7ffd1518c5d0: dumping 'output record sent to network' (31 bytes)
../ssl_tls.c:3422: 0x7ffd1518c5d0: 0000:  15 03 03 00 1a 00 00 00 00 00 00 00 02 f3 de 7c  ...............|
../ssl_tls.c:3422: 0x7ffd1518c5d0: 0010:  8c e7 51 c9 b3 36 a5 70 42 07 f5 38 4e c0 ad     ..Q..6.pB..8N..
../ssl_tls.c:2754: 0x7ffd1518c5d0: => flush output
../ssl_tls.c:2772: 0x7ffd1518c5d0: message length: 31, out_left: 31
../ssl_tls.c:2778: 0x7ffd1518c5d0: ssl->f_send() returned 31 (-0xffffffe1)
../ssl_tls.c:2806: 0x7ffd1518c5d0: <= flush output
../ssl_tls.c:3473: 0x7ffd1518c5d0: <= write record
../ssl_tls.c:5260: 0x7ffd1518c5d0: <= send alert message
../ssl_tls.c:8738: 0x7ffd1518c5d0: <= write close notify
 ok
  . Waiting for a remote connection ...